;  LST file generated by mikroListExporter - v.2.0 
; Date/Time: 5/17/2016 9:52:56 PM
;----------------------------------------------

;Address Opcode 	ASM
0x0000	0x2864      	GOTO       100
_____DoICP:
;__Lib_System.c,6 :: 		
;__Lib_System.c,9 :: 		
0x0003	0x1283      	BCF        STATUS, 5
0x0004	0x1303      	BCF        STATUS, 6
0x0005	0x0826      	MOVF       ___DoICPAddr+1, 0
0x0006	0x008A      	MOVWF      PCLATH
;__Lib_System.c,10 :: 		
0x0007	0x0825      	MOVF       ___DoICPAddr, 0
0x0008	0x0082      	MOVWF      PCL
;__Lib_System.c,12 :: 		
L_end_____DoICP:
0x0009	0x0008      	RETURN
; end of _____DoICP
_Delay_22us:
;__Lib_Delays.c,15 :: 		void Delay_22us() {
;__Lib_Delays.c,16 :: 		Delay_us(22);
0x000A	0x300E      	MOVLW      14
0x000B	0x1283      	BCF        STATUS, 5
0x000C	0x1303      	BCF        STATUS, 6
0x000D	0x00FD      	MOVWF      R13
L_Delay_22us1:
0x000E	0x0BFD      	DECFSZ     R13, 1
0x000F	0x280E      	GOTO       L_Delay_22us1
0x0010	0x0000      	NOP
;__Lib_Delays.c,17 :: 		}
L_end_Delay_22us:
0x0011	0x0008      	RETURN
; end of _Delay_22us
_UART1_Init:
;__Lib_UART_c67.c,2 :: 		
;__Lib_UART_c67.c,5 :: 		
0x0012	0x1683      	BSF        STATUS, 5
0x0013	0x1303      	BCF        STATUS, 6
0x0014	0x1698      	BSF        TXSTA, 5
;__Lib_UART_c67.c,6 :: 		
0x0015	0x3090      	MOVLW      144
0x0016	0x1283      	BCF        STATUS, 5
0x0017	0x0098      	MOVWF      RCSTA
;__Lib_UART_c67.c,7 :: 		
0x0018	0x1683      	BSF        STATUS, 5
0x0019	0x1787      	BSF        TRISC7_bit, BitPos(TRISC7_bit+0)
;__Lib_UART_c67.c,8 :: 		
0x001A	0x1307      	BCF        TRISC6_bit, BitPos(TRISC6_bit+0)
;__Lib_UART_c67.c,10 :: 		
L_UART1_Init0:
0x001B	0x1283      	BCF        STATUS, 5
0x001C	0x1E8C      	BTFSS      PIR1, 5
0x001D	0x2821      	GOTO       L_UART1_Init1
;__Lib_UART_c67.c,11 :: 		
0x001E	0x081A      	MOVF       RCREG, 0
0x001F	0x00F0      	MOVWF      R0
0x0020	0x281B      	GOTO       L_UART1_Init0
L_UART1_Init1:
;__Lib_UART_c67.c,12 :: 		
L_end_UART1_Init:
0x0021	0x0008      	RETURN
; end of _UART1_Init
_ADC_Init:
;__Lib_ADC_A_C.c,9 :: 		
;__Lib_ADC_A_C.c,10 :: 		
0x0022	0x30FF      	MOVLW      _ADC_Get_Sample
0x0023	0x1283      	BCF        STATUS, 5
0x0024	0x1303      	BCF        STATUS, 6
0x0025	0x00A2      	MOVWF      _ADC_Get_Sample_Ptr
0x0026	0x30FF      	MOVLW      hi_addr(_ADC_Get_Sample)
0x0027	0x00A3      	MOVWF      _ADC_Get_Sample_Ptr+1
0x0028	0x30FF      	MOVLW      FARG_ADC_Get_Sample_channel
0x0029	0x00A4      	MOVWF      _ADC_Get_Sample_Ptr+2
0x002A	0x30FF      	MOVLW      hi_addr(FARG_ADC_Get_Sample_channel)
;__Lib_ADC_A_C.c,12 :: 		
0x002B	0x019F      	CLRF       ADCON0
;__Lib_ADC_A_C.c,13 :: 		
0x002C	0x30C0      	MOVLW      192
0x002D	0x049F      	IORWF      ADCON0, 1
;__Lib_ADC_A_C.c,14 :: 		
0x002E	0x1683      	BSF        STATUS, 5
0x002F	0x171F      	BSF        ADCON1, 6
;__Lib_ADC_A_C.c,15 :: 		
0x0030	0x179F      	BSF        ADCON1, 7
;__Lib_ADC_A_C.c,18 :: 		
0x0031	0x1283      	BCF        STATUS, 5
0x0032	0x141F      	BSF        ADCON0, 0
;__Lib_ADC_A_C.c,19 :: 		
L_end_ADC_Init:
0x0033	0x0008      	RETURN
; end of _ADC_Init
___CC2DW:
;__Lib_System.c,134 :: 		
;__Lib_System.c,137 :: 		
_CC2D_Loop1:
;__Lib_System.c,139 :: 		
0x0034	0x2003      	CALL       _____DoICP
0x0035	0x118A      	BCF        PCLATH, 3
0x0036	0x120A      	BCF        PCLATH, 4
;__Lib_System.c,141 :: 		
0x0037	0x0080      	MOVWF      INDF
;__Lib_System.c,142 :: 		
0x0038	0x0A84      	INCF       FSR, 1
;__Lib_System.c,143 :: 		
0x0039	0x0AA5      	INCF       ___DoICPAddr, 1
;__Lib_System.c,145 :: 		
0x003A	0x1903      	BTFSC      STATUS, 2
;__Lib_System.c,146 :: 		
0x003B	0x0AA6      	INCF       ___DoICPAddr+1, 1
;__Lib_System.c,147 :: 		
0x003C	0x03F0      	DECF       R0, 1
;__Lib_System.c,149 :: 		
0x003D	0x1D03      	BTFSS      STATUS, 2
;__Lib_System.c,150 :: 		
0x003E	0x2834      	GOTO       _CC2D_Loop1
;__Lib_System.c,152 :: 		
L_end___CC2DW:
0x003F	0x0008      	RETURN
; end of ___CC2DW
_ADC_Read:
;__Lib_ADC_A_C.c,45 :: 		
;__Lib_ADC_A_C.c,47 :: 		
0x0040	0x1283      	BCF        STATUS, 5
0x0041	0x1303      	BCF        STATUS, 6
0x0042	0x019F      	CLRF       ADCON0
;__Lib_ADC_A_C.c,48 :: 		
0x0043	0x30C0      	MOVLW      192
0x0044	0x049F      	IORWF      ADCON0, 1
;__Lib_ADC_A_C.c,49 :: 		
0x0045	0x1683      	BSF        STATUS, 5
0x0046	0x171F      	BSF        ADCON1, 6
;__Lib_ADC_A_C.c,50 :: 		
0x0047	0x179F      	BSF        ADCON1, 7
;__Lib_ADC_A_C.c,51 :: 		
0x0048	0x1283      	BCF        STATUS, 5
0x0049	0x0827      	MOVF       FARG_ADC_Read_channel, 0
0x004A	0x00F0      	MOVWF      R0
0x004B	0x0DF0      	RLF        R0, 1
0x004C	0x1070      	BCF        R0, 0
0x004D	0x0DF0      	RLF        R0, 1
0x004E	0x1070      	BCF        R0, 0
0x004F	0x0DF0      	RLF        R0, 1
0x0050	0x1070      	BCF        R0, 0
0x0051	0x0870      	MOVF       R0, 0
0x0052	0x049F      	IORWF      ADCON0, 1
;__Lib_ADC_A_C.c,54 :: 		
0x0053	0x141F      	BSF        ADCON0, 0
;__Lib_ADC_A_C.c,57 :: 		
0x0054	0x200A      	CALL       _Delay_22us
;__Lib_ADC_A_C.c,60 :: 		
0x0055	0x151F      	BSF        ADCON0, 2
;__Lib_ADC_A_C.c,63 :: 		
L_ADC_Read2:
0x0056	0x1D1F      	BTFSS      ADCON0, 2
0x0057	0x285A      	GOTO       L_ADC_Read3
;__Lib_ADC_A_C.c,64 :: 		
0x0058	0x0000      	NOP
0x0059	0x2856      	GOTO       L_ADC_Read2
L_ADC_Read3:
;__Lib_ADC_A_C.c,67 :: 		
0x005A	0x101F      	BCF        ADCON0, 0
;__Lib_ADC_A_C.c,70 :: 		
0x005B	0x081E      	MOVF       ADRESH, 0
0x005C	0x00F1      	MOVWF      R0+1
0x005D	0x01F0      	CLRF       R0
0x005E	0x1683      	BSF        STATUS, 5
0x005F	0x081E      	MOVF       ADRESL, 0
0x0060	0x04F0      	IORWF      R0, 1
0x0061	0x3000      	MOVLW      0
0x0062	0x04F1      	IORWF      R0+1, 1
;__Lib_ADC_A_C.c,71 :: 		
L_end_ADC_Read:
0x0063	0x0008      	RETURN
; end of _ADC_Read
_main:
;ADC.c,7 :: 		void main() {
;ADC.c,9 :: 		UART1_Init(9600);
0x0064	0x3033      	MOVLW      51
0x0065	0x1683      	BSF        STATUS, 5
0x0066	0x1303      	BCF        STATUS, 6
0x0067	0x0099      	MOVWF      SPBRG
0x0068	0x1518      	BSF        TXSTA, 2
0x0069	0x2012      	CALL       _UART1_Init
;ADC.c,10 :: 		ADC_Init();
0x006A	0x2022      	CALL       _ADC_Init
;ADC.c,11 :: 		TRISB0_bit = 0;
0x006B	0x1683      	BSF        STATUS, 5
0x006C	0x1006      	BCF        TRISB0_bit, BitPos(TRISB0_bit+0)
;ADC.c,13 :: 		while(1){
L_main0:
;ADC.c,14 :: 		valADC = ADC_Read(2);
0x006D	0x3002      	MOVLW      2
0x006E	0x1283      	BCF        STATUS, 5
0x006F	0x00A7      	MOVWF      FARG_ADC_Read_channel
0x0070	0x2040      	CALL       _ADC_Read
0x0071	0x0870      	MOVF       R0, 0
0x0072	0x1283      	BCF        STATUS, 5
0x0073	0x00A0      	MOVWF      _valADC
0x0074	0x0871      	MOVF       R0+1, 0
0x0075	0x00A1      	MOVWF      _valADC+1
;ADC.c,22 :: 		if(valADC<500){
0x0076	0x3080      	MOVLW      128
0x0077	0x0671      	XORWF      R0+1, 0
0x0078	0x00F2      	MOVWF      R2
0x0079	0x3080      	MOVLW      128
0x007A	0x3A01      	XORLW      1
0x007B	0x0272      	SUBWF      R2, 0
0x007C	0x1D03      	BTFSS      STATUS, 2
0x007D	0x2880      	GOTO       L__main5
0x007E	0x30F4      	MOVLW      244
0x007F	0x0270      	SUBWF      R0, 0
L__main5:
0x0080	0x1803      	BTFSC      STATUS, 0
0x0081	0x2884      	GOTO       L_main2
;ADC.c,23 :: 		PORTB.F0 = 1;
0x0082	0x1406      	BSF        PORTB, 0
;ADC.c,24 :: 		}
0x0083	0x2885      	GOTO       L_main3
L_main2:
;ADC.c,26 :: 		PORTB.F0 = 0;
0x0084	0x1006      	BCF        PORTB, 0
;ADC.c,27 :: 		}
L_main3:
;ADC.c,30 :: 		}
0x0085	0x286D      	GOTO       L_main0
;ADC.c,33 :: 		}
L_end_main:
0x0086	0x2886      	GOTO       $+0
; end of _main
Symbol List:
//** Routines locations **
//ADDRESS    SIZE    PROCEDURE
//----------------------------------------------
0x0003       [7]    _____DoICP
0x000A       [8]    _Delay_22us
0x0012      [16]    _UART1_Init
0x0022      [18]    _ADC_Init
0x0034      [12]    ___CC2DW
0x0040      [36]    _ADC_Read
0x0064      [35]    _main
//** Variables locations ** 
//ADDRESS    SIZE    VARIABLE
//----------------------------------------------
0x0000       [1]    INDF
0x0002       [1]    PCL
0x0003       [1]    STATUS
0x0004       [1]    FSR
0x0006       [1]    PORTB
0x000A       [1]    PCLATH
0x000C       [1]    PIR1
0x0018       [1]    RCSTA
0x001A       [1]    RCREG
0x001E       [1]    ADRESH
0x001F       [1]    ADCON0
0x0020       [2]    _valADC
0x0022       [3]    _ADC_Get_Sample_Ptr
0x0025       [2]    ___DoICPAddr
0x0027       [1]    FARG_ADC_Read_channel
0x0070       [1]    R0
0x0071       [1]    R1
0x0072       [1]    R2
0x0073       [1]    R3
0x0074       [1]    R4
0x0075       [1]    R5
0x0076       [1]    R6
0x0077       [1]    R7
0x0078       [1]    R8
0x0079       [1]    R9
0x007A       [1]    R10
0x007B       [1]    R11
0x007C       [1]    R12
0x007D       [1]    R13
0x007E       [1]    R14
0x007F       [1]    R15
0x0086       [0]    TRISB0_bit
0x0087       [0]    TRISC7_bit
0x0087       [0]    TRISC6_bit
0x0098       [1]    TXSTA
0x0099       [1]    SPBRG
0x009E       [1]    ADRESL
0x009F       [1]    ADCON1
//** Label List: ** 
//----------------------------------------------
  L_main0
  L_main1
  L_main2
  L_main3
  L_end_main
  _main
  L__main5
  L_ADC_Get_Sample0
  L_ADC_Get_Sample1
  L_ADC_Read2
  L_ADC_Read3
  L_end_ADC_Init
  _ADC_Init
  L_end_ADC_Get_Sample
  _ADC_Get_Sample
  L_end_ADC_Read
  _ADC_Read
  L_Delay_10us0
  L_Delay_22us1
  L_Delay_50us2
  L_Delay_80us3
  L_Delay_500us4
  L_Delay_5500us5
  L_Delay_1ms6
  L_Delay_5ms7
  L_Delay_8ms8
  L_Delay_10ms9
  L_Delay_100ms10
  L_Delay_1sec11
  L_boot16_Delay_5ms12
  L_Delay_Cyc13
  L_Delay_Cyc14
  L_VDelay_ms15
  L_VDelay_ms16
  L_VDelay_ms17
  L_VDelay_Advanced_ms18
  L_VDelay_Advanced_ms19
  L_VDelay_Advanced_ms20
  L_end_Get_Fosc_kHz
  _Get_Fosc_kHz
  L_end_Delay_1us
  _Delay_1us
  L_end_Delay_10us
  _Delay_10us
  L_end_Delay_22us
  _Delay_22us
  L_end_Delay_50us
  _Delay_50us
  L_end_Delay_80us
  _Delay_80us
  L_end_Delay_500us
  _Delay_500us
  L_end_Delay_5500us
  _Delay_5500us
  L_end_Delay_1ms
  _Delay_1ms
  L_end_Delay_5ms
  _Delay_5ms
  L_end_Delay_8ms
  _Delay_8ms
  L_end_Delay_10ms
  _Delay_10ms
  L_end_Delay_100ms
  _Delay_100ms
  L_end_Delay_1sec
  _Delay_1sec
  L_end_boot16_Delay_5ms
  _boot16_Delay_5ms
  L_end_Delay_Cyc
  _Delay_Cyc
  L_end_VDelay_ms
  _VDelay_ms
  L__VDelay_ms38
  L__VDelay_ms39
  L__VDelay_ms40
  L_end_VDelay_Advanced_ms
  _VDelay_Advanced_ms
  L__VDelay_Advanced_ms42
  L__VDelay_Advanced_ms43
  L__VDelay_Advanced_ms44
  L_loopCA2AWs
  L_CA2AWend
  _CCA2AW_Loop1
  L_loopCS2Ss
  L_CS2Send
  _CCS2S_Loop1
  L_CCS2Send
  L_loopFZinSWs
  L_FZinSend
  _CC2D_Loop1
  L_end_____DoICP
  _____DoICP
  L_end_____DoIFC
  _____DoIFC
  L_end___CA2AW
  ___CA2AW
  L_end___CCA2AW
  ___CCA2AW
  L_end___CS2S
  ___CS2S
  L_end___CCS2S
  ___CCS2S
  L_end___FZinS
  ___FZinS
  L_end___CC2DW
  ___CC2DW
  L_end_Swap
  _Swap
  L_UART1_Init0
  L_UART1_Init1
  L_UART1_Read2
  L_UART1_Write3
  L_UART1_Write4
  L_UART1_Write_Text5
  L_UART1_Write_Text6
  L_UART1_Read_Text7
  L_UART1_Read_Text8
  L_UART1_Read_Text9
  L_UART1_Read_Text10
  L_UART1_Read_Text11
  L_UART1_Read_Text12
  L_UART1_Read_Text13
  L_UART1_Read_Text14
  L_UART1_Read_Text15
  L_end_UART1_Init
  _UART1_Init
  L_end_UART1_Data_Ready
  _UART1_Data_Ready
  L_end_UART1_Read
  _UART1_Read
  L_end_UART1_Tx_Idle
  _UART1_Tx_Idle
  L_end_UART1_Write
  _UART1_Write
  L_end_UART1_Write_Text
  _UART1_Write_Text
  L_end_UART1_Read_Text
  _UART1_Read_Text
