;  LST file generated by mikroListExporter - v.2.0 
; Date/Time: 9/6/2016 4:45:12 AM
;----------------------------------------------

;Address Opcode 	ASM
0x0000	0x2B33      	GOTO       819
_Delay_50us:
;__Lib_Delays.c,19 :: 		void Delay_50us() {
;__Lib_Delays.c,20 :: 		Delay_us(50);
0x0003	0x3053      	MOVLW      83
0x0004	0x1283      	BCF        STATUS, 5
0x0005	0x1303      	BCF        STATUS, 6
0x0006	0x00FD      	MOVWF      R13
L_Delay_50us2:
0x0007	0x0BFD      	DECFSZ     R13, 1
0x0008	0x2807      	GOTO       L_Delay_50us2
;__Lib_Delays.c,21 :: 		}
L_end_Delay_50us:
0x0009	0x0008      	RETURN
; end of _Delay_50us
_Delay_1us:
;__Lib_Delays.c,7 :: 		void Delay_1us() {
;__Lib_Delays.c,8 :: 		Delay_us(1);
0x000A	0x0000      	NOP
0x000B	0x0000      	NOP
0x000C	0x0000      	NOP
0x000D	0x0000      	NOP
0x000E	0x0000      	NOP
;__Lib_Delays.c,9 :: 		}
L_end_Delay_1us:
0x000F	0x0008      	RETURN
; end of _Delay_1us
_Delay_5500us:
;__Lib_Delays.c,31 :: 		void Delay_5500us() {
;__Lib_Delays.c,32 :: 		Delay_us(5500);
0x0010	0x3024      	MOVLW      36
0x0011	0x1283      	BCF        STATUS, 5
0x0012	0x1303      	BCF        STATUS, 6
0x0013	0x00FC      	MOVWF      R12
0x0014	0x30B5      	MOVLW      181
0x0015	0x00FD      	MOVWF      R13
L_Delay_5500us5:
0x0016	0x0BFD      	DECFSZ     R13, 1
0x0017	0x2816      	GOTO       L_Delay_5500us5
0x0018	0x0BFC      	DECFSZ     R12, 1
0x0019	0x2816      	GOTO       L_Delay_5500us5
0x001A	0x0000      	NOP
0x001B	0x0000      	NOP
;__Lib_Delays.c,33 :: 		}
L_end_Delay_5500us:
0x001C	0x0008      	RETURN
; end of _Delay_5500us
_SETFUN32:
;__Lib_MathDouble.c,138 :: 		
;__Lib_MathDouble.c,145 :: 		
0x001D	0x157B      	BSF        R11, 2
;__Lib_MathDouble.c,146 :: 		
0x001E	0x1FFB      	BTFSS      R11, 7
;__Lib_MathDouble.c,147 :: 		
0x001F	0x2827      	GOTO       SETFUN32EEE
;__Lib_MathDouble.c,148 :: 		
0x0020	0x3001      	MOVLW      1
;__Lib_MathDouble.c,149 :: 		
0x0021	0x00F3      	MOVWF      R3
;__Lib_MathDouble.c,150 :: 		
0x0022	0x01F2      	CLRF       R2
;__Lib_MathDouble.c,151 :: 		
0x0023	0x01F1      	CLRF       R1
;__Lib_MathDouble.c,152 :: 		
0x0024	0x01F0      	CLRF       R0
;__Lib_MathDouble.c,153 :: 		
0x0025	0x0DFA      	RLF        R10, 1
;__Lib_MathDouble.c,154 :: 		
0x0026	0x0CF2      	RRF        R2, 1
;__Lib_MathDouble.c,155 :: 		
SETFUN32EEE:
;__Lib_MathDouble.c,156 :: 		
0x0027	0x30FF      	MOVLW      255
;__Lib_MathDouble.c,158 :: 		
L_end_SETFUN32:
0x0028	0x0008      	RETURN
; end of _SETFUN32
_Lcd_Cmd:
;__Lib_Lcd.c,18 :: 		
;__Lib_Lcd.c,20 :: 		
0x0029	0x1683      	BSF        STATUS, 5
0x002A	0x1303      	BCF        STATUS, 6
0x002B	0x1BA2      	BTFSC      FARG_Lcd_Cmd_out_char, 7
0x002C	0x2830      	GOTO       L__Lcd_Cmd21
0x002D	0x1283      	BCF        STATUS, 5
0x002E	0x1186      	BCF        LCD_D7, BitPos(LCD_D7+0)
0x002F	0x2832      	GOTO       L__Lcd_Cmd22
L__Lcd_Cmd21:
0x0030	0x1283      	BCF        STATUS, 5
0x0031	0x1586      	BSF        LCD_D7, BitPos(LCD_D7+0)
L__Lcd_Cmd22:
;__Lib_Lcd.c,21 :: 		
0x0032	0x1683      	BSF        STATUS, 5
0x0033	0x1B22      	BTFSC      FARG_Lcd_Cmd_out_char, 6
0x0034	0x2838      	GOTO       L__Lcd_Cmd23
0x0035	0x1283      	BCF        STATUS, 5
0x0036	0x1106      	BCF        LCD_D6, BitPos(LCD_D6+0)
0x0037	0x283A      	GOTO       L__Lcd_Cmd24
L__Lcd_Cmd23:
0x0038	0x1283      	BCF        STATUS, 5
0x0039	0x1506      	BSF        LCD_D6, BitPos(LCD_D6+0)
L__Lcd_Cmd24:
;__Lib_Lcd.c,22 :: 		
0x003A	0x1683      	BSF        STATUS, 5
0x003B	0x1AA2      	BTFSC      FARG_Lcd_Cmd_out_char, 5
0x003C	0x2840      	GOTO       L__Lcd_Cmd25
0x003D	0x1283      	BCF        STATUS, 5
0x003E	0x1086      	BCF        LCD_D5, BitPos(LCD_D5+0)
0x003F	0x2842      	GOTO       L__Lcd_Cmd26
L__Lcd_Cmd25:
0x0040	0x1283      	BCF        STATUS, 5
0x0041	0x1486      	BSF        LCD_D5, BitPos(LCD_D5+0)
L__Lcd_Cmd26:
;__Lib_Lcd.c,23 :: 		
0x0042	0x1683      	BSF        STATUS, 5
0x0043	0x1A22      	BTFSC      FARG_Lcd_Cmd_out_char, 4
0x0044	0x2848      	GOTO       L__Lcd_Cmd27
0x0045	0x1283      	BCF        STATUS, 5
0x0046	0x1006      	BCF        LCD_D4, BitPos(LCD_D4+0)
0x0047	0x284A      	GOTO       L__Lcd_Cmd28
L__Lcd_Cmd27:
0x0048	0x1283      	BCF        STATUS, 5
0x0049	0x1406      	BSF        LCD_D4, BitPos(LCD_D4+0)
L__Lcd_Cmd28:
;__Lib_Lcd.c,25 :: 		
0x004A	0x1840      	BTFSC      __Lib_Lcd_cmd_status, BitPos(__Lib_Lcd_cmd_status+0)
0x004B	0x284E      	GOTO       L__Lcd_Cmd29
0x004C	0x1606      	BSF        LCD_RS, BitPos(LCD_RS+0)
0x004D	0x284F      	GOTO       L__Lcd_Cmd30
L__Lcd_Cmd29:
0x004E	0x1206      	BCF        LCD_RS, BitPos(LCD_RS+0)
L__Lcd_Cmd30:
;__Lib_Lcd.c,28 :: 		
0x004F	0x1686      	BSF        LCD_EN, BitPos(LCD_EN+0)
;__Lib_Lcd.c,29 :: 		
0x0050	0x200A      	CALL       _Delay_1us
;__Lib_Lcd.c,30 :: 		
0x0051	0x1286      	BCF        LCD_EN, BitPos(LCD_EN+0)
;__Lib_Lcd.c,33 :: 		
0x0052	0x1683      	BSF        STATUS, 5
0x0053	0x19A2      	BTFSC      FARG_Lcd_Cmd_out_char, 3
0x0054	0x2858      	GOTO       L__Lcd_Cmd31
0x0055	0x1283      	BCF        STATUS, 5
0x0056	0x1186      	BCF        LCD_D7, BitPos(LCD_D7+0)
0x0057	0x285A      	GOTO       L__Lcd_Cmd32
L__Lcd_Cmd31:
0x0058	0x1283      	BCF        STATUS, 5
0x0059	0x1586      	BSF        LCD_D7, BitPos(LCD_D7+0)
L__Lcd_Cmd32:
;__Lib_Lcd.c,34 :: 		
0x005A	0x1683      	BSF        STATUS, 5
0x005B	0x1922      	BTFSC      FARG_Lcd_Cmd_out_char, 2
0x005C	0x2860      	GOTO       L__Lcd_Cmd33
0x005D	0x1283      	BCF        STATUS, 5
0x005E	0x1106      	BCF        LCD_D6, BitPos(LCD_D6+0)
0x005F	0x2862      	GOTO       L__Lcd_Cmd34
L__Lcd_Cmd33:
0x0060	0x1283      	BCF        STATUS, 5
0x0061	0x1506      	BSF        LCD_D6, BitPos(LCD_D6+0)
L__Lcd_Cmd34:
;__Lib_Lcd.c,35 :: 		
0x0062	0x1683      	BSF        STATUS, 5
0x0063	0x18A2      	BTFSC      FARG_Lcd_Cmd_out_char, 1
0x0064	0x2868      	GOTO       L__Lcd_Cmd35
0x0065	0x1283      	BCF        STATUS, 5
0x0066	0x1086      	BCF        LCD_D5, BitPos(LCD_D5+0)
0x0067	0x286A      	GOTO       L__Lcd_Cmd36
L__Lcd_Cmd35:
0x0068	0x1283      	BCF        STATUS, 5
0x0069	0x1486      	BSF        LCD_D5, BitPos(LCD_D5+0)
L__Lcd_Cmd36:
;__Lib_Lcd.c,36 :: 		
0x006A	0x1683      	BSF        STATUS, 5
0x006B	0x1822      	BTFSC      FARG_Lcd_Cmd_out_char, 0
0x006C	0x2870      	GOTO       L__Lcd_Cmd37
0x006D	0x1283      	BCF        STATUS, 5
0x006E	0x1006      	BCF        LCD_D4, BitPos(LCD_D4+0)
0x006F	0x2872      	GOTO       L__Lcd_Cmd38
L__Lcd_Cmd37:
0x0070	0x1283      	BCF        STATUS, 5
0x0071	0x1406      	BSF        LCD_D4, BitPos(LCD_D4+0)
L__Lcd_Cmd38:
;__Lib_Lcd.c,38 :: 		
0x0072	0x1840      	BTFSC      __Lib_Lcd_cmd_status, BitPos(__Lib_Lcd_cmd_status+0)
0x0073	0x2876      	GOTO       L__Lcd_Cmd39
0x0074	0x1606      	BSF        LCD_RS, BitPos(LCD_RS+0)
0x0075	0x2877      	GOTO       L__Lcd_Cmd40
L__Lcd_Cmd39:
0x0076	0x1206      	BCF        LCD_RS, BitPos(LCD_RS+0)
L__Lcd_Cmd40:
;__Lib_Lcd.c,40 :: 		
0x0077	0x1686      	BSF        LCD_EN, BitPos(LCD_EN+0)
;__Lib_Lcd.c,41 :: 		
0x0078	0x200A      	CALL       _Delay_1us
;__Lib_Lcd.c,42 :: 		
0x0079	0x1286      	BCF        LCD_EN, BitPos(LCD_EN+0)
;__Lib_Lcd.c,44 :: 		
0x007A	0x1C40      	BTFSS      __Lib_Lcd_cmd_status, BitPos(__Lib_Lcd_cmd_status+0)
0x007B	0x287E      	GOTO       L_Lcd_Cmd0
;__Lib_Lcd.c,45 :: 		
0x007C	0x2010      	CALL       _Delay_5500us
0x007D	0x287F      	GOTO       L_Lcd_Cmd1
L_Lcd_Cmd0:
;__Lib_Lcd.c,47 :: 		
0x007E	0x2003      	CALL       _Delay_50us
L_Lcd_Cmd1:
;__Lib_Lcd.c,48 :: 		
L_end_Lcd_Cmd:
0x007F	0x0008      	RETURN
; end of _Lcd_Cmd
_RES032:
;__Lib_MathDouble.c,123 :: 		
;__Lib_MathDouble.c,128 :: 		
0x0080	0x01F2      	CLRF       R2
;__Lib_MathDouble.c,129 :: 		
0x0081	0x01F1      	CLRF       R1
;__Lib_MathDouble.c,130 :: 		
0x0082	0x01F0      	CLRF       R0
;__Lib_MathDouble.c,131 :: 		
0x0083	0x01F8      	CLRF       R8
;__Lib_MathDouble.c,132 :: 		
0x0084	0x01F3      	CLRF       R3
;__Lib_MathDouble.c,133 :: 		
0x0085	0x3000      	MOVLW      0
;__Lib_MathDouble.c,135 :: 		
L_end_RES032:
0x0086	0x0008      	RETURN
; end of _RES032
_FIXSIGN32:
;__Lib_MathDouble.c,112 :: 		
;__Lib_MathDouble.c,116 :: 		
0x0087	0x1FFA      	BTFSS      R10, 7
;__Lib_MathDouble.c,117 :: 		
0x0088	0x13F2      	BCF        R2, 7
;__Lib_MathDouble.c,118 :: 		
0x0089	0x3000      	MOVLW      0
;__Lib_MathDouble.c,120 :: 		
L_end_FIXSIGN32:
0x008A	0x0008      	RETURN
; end of _FIXSIGN32
_Div_16x16_U:
;__Lib_Math.c,215 :: 		
;__Lib_Math.c,222 :: 		
0x008B	0x1283      	BCF        STATUS, 5
;__Lib_Math.c,223 :: 		
0x008C	0x1303      	BCF        STATUS, 6
;__Lib_Math.c,224 :: 		
0x008D	0x01F8      	CLRF       R8
;__Lib_Math.c,225 :: 		
0x008E	0x01F9      	CLRF       R9
;__Lib_Math.c,226 :: 		
0x008F	0x3010      	MOVLW      16
;__Lib_Math.c,227 :: 		
0x0090	0x00FC      	MOVWF      R12
;__Lib_Math.c,228 :: 		
0x0091	0x0D71      	RLF        R1, 0
;__Lib_Math.c,229 :: 		
0x0092	0x0DF8      	RLF        R8, 1
;__Lib_Math.c,230 :: 		
0x0093	0x0DF9      	RLF        R9, 1
;__Lib_Math.c,231 :: 		
0x0094	0x0874      	MOVF       R4, 0
;__Lib_Math.c,232 :: 		
0x0095	0x02F8      	SUBWF      R8, 1
;__Lib_Math.c,233 :: 		
0x0096	0x0875      	MOVF       R5, 0
;__Lib_Math.c,234 :: 		
0x0097	0x1C03      	BTFSS      STATUS, 0
;__Lib_Math.c,235 :: 		
0x0098	0x0F75      	INCFSZ     R5, 0
;__Lib_Math.c,236 :: 		
0x0099	0x02F9      	SUBWF      R9, 1
;__Lib_Math.c,237 :: 		
0x009A	0x1803      	BTFSC      STATUS, 0
;__Lib_Math.c,238 :: 		
0x009B	0x28A3      	GOTO       $+8
;__Lib_Math.c,239 :: 		
0x009C	0x0874      	MOVF       R4, 0
;__Lib_Math.c,240 :: 		
0x009D	0x07F8      	ADDWF      R8, 1
;__Lib_Math.c,241 :: 		
0x009E	0x0875      	MOVF       R5, 0
;__Lib_Math.c,242 :: 		
0x009F	0x1803      	BTFSC      STATUS, 0
;__Lib_Math.c,243 :: 		
0x00A0	0x0F75      	INCFSZ     R5, 0
;__Lib_Math.c,244 :: 		
0x00A1	0x07F9      	ADDWF      R9, 1
;__Lib_Math.c,245 :: 		
0x00A2	0x1003      	BCF        STATUS, 0
;__Lib_Math.c,246 :: 		
0x00A3	0x0DF0      	RLF        R0, 1
;__Lib_Math.c,247 :: 		
0x00A4	0x0DF1      	RLF        R1, 1
;__Lib_Math.c,248 :: 		
0x00A5	0x0BFC      	DECFSZ     R12, 1
;__Lib_Math.c,249 :: 		
0x00A6	0x2891      	GOTO       $-21
;__Lib_Math.c,251 :: 		
L_end_Div_16x16_U:
0x00A7	0x0008      	RETURN
; end of _Div_16x16_U
_SETFOV32:
;__Lib_MathDouble.c,79 :: 		
;__Lib_MathDouble.c,86 :: 		
0x00A8	0x14FB      	BSF        R11, 1
;__Lib_MathDouble.c,87 :: 		
0x00A9	0x1FFB      	BTFSS      R11, 7
;__Lib_MathDouble.c,88 :: 		
0x00AA	0x28B2      	GOTO       SETFOV32EEE
;__Lib_MathDouble.c,89 :: 		
0x00AB	0x30FF      	MOVLW      255
;__Lib_MathDouble.c,90 :: 		
0x00AC	0x00F3      	MOVWF      R3
;__Lib_MathDouble.c,91 :: 		
0x00AD	0x00F2      	MOVWF      R2
;__Lib_MathDouble.c,92 :: 		
0x00AE	0x00F1      	MOVWF      R1
;__Lib_MathDouble.c,93 :: 		
0x00AF	0x00F0      	MOVWF      R0
;__Lib_MathDouble.c,94 :: 		
0x00B0	0x0DFA      	RLF        R10, 1
;__Lib_MathDouble.c,95 :: 		
0x00B1	0x0CF2      	RRF        R2, 1
;__Lib_MathDouble.c,96 :: 		
SETFOV32EEE:
;__Lib_MathDouble.c,97 :: 		
0x00B2	0x30FF      	MOVLW      255
;__Lib_MathDouble.c,99 :: 		
L_end_SETFOV32:
0x00B3	0x0008      	RETURN
; end of _SETFOV32
_____DoICP:
;__Lib_System.c,6 :: 		
;__Lib_System.c,9 :: 		
0x00B4	0x1283      	BCF        STATUS, 5
0x00B5	0x1303      	BCF        STATUS, 6
0x00B6	0x083F      	MOVF       ___DoICPAddr+1, 0
0x00B7	0x008A      	MOVWF      PCLATH
;__Lib_System.c,10 :: 		
0x00B8	0x083E      	MOVF       ___DoICPAddr, 0
0x00B9	0x0082      	MOVWF      PCL
;__Lib_System.c,12 :: 		
L_end_____DoICP:
0x00BA	0x0008      	RETURN
; end of _____DoICP
_NRM3232:
;__Lib_MathDouble.c,167 :: 		
;__Lib_MathDouble.c,173 :: 		
;__Lib_MathDouble.c,175 :: 		
0x00BB	0x01A0      	CLRF       __math_tempbD
;__Lib_MathDouble.c,176 :: 		
0x00BC	0x0872      	MOVF       R2, 0
;__Lib_MathDouble.c,177 :: 		
0x00BD	0x1D03      	BTFSS      STATUS, 2
;__Lib_MathDouble.c,178 :: 		
0x00BE	0x28D0      	GOTO       NORM3232
;__Lib_MathDouble.c,179 :: 		
0x00BF	0x0871      	MOVF       R1, 0
;__Lib_MathDouble.c,180 :: 		
0x00C0	0x00F2      	MOVWF      R2
;__Lib_MathDouble.c,181 :: 		
0x00C1	0x0870      	MOVF       R0, 0
;__Lib_MathDouble.c,182 :: 		
0x00C2	0x00F1      	MOVWF      R1
;__Lib_MathDouble.c,183 :: 		
0x00C3	0x01F0      	CLRF       R0
;__Lib_MathDouble.c,184 :: 		
0x00C4	0x15A0      	BSF        __math_tempbD, 3
;__Lib_MathDouble.c,186 :: 		
0x00C5	0x0872      	MOVF       R2, 0
;__Lib_MathDouble.c,187 :: 		
0x00C6	0x1D03      	BTFSS      STATUS, 2
;__Lib_MathDouble.c,188 :: 		
0x00C7	0x28D0      	GOTO       NORM3232
;__Lib_MathDouble.c,189 :: 		
0x00C8	0x0871      	MOVF       R1, 0
;__Lib_MathDouble.c,190 :: 		
0x00C9	0x00F2      	MOVWF      R2
;__Lib_MathDouble.c,191 :: 		
0x00CA	0x01F1      	CLRF       R1
;__Lib_MathDouble.c,192 :: 		
0x00CB	0x11A0      	BCF        __math_tempbD, 3
;__Lib_MathDouble.c,193 :: 		
0x00CC	0x1620      	BSF        __math_tempbD, 4
;__Lib_MathDouble.c,195 :: 		
0x00CD	0x0872      	MOVF       R2, 0
;__Lib_MathDouble.c,196 :: 		
0x00CE	0x1903      	BTFSC      STATUS, 2
;__Lib_MathDouble.c,197 :: 		
0x00CF	0x28DE      	GOTO       JPNRES032
;__Lib_MathDouble.c,198 :: 		
NORM3232:
;__Lib_MathDouble.c,199 :: 		
0x00D0	0x0820      	MOVF       __math_tempbD, 0
;__Lib_MathDouble.c,200 :: 		
0x00D1	0x02F3      	SUBWF      R3, 1
;__Lib_MathDouble.c,201 :: 		
0x00D2	0x1D03      	BTFSS      STATUS, 2
;__Lib_MathDouble.c,202 :: 		
0x00D3	0x1C03      	BTFSS      STATUS, 0
;__Lib_MathDouble.c,203 :: 		
0x00D4	0x28E2      	GOTO       JPNSETFUN32
;__Lib_MathDouble.c,204 :: 		
0x00D5	0x1003      	BCF        STATUS, 0
;__Lib_MathDouble.c,205 :: 		
NORM3232A:
;__Lib_MathDouble.c,206 :: 		
0x00D6	0x1BF2      	BTFSC      R2, 7
;__Lib_MathDouble.c,207 :: 		
0x00D7	0x28E6      	GOTO       JMPNFIXSIGN32
;__Lib_MathDouble.c,208 :: 		
0x00D8	0x0DF0      	RLF        R0, 1
;__Lib_MathDouble.c,209 :: 		
0x00D9	0x0DF1      	RLF        R1, 1
;__Lib_MathDouble.c,210 :: 		
0x00DA	0x0DF2      	RLF        R2, 1
;__Lib_MathDouble.c,211 :: 		
0x00DB	0x0BF3      	DECFSZ     R3, 1
;__Lib_MathDouble.c,212 :: 		
0x00DC	0x28D6      	GOTO       NORM3232A
;__Lib_MathDouble.c,213 :: 		
0x00DD	0x28E2      	GOTO       JPNSETFUN32
;__Lib_MathDouble.c,214 :: 		
JPNRES032:
;__Lib_MathDouble.c,215 :: 		
0x00DE	0x3001      	MOVLW      1
;__Lib_MathDouble.c,216 :: 		
0x00DF	0x00FC      	MOVWF      R12
;__Lib_MathDouble.c,218 :: 		
0x00E0	0x2080      	CALL       _RES032
;__Lib_MathDouble.c,220 :: 		
0x00E1	0x28E9      	GOTO       NORM32EEE
;__Lib_MathDouble.c,221 :: 		
JPNSETFUN32:
;__Lib_MathDouble.c,222 :: 		
0x00E2	0x3002      	MOVLW      2
;__Lib_MathDouble.c,223 :: 		
0x00E3	0x00FC      	MOVWF      R12
;__Lib_MathDouble.c,225 :: 		
0x00E4	0x201D      	CALL       _SETFUN32
;__Lib_MathDouble.c,227 :: 		
0x00E5	0x28E9      	GOTO       NORM32EEE
;__Lib_MathDouble.c,228 :: 		
JMPNFIXSIGN32:
;__Lib_MathDouble.c,229 :: 		
0x00E6	0x3004      	MOVLW      4
;__Lib_MathDouble.c,230 :: 		
0x00E7	0x00FC      	MOVWF      R12
;__Lib_MathDouble.c,232 :: 		
0x00E8	0x2087      	CALL       _FIXSIGN32
;__Lib_MathDouble.c,234 :: 		
NORM32EEE:
;__Lib_MathDouble.c,236 :: 		
L_end_NRM3232:
0x00E9	0x0008      	RETURN
; end of _NRM3232
_WordToStr:
;__Lib_Conversions.c,84 :: 		
;__Lib_Conversions.c,89 :: 		
0x00EA	0x1683      	BSF        STATUS, 5
0x00EB	0x1303      	BCF        STATUS, 6
0x00EC	0x01A0      	CLRF       WordToStr_len_L0
L_WordToStr6:
0x00ED	0x3005      	MOVLW      5
0x00EE	0x0220      	SUBWF      WordToStr_len_L0, 0
0x00EF	0x1803      	BTFSC      STATUS, 0
0x00F0	0x28F8      	GOTO       L_WordToStr7
;__Lib_Conversions.c,90 :: 		
0x00F1	0x0820      	MOVF       WordToStr_len_L0, 0
0x00F2	0x076F      	ADDWF      FARG_WordToStr_output, 0
0x00F3	0x0084      	MOVWF      FSR
0x00F4	0x3020      	MOVLW      32
0x00F5	0x0080      	MOVWF      INDF
;__Lib_Conversions.c,89 :: 		
0x00F6	0x0AA0      	INCF       WordToStr_len_L0, 1
;__Lib_Conversions.c,90 :: 		
0x00F7	0x28ED      	GOTO       L_WordToStr6
L_WordToStr7:
;__Lib_Conversions.c,91 :: 		
0x00F8	0x0820      	MOVF       WordToStr_len_L0, 0
0x00F9	0x076F      	ADDWF      FARG_WordToStr_output, 0
0x00FA	0x0084      	MOVWF      FSR
0x00FB	0x0180      	CLRF       INDF
0x00FC	0x03A0      	DECF       WordToStr_len_L0, 1
;__Lib_Conversions.c,93 :: 		
L_WordToStr9:
;__Lib_Conversions.c,94 :: 		
0x00FD	0x0820      	MOVF       WordToStr_len_L0, 0
0x00FE	0x076F      	ADDWF      FARG_WordToStr_output, 0
0x00FF	0x00A1      	MOVWF      FLOC__WordToStr
0x0100	0x300A      	MOVLW      10
0x0101	0x00F4      	MOVWF      R4
0x0102	0x01F5      	CLRF       R4+1
0x0103	0x086D      	MOVF       FARG_WordToStr_input, 0
0x0104	0x00F0      	MOVWF      R0
0x0105	0x086E      	MOVF       FARG_WordToStr_input+1, 0
0x0106	0x00F1      	MOVWF      R0+1
0x0107	0x208B      	CALL       _Div_16x16_U
0x0108	0x0878      	MOVF       R8, 0
0x0109	0x00F0      	MOVWF      R0
0x010A	0x0879      	MOVF       R8+1, 0
0x010B	0x00F1      	MOVWF      R0+1
0x010C	0x3030      	MOVLW      48
0x010D	0x07F0      	ADDWF      R0, 1
0x010E	0x1683      	BSF        STATUS, 5
0x010F	0x0821      	MOVF       FLOC__WordToStr, 0
0x0110	0x0084      	MOVWF      FSR
0x0111	0x0870      	MOVF       R0, 0
0x0112	0x0080      	MOVWF      INDF
;__Lib_Conversions.c,95 :: 		
0x0113	0x300A      	MOVLW      10
0x0114	0x00F4      	MOVWF      R4
0x0115	0x01F5      	CLRF       R4+1
0x0116	0x086D      	MOVF       FARG_WordToStr_input, 0
0x0117	0x00F0      	MOVWF      R0
0x0118	0x086E      	MOVF       FARG_WordToStr_input+1, 0
0x0119	0x00F1      	MOVWF      R0+1
0x011A	0x208B      	CALL       _Div_16x16_U
0x011B	0x0870      	MOVF       R0, 0
0x011C	0x00ED      	MOVWF      FARG_WordToStr_input
0x011D	0x0871      	MOVF       R0+1, 0
0x011E	0x00EE      	MOVWF      FARG_WordToStr_input+1
;__Lib_Conversions.c,96 :: 		
0x011F	0x3000      	MOVLW      0
0x0120	0x0671      	XORWF      R0+1, 0
0x0121	0x1D03      	BTFSS      STATUS, 2
0x0122	0x2925      	GOTO       L__WordToStr109
0x0123	0x3000      	MOVLW      0
0x0124	0x0670      	XORWF      R0, 0
L__WordToStr109:
0x0125	0x1D03      	BTFSS      STATUS, 2
0x0126	0x2928      	GOTO       L_WordToStr11
;__Lib_Conversions.c,97 :: 		
0x0127	0x292B      	GOTO       L_WordToStr10
L_WordToStr11:
;__Lib_Conversions.c,98 :: 		
0x0128	0x1683      	BSF        STATUS, 5
0x0129	0x03A0      	DECF       WordToStr_len_L0, 1
;__Lib_Conversions.c,99 :: 		
0x012A	0x28FD      	GOTO       L_WordToStr9
L_WordToStr10:
;__Lib_Conversions.c,100 :: 		
L_end_WordToStr:
0x012B	0x0008      	RETURN
; end of _WordToStr
_Lcd_Chr_CP:
;__Lib_Lcd.c,50 :: 		
;__Lib_Lcd.c,52 :: 		
0x012C	0x1283      	BCF        STATUS, 5
0x012D	0x1303      	BCF        STATUS, 6
0x012E	0x1040      	BCF        __Lib_Lcd_cmd_status, BitPos(__Lib_Lcd_cmd_status+0)
;__Lib_Lcd.c,53 :: 		
0x012F	0x086D      	MOVF       FARG_Lcd_Chr_CP_out_char, 0
0x0130	0x1683      	BSF        STATUS, 5
0x0131	0x00A2      	MOVWF      FARG_Lcd_Cmd_out_char
0x0132	0x2029      	CALL       _Lcd_Cmd
;__Lib_Lcd.c,54 :: 		
0x0133	0x1440      	BSF        __Lib_Lcd_cmd_status, BitPos(__Lib_Lcd_cmd_status+0)
;__Lib_Lcd.c,55 :: 		
L_end_Lcd_Chr_CP:
0x0134	0x0008      	RETURN
; end of _Lcd_Chr_CP
_Delay_22us:
;__Lib_Delays.c,15 :: 		void Delay_22us() {
;__Lib_Delays.c,16 :: 		Delay_us(22);
0x0135	0x3024      	MOVLW      36
0x0136	0x1283      	BCF        STATUS, 5
0x0137	0x1303      	BCF        STATUS, 6
0x0138	0x00FD      	MOVWF      R13
L_Delay_22us1:
0x0139	0x0BFD      	DECFSZ     R13, 1
0x013A	0x2939      	GOTO       L_Delay_22us1
0x013B	0x0000      	NOP
;__Lib_Delays.c,17 :: 		}
L_end_Delay_22us:
0x013C	0x0008      	RETURN
; end of _Delay_22us
_Mul_32x32_FP:
;__Lib_MathDouble.c,610 :: 		
;__Lib_MathDouble.c,622 :: 		
;__Lib_MathDouble.c,624 :: 		
0x013D	0x1283      	BCF        STATUS, 5
;__Lib_MathDouble.c,625 :: 		
0x013E	0x1303      	BCF        STATUS, 6
;__Lib_MathDouble.c,627 :: 		
0x013F	0x01FB      	CLRF       R11
;__Lib_MathDouble.c,628 :: 		
0x0140	0x0873      	MOVF       R3, 0
;__Lib_MathDouble.c,629 :: 		
0x0141	0x1D03      	BTFSS      STATUS, 2
;__Lib_MathDouble.c,630 :: 		
0x0142	0x0877      	MOVF       R7, 0
;__Lib_MathDouble.c,631 :: 		
0x0143	0x1903      	BTFSC      STATUS, 2
;__Lib_MathDouble.c,632 :: 		
0x0144	0x2994      	GOTO       JPMRES032
;__Lib_MathDouble.c,634 :: 		
0x0145	0x0872      	MOVF       R2, 0
;__Lib_MathDouble.c,635 :: 		
0x0146	0x0676      	XORWF      R6, 0
;__Lib_MathDouble.c,636 :: 		
0x0147	0x00FA      	MOVWF      R10
;__Lib_MathDouble.c,637 :: 		
0x0148	0x0877      	MOVF       R7, 0
;__Lib_MathDouble.c,638 :: 		
0x0149	0x07F3      	ADDWF      R3, 1
;__Lib_MathDouble.c,639 :: 		
0x014A	0x307E      	MOVLW      126
;__Lib_MathDouble.c,640 :: 		
0x014B	0x1C03      	BTFSS      STATUS, 0
;__Lib_MathDouble.c,641 :: 		
0x014C	0x2951      	GOTO       MTUN32
;__Lib_MathDouble.c,642 :: 		
0x014D	0x02F3      	SUBWF      R3, 1
;__Lib_MathDouble.c,643 :: 		
0x014E	0x1803      	BTFSC      STATUS, 0
;__Lib_MathDouble.c,644 :: 		
0x014F	0x2997      	GOTO       JPMSETFOV32
;__Lib_MathDouble.c,645 :: 		
0x0150	0x2954      	GOTO       MOK32
;__Lib_MathDouble.c,646 :: 		
MTUN32:
;__Lib_MathDouble.c,647 :: 		
0x0151	0x02F3      	SUBWF      R3, 1
;__Lib_MathDouble.c,648 :: 		
0x0152	0x1C03      	BTFSS      STATUS, 0
;__Lib_MathDouble.c,649 :: 		
0x0153	0x299A      	GOTO       JPMSETFUN32
;__Lib_MathDouble.c,650 :: 		
MOK32:
;__Lib_MathDouble.c,651 :: 		
0x0154	0x0872      	MOVF       R2, 0
;__Lib_MathDouble.c,652 :: 		
0x0155	0x00F8      	MOVWF      R8
;__Lib_MathDouble.c,653 :: 		
0x0156	0x0871      	MOVF       R1, 0
;__Lib_MathDouble.c,654 :: 		
0x0157	0x00FC      	MOVWF      R12
;__Lib_MathDouble.c,655 :: 		
0x0158	0x0870      	MOVF       R0, 0
;__Lib_MathDouble.c,656 :: 		
0x0159	0x00FD      	MOVWF      R13
;__Lib_MathDouble.c,657 :: 		
0x015A	0x17F8      	BSF        R8, 7
;__Lib_MathDouble.c,658 :: 		
0x015B	0x17F6      	BSF        R6, 7
;__Lib_MathDouble.c,659 :: 		
0x015C	0x1003      	BCF        STATUS, 0
;__Lib_MathDouble.c,660 :: 		
0x015D	0x01F2      	CLRF       R2
;__Lib_MathDouble.c,661 :: 		
0x015E	0x01F1      	CLRF       R1
;__Lib_MathDouble.c,662 :: 		
0x015F	0x01F0      	CLRF       R0
;__Lib_MathDouble.c,663 :: 		
0x0160	0x3018      	MOVLW      24
;__Lib_MathDouble.c,664 :: 		
0x0161	0x00A0      	MOVWF      __math_tempbD
;__Lib_MathDouble.c,665 :: 		
MLOOP32:
;__Lib_MathDouble.c,666 :: 		
0x0162	0x1C7D      	BTFSS      R13, 0
;__Lib_MathDouble.c,667 :: 		
0x0163	0x296E      	GOTO       MNOADD32
;__Lib_MathDouble.c,669 :: 		
0x0164	0x0874      	MOVF       R4, 0
;__Lib_MathDouble.c,670 :: 		
0x0165	0x07F0      	ADDWF      R0, 1
;__Lib_MathDouble.c,671 :: 		
0x0166	0x0875      	MOVF       R5, 0
;__Lib_MathDouble.c,672 :: 		
0x0167	0x1803      	BTFSC      STATUS, 0
;__Lib_MathDouble.c,673 :: 		
0x0168	0x0F75      	INCFSZ     R5, 0
;__Lib_MathDouble.c,674 :: 		
0x0169	0x07F1      	ADDWF      R1, 1
;__Lib_MathDouble.c,675 :: 		
0x016A	0x0876      	MOVF       R6, 0
;__Lib_MathDouble.c,676 :: 		
0x016B	0x1803      	BTFSC      STATUS, 0
;__Lib_MathDouble.c,677 :: 		
0x016C	0x0F76      	INCFSZ     R6, 0
;__Lib_MathDouble.c,678 :: 		
0x016D	0x07F2      	ADDWF      R2, 1
;__Lib_MathDouble.c,679 :: 		
MNOADD32:
;__Lib_MathDouble.c,680 :: 		
0x016E	0x0CF2      	RRF        R2, 1
;__Lib_MathDouble.c,681 :: 		
0x016F	0x0CF1      	RRF        R1, 1
;__Lib_MathDouble.c,682 :: 		
0x0170	0x0CF0      	RRF        R0, 1
;__Lib_MathDouble.c,683 :: 		
0x0171	0x0CF8      	RRF        R8, 1
;__Lib_MathDouble.c,684 :: 		
0x0172	0x0CFC      	RRF        R12, 1
;__Lib_MathDouble.c,685 :: 		
0x0173	0x0CFD      	RRF        R13, 1
;__Lib_MathDouble.c,686 :: 		
0x0174	0x1003      	BCF        STATUS, 0
;__Lib_MathDouble.c,687 :: 		
0x0175	0x0BA0      	DECFSZ     __math_tempbD, 1
;__Lib_MathDouble.c,688 :: 		
0x0176	0x2962      	GOTO       MLOOP32
;__Lib_MathDouble.c,689 :: 		
0x0177	0x1BF2      	BTFSC      R2, 7
;__Lib_MathDouble.c,690 :: 		
0x0178	0x297E      	GOTO       MROUND32
;__Lib_MathDouble.c,691 :: 		
0x0179	0x0DF8      	RLF        R8, 1
;__Lib_MathDouble.c,692 :: 		
0x017A	0x0DF0      	RLF        R0, 1
;__Lib_MathDouble.c,693 :: 		
0x017B	0x0DF1      	RLF        R1, 1
;__Lib_MathDouble.c,694 :: 		
0x017C	0x0DF2      	RLF        R2, 1
;__Lib_MathDouble.c,695 :: 		
0x017D	0x03F3      	DECF       R3, 1
;__Lib_MathDouble.c,696 :: 		
MROUND32:
;__Lib_MathDouble.c,697 :: 		
0x017E	0x1B7B      	BTFSC      R11, 6
;__Lib_MathDouble.c,698 :: 		
0x017F	0x1C70      	BTFSS      R0, 0
;__Lib_MathDouble.c,699 :: 		
0x0180	0x2990      	GOTO       MUL32OK
;__Lib_MathDouble.c,700 :: 		
0x0181	0x1FF8      	BTFSS      R8, 7
;__Lib_MathDouble.c,701 :: 		
0x0182	0x2990      	GOTO       MUL32OK
;__Lib_MathDouble.c,702 :: 		
0x0183	0x0AF0      	INCF       R0, 1
;__Lib_MathDouble.c,703 :: 		
0x0184	0x1903      	BTFSC      STATUS, 2
;__Lib_MathDouble.c,704 :: 		
0x0185	0x0AF1      	INCF       R1, 1
;__Lib_MathDouble.c,705 :: 		
0x0186	0x1903      	BTFSC      STATUS, 2
;__Lib_MathDouble.c,706 :: 		
0x0187	0x0AF2      	INCF       R2, 1
;__Lib_MathDouble.c,707 :: 		
0x0188	0x1D03      	BTFSS      STATUS, 2
;__Lib_MathDouble.c,708 :: 		
0x0189	0x2990      	GOTO       MUL32OK
;__Lib_MathDouble.c,709 :: 		
0x018A	0x0CF2      	RRF        R2, 1
;__Lib_MathDouble.c,710 :: 		
0x018B	0x0CF1      	RRF        R1, 1
;__Lib_MathDouble.c,711 :: 		
0x018C	0x0CF0      	RRF        R0, 1
;__Lib_MathDouble.c,712 :: 		
0x018D	0x0AF3      	INCF       R3, 1
;__Lib_MathDouble.c,713 :: 		
0x018E	0x1903      	BTFSC      STATUS, 2
;__Lib_MathDouble.c,714 :: 		
0x018F	0x2997      	GOTO       JPMSETFOV32
;__Lib_MathDouble.c,715 :: 		
MUL32OK:
;__Lib_MathDouble.c,716 :: 		
0x0190	0x1FFA      	BTFSS      R10, 7
;__Lib_MathDouble.c,717 :: 		
0x0191	0x13F2      	BCF        R2, 7
;__Lib_MathDouble.c,718 :: 		
0x0192	0x3000      	MOVLW      0
;__Lib_MathDouble.c,720 :: 		
0x0193	0x299C      	GOTO       MUL32EEE
;__Lib_MathDouble.c,721 :: 		
JPMRES032:
;__Lib_MathDouble.c,722 :: 		
0x0194	0x3001      	MOVLW      1
;__Lib_MathDouble.c,725 :: 		
0x0195	0x2080      	CALL       _RES032
;__Lib_MathDouble.c,727 :: 		
0x0196	0x299C      	GOTO       MUL32EEE
;__Lib_MathDouble.c,728 :: 		
JPMSETFOV32:
;__Lib_MathDouble.c,729 :: 		
0x0197	0x3002      	MOVLW      2
;__Lib_MathDouble.c,732 :: 		
0x0198	0x20A8      	CALL       _SETFOV32
;__Lib_MathDouble.c,734 :: 		
0x0199	0x299C      	GOTO       MUL32EEE
;__Lib_MathDouble.c,735 :: 		
JPMSETFUN32:
;__Lib_MathDouble.c,736 :: 		
0x019A	0x3004      	MOVLW      4
;__Lib_MathDouble.c,739 :: 		
0x019B	0x201D      	CALL       _SETFUN32
;__Lib_MathDouble.c,741 :: 		
MUL32EEE:
;__Lib_MathDouble.c,742 :: 		
0x019C	0x0000      	NOP
;__Lib_MathDouble.c,749 :: 		
L_end_Mul_32x32_FP:
0x019D	0x0008      	RETURN
; end of _Mul_32x32_FP
_Compare_Double:
;__Lib_MathDouble.c,2053 :: 		
;__Lib_MathDouble.c,2062 :: 		
;__Lib_MathDouble.c,2064 :: 		
0x019E	0x1283      	BCF        STATUS, 5
;__Lib_MathDouble.c,2065 :: 		
0x019F	0x1303      	BCF        STATUS, 6
;__Lib_MathDouble.c,2067 :: 		
0x01A0	0x01FA      	CLRF       R10
;__Lib_MathDouble.c,2068 :: 		
0x01A1	0x0873      	MOVF       R3, 0
;__Lib_MathDouble.c,2069 :: 		
0x01A2	0x1D03      	BTFSS      STATUS, 2
;__Lib_MathDouble.c,2070 :: 		
0x01A3	0x147A      	BSF        R10, 0
;__Lib_MathDouble.c,2071 :: 		
0x01A4	0x0877      	MOVF       R7, 0
;__Lib_MathDouble.c,2072 :: 		
0x01A5	0x1D03      	BTFSS      STATUS, 2
;__Lib_MathDouble.c,2073 :: 		
0x01A6	0x14FA      	BSF        R10, 1
;__Lib_MathDouble.c,2075 :: 		
0x01A7	0x087A      	MOVF       R10, 0
;__Lib_MathDouble.c,2076 :: 		
0x01A8	0x1903      	BTFSC      STATUS, 2
;__Lib_MathDouble.c,2077 :: 		
0x01A9	0x29EA      	GOTO       COMPARE_EQU
;__Lib_MathDouble.c,2078 :: 		
0x01AA	0x3A03      	XORLW      3
;__Lib_MathDouble.c,2079 :: 		
0x01AB	0x1903      	BTFSC      STATUS, 2
;__Lib_MathDouble.c,2080 :: 		
0x01AC	0x29B5      	GOTO       COMPARE_NOTZERO
;__Lib_MathDouble.c,2082 :: 		
0x01AD	0x187A      	BTFSC      R10, 0
;__Lib_MathDouble.c,2083 :: 		
0x01AE	0x29B2      	GOTO       COMPARE_XNOTZERO
;__Lib_MathDouble.c,2085 :: 		
0x01AF	0x1FF6      	BTFSS      R6, 7
;__Lib_MathDouble.c,2086 :: 		
0x01B0	0x29E8      	GOTO       COMPARE_LT
;__Lib_MathDouble.c,2087 :: 		
0x01B1	0x29E6      	GOTO       COMPARE_GT
;__Lib_MathDouble.c,2088 :: 		
COMPARE_XNOTZERO:
;__Lib_MathDouble.c,2089 :: 		
0x01B2	0x1FF2      	BTFSS      R2, 7
;__Lib_MathDouble.c,2090 :: 		
0x01B3	0x29E6      	GOTO       COMPARE_GT
;__Lib_MathDouble.c,2091 :: 		
0x01B4	0x29E8      	GOTO       COMPARE_LT
;__Lib_MathDouble.c,2093 :: 		
COMPARE_NOTZERO:
;__Lib_MathDouble.c,2094 :: 		
0x01B5	0x0872      	MOVF       R2, 0
;__Lib_MathDouble.c,2095 :: 		
0x01B6	0x3980      	ANDLW      128
;__Lib_MathDouble.c,2096 :: 		
0x01B7	0x00FA      	MOVWF      R10
;__Lib_MathDouble.c,2097 :: 		
0x01B8	0x13F2      	BCF        R2, 7
;__Lib_MathDouble.c,2099 :: 		
0x01B9	0x0876      	MOVF       R6, 0
;__Lib_MathDouble.c,2100 :: 		
0x01BA	0x3980      	ANDLW      128
;__Lib_MathDouble.c,2101 :: 		
0x01BB	0x13F6      	BCF        R6, 7
;__Lib_MathDouble.c,2103 :: 		
0x01BC	0x067A      	XORWF      R10, 0
;__Lib_MathDouble.c,2104 :: 		
0x01BD	0x1903      	BTFSC      STATUS, 2
;__Lib_MathDouble.c,2105 :: 		
0x01BE	0x29C3      	GOTO       COMPARE_TESTALL
;__Lib_MathDouble.c,2107 :: 		
0x01BF	0x087A      	MOVF       R10, 0
;__Lib_MathDouble.c,2108 :: 		
0x01C0	0x1903      	BTFSC      STATUS, 2
;__Lib_MathDouble.c,2109 :: 		
0x01C1	0x29E6      	GOTO       COMPARE_GT
;__Lib_MathDouble.c,2110 :: 		
0x01C2	0x29E8      	GOTO       COMPARE_LT
;__Lib_MathDouble.c,2112 :: 		
COMPARE_TESTALL:
;__Lib_MathDouble.c,2113 :: 		
0x01C3	0x0877      	MOVF       R7, 0
;__Lib_MathDouble.c,2114 :: 		
0x01C4	0x0273      	SUBWF      R3, 0
;__Lib_MathDouble.c,2115 :: 		
0x01C5	0x1903      	BTFSC      STATUS, 2
;__Lib_MathDouble.c,2116 :: 		
0x01C6	0x29CA      	GOTO       COMPARE_C1
;__Lib_MathDouble.c,2117 :: 		
0x01C7	0x1C03      	BTFSS      STATUS, 0
;__Lib_MathDouble.c,2118 :: 		
0x01C8	0x29DE      	GOTO       GT_FALSE
;__Lib_MathDouble.c,2119 :: 		
0x01C9	0x29E2      	GOTO       GT_TRUE
;__Lib_MathDouble.c,2120 :: 		
COMPARE_C1:
;__Lib_MathDouble.c,2121 :: 		
0x01CA	0x0876      	MOVF       R6, 0
;__Lib_MathDouble.c,2122 :: 		
0x01CB	0x0272      	SUBWF      R2, 0
;__Lib_MathDouble.c,2123 :: 		
0x01CC	0x1903      	BTFSC      STATUS, 2
;__Lib_MathDouble.c,2124 :: 		
0x01CD	0x29D1      	GOTO       COMPARE_C2
;__Lib_MathDouble.c,2125 :: 		
0x01CE	0x1C03      	BTFSS      STATUS, 0
;__Lib_MathDouble.c,2126 :: 		
0x01CF	0x29DE      	GOTO       GT_FALSE
;__Lib_MathDouble.c,2127 :: 		
0x01D0	0x29E2      	GOTO       GT_TRUE
;__Lib_MathDouble.c,2128 :: 		
COMPARE_C2:
;__Lib_MathDouble.c,2129 :: 		
0x01D1	0x0875      	MOVF       R5, 0
;__Lib_MathDouble.c,2130 :: 		
0x01D2	0x0271      	SUBWF      R1, 0
;__Lib_MathDouble.c,2131 :: 		
0x01D3	0x1903      	BTFSC      STATUS, 2
;__Lib_MathDouble.c,2132 :: 		
0x01D4	0x29D8      	GOTO       COMPARE_C3
;__Lib_MathDouble.c,2133 :: 		
0x01D5	0x1C03      	BTFSS      STATUS, 0
;__Lib_MathDouble.c,2134 :: 		
0x01D6	0x29DE      	GOTO       GT_FALSE
;__Lib_MathDouble.c,2135 :: 		
0x01D7	0x29E2      	GOTO       GT_TRUE
;__Lib_MathDouble.c,2136 :: 		
COMPARE_C3:
;__Lib_MathDouble.c,2137 :: 		
0x01D8	0x0874      	MOVF       R4, 0
;__Lib_MathDouble.c,2138 :: 		
0x01D9	0x0270      	SUBWF      R0, 0
;__Lib_MathDouble.c,2139 :: 		
0x01DA	0x1903      	BTFSC      STATUS, 2
;__Lib_MathDouble.c,2140 :: 		
0x01DB	0x29EA      	GOTO       COMPARE_EQU
;__Lib_MathDouble.c,2141 :: 		
0x01DC	0x1803      	BTFSC      STATUS, 0
;__Lib_MathDouble.c,2142 :: 		
0x01DD	0x29E2      	GOTO       GT_TRUE
;__Lib_MathDouble.c,2144 :: 		
GT_FALSE:
;__Lib_MathDouble.c,2145 :: 		
0x01DE	0x08FA      	MOVF       R10, 1
;__Lib_MathDouble.c,2146 :: 		
0x01DF	0x1903      	BTFSC      STATUS, 2
;__Lib_MathDouble.c,2147 :: 		
0x01E0	0x29E8      	GOTO       COMPARE_LT
;__Lib_MathDouble.c,2148 :: 		
0x01E1	0x29E6      	GOTO       COMPARE_GT
;__Lib_MathDouble.c,2149 :: 		
GT_TRUE:
;__Lib_MathDouble.c,2150 :: 		
0x01E2	0x08FA      	MOVF       R10, 1
;__Lib_MathDouble.c,2151 :: 		
0x01E3	0x1903      	BTFSC      STATUS, 2
;__Lib_MathDouble.c,2152 :: 		
0x01E4	0x29E6      	GOTO       COMPARE_GT
;__Lib_MathDouble.c,2153 :: 		
0x01E5	0x29E8      	GOTO       COMPARE_LT
;__Lib_MathDouble.c,2155 :: 		
COMPARE_GT:
;__Lib_MathDouble.c,2158 :: 		
0x01E6	0x1403      	BSF        STATUS, 0
;__Lib_MathDouble.c,2159 :: 		
0x01E7	0x0008      	RETURN
;__Lib_MathDouble.c,2160 :: 		
COMPARE_LT:
;__Lib_MathDouble.c,2163 :: 		
0x01E8	0x1003      	BCF        STATUS, 0
;__Lib_MathDouble.c,2164 :: 		
0x01E9	0x0008      	RETURN
;__Lib_MathDouble.c,2165 :: 		
COMPARE_EQU:
;__Lib_MathDouble.c,2168 :: 		
0x01EA	0x1403      	BSF        STATUS, 0
;__Lib_MathDouble.c,2169 :: 		
0x01EB	0x1503      	BSF        STATUS, 2
;__Lib_MathDouble.c,2170 :: 		
0x01EC	0x0008      	RETURN
;__Lib_MathDouble.c,2172 :: 		
L_end_Compare_Double:
0x01ED	0x0008      	RETURN
; end of _Compare_Double
_IntToStr:
;__Lib_Conversions.c,146 :: 		
;__Lib_Conversions.c,152 :: 		
0x01EE	0x1283      	BCF        STATUS, 5
0x01EF	0x1303      	BCF        STATUS, 6
0x01F0	0x01E9      	CLRF       IntToStr_negative_L0
0x01F1	0x01EA      	CLRF       IntToStr_negative_L0+1
;__Lib_Conversions.c,153 :: 		
0x01F2	0x0864      	MOVF       FARG_IntToStr_input, 0
0x01F3	0x00EB      	MOVWF      IntToStr_inword_L0
0x01F4	0x0865      	MOVF       FARG_IntToStr_input+1, 0
0x01F5	0x00EC      	MOVWF      IntToStr_inword_L0+1
;__Lib_Conversions.c,154 :: 		
0x01F6	0x3080      	MOVLW      128
0x01F7	0x0665      	XORWF      FARG_IntToStr_input+1, 0
0x01F8	0x00F0      	MOVWF      R0
0x01F9	0x3080      	MOVLW      128
0x01FA	0x0270      	SUBWF      R0, 0
0x01FB	0x1D03      	BTFSS      STATUS, 2
0x01FC	0x29FF      	GOTO       L__IntToStr115
0x01FD	0x3000      	MOVLW      0
0x01FE	0x0264      	SUBWF      FARG_IntToStr_input, 0
L__IntToStr115:
0x01FF	0x1803      	BTFSC      STATUS, 0
0x0200	0x2A0D      	GOTO       L_IntToStr23
;__Lib_Conversions.c,155 :: 		
0x0201	0x3001      	MOVLW      1
0x0202	0x00E9      	MOVWF      IntToStr_negative_L0
0x0203	0x3000      	MOVLW      0
0x0204	0x00EA      	MOVWF      IntToStr_negative_L0+1
;__Lib_Conversions.c,156 :: 		
0x0205	0x0864      	MOVF       FARG_IntToStr_input, 0
0x0206	0x3C00      	SUBLW      0
0x0207	0x00EB      	MOVWF      IntToStr_inword_L0
0x0208	0x0865      	MOVF       FARG_IntToStr_input+1, 0
0x0209	0x1C03      	BTFSS      STATUS, 0
0x020A	0x3E01      	ADDLW      1
0x020B	0x01EC      	CLRF       IntToStr_inword_L0+1
0x020C	0x02EC      	SUBWF      IntToStr_inword_L0+1, 1
;__Lib_Conversions.c,157 :: 		
L_IntToStr23:
;__Lib_Conversions.c,158 :: 		
0x020D	0x086B      	MOVF       IntToStr_inword_L0, 0
0x020E	0x00ED      	MOVWF      FARG_WordToStr_input
0x020F	0x086C      	MOVF       IntToStr_inword_L0+1, 0
0x0210	0x00EE      	MOVWF      FARG_WordToStr_input+1
0x0211	0x0866      	MOVF       FARG_IntToStr_output, 0
0x0212	0x00EF      	MOVWF      FARG_WordToStr_output
0x0213	0x20EA      	CALL       _WordToStr
;__Lib_Conversions.c,160 :: 		
0x0214	0x3006      	MOVLW      6
0x0215	0x1283      	BCF        STATUS, 5
0x0216	0x1303      	BCF        STATUS, 6
0x0217	0x00E7      	MOVWF      IntToStr_i_L0
0x0218	0x3000      	MOVLW      0
0x0219	0x00E8      	MOVWF      IntToStr_i_L0+1
;__Lib_Conversions.c,161 :: 		
L_IntToStr24:
0x021A	0x0868      	MOVF       IntToStr_i_L0+1, 0
0x021B	0x3C00      	SUBLW      0
0x021C	0x1D03      	BTFSS      STATUS, 2
0x021D	0x2A20      	GOTO       L__IntToStr116
0x021E	0x0867      	MOVF       IntToStr_i_L0, 0
0x021F	0x3C00      	SUBLW      0
L__IntToStr116:
0x0220	0x1803      	BTFSC      STATUS, 0
0x0221	0x2A3B      	GOTO       L_IntToStr25
;__Lib_Conversions.c,162 :: 		
0x0222	0x0867      	MOVF       IntToStr_i_L0, 0
0x0223	0x0766      	ADDWF      FARG_IntToStr_output, 0
0x0224	0x00F2      	MOVWF      R2
0x0225	0x3001      	MOVLW      1
0x0226	0x0267      	SUBWF      IntToStr_i_L0, 0
0x0227	0x00F0      	MOVWF      R0
0x0228	0x3000      	MOVLW      0
0x0229	0x1C03      	BTFSS      STATUS, 0
0x022A	0x3E01      	ADDLW      1
0x022B	0x0268      	SUBWF      IntToStr_i_L0+1, 0
0x022C	0x00F1      	MOVWF      R0+1
0x022D	0x0870      	MOVF       R0, 0
0x022E	0x0766      	ADDWF      FARG_IntToStr_output, 0
0x022F	0x0084      	MOVWF      FSR
0x0230	0x0800      	MOVF       INDF, 0
0x0231	0x00F0      	MOVWF      R0
0x0232	0x0872      	MOVF       R2, 0
0x0233	0x0084      	MOVWF      FSR
0x0234	0x0870      	MOVF       R0, 0
0x0235	0x0080      	MOVWF      INDF
;__Lib_Conversions.c,163 :: 		
0x0236	0x3001      	MOVLW      1
0x0237	0x02E7      	SUBWF      IntToStr_i_L0, 1
0x0238	0x1C03      	BTFSS      STATUS, 0
0x0239	0x03E8      	DECF       IntToStr_i_L0+1, 1
;__Lib_Conversions.c,164 :: 		
0x023A	0x2A1A      	GOTO       L_IntToStr24
L_IntToStr25:
;__Lib_Conversions.c,165 :: 		
0x023B	0x0866      	MOVF       FARG_IntToStr_output, 0
0x023C	0x0084      	MOVWF      FSR
0x023D	0x3020      	MOVLW      32
0x023E	0x0080      	MOVWF      INDF
;__Lib_Conversions.c,166 :: 		
0x023F	0x0869      	MOVF       IntToStr_negative_L0, 0
0x0240	0x046A      	IORWF      IntToStr_negative_L0+1, 0
0x0241	0x1903      	BTFSC      STATUS, 2
0x0242	0x2A59      	GOTO       L_IntToStr26
;__Lib_Conversions.c,167 :: 		
0x0243	0x01E7      	CLRF       IntToStr_i_L0
0x0244	0x01E8      	CLRF       IntToStr_i_L0+1
;__Lib_Conversions.c,168 :: 		
L_IntToStr27:
0x0245	0x0867      	MOVF       IntToStr_i_L0, 0
0x0246	0x0766      	ADDWF      FARG_IntToStr_output, 0
0x0247	0x0084      	MOVWF      FSR
0x0248	0x0800      	MOVF       INDF, 0
0x0249	0x3A20      	XORLW      32
0x024A	0x1D03      	BTFSS      STATUS, 2
0x024B	0x2A50      	GOTO       L_IntToStr28
0x024C	0x0AE7      	INCF       IntToStr_i_L0, 1
0x024D	0x1903      	BTFSC      STATUS, 2
0x024E	0x0AE8      	INCF       IntToStr_i_L0+1, 1
0x024F	0x2A45      	GOTO       L_IntToStr27
L_IntToStr28:
;__Lib_Conversions.c,169 :: 		
0x0250	0x3001      	MOVLW      1
0x0251	0x02E7      	SUBWF      IntToStr_i_L0, 1
0x0252	0x1C03      	BTFSS      STATUS, 0
0x0253	0x03E8      	DECF       IntToStr_i_L0+1, 1
;__Lib_Conversions.c,170 :: 		
0x0254	0x0867      	MOVF       IntToStr_i_L0, 0
0x0255	0x0766      	ADDWF      FARG_IntToStr_output, 0
0x0256	0x0084      	MOVWF      FSR
0x0257	0x302D      	MOVLW      45
0x0258	0x0080      	MOVWF      INDF
L_IntToStr26:
;__Lib_Conversions.c,171 :: 		
L_end_IntToStr:
0x0259	0x0008      	RETURN
; end of _IntToStr
_Word2Double:
;__Lib_MathDouble.c,1862 :: 		
;__Lib_MathDouble.c,1868 :: 		
0x025A	0x1283      	BCF        STATUS, 5
;__Lib_MathDouble.c,1869 :: 		
0x025B	0x1303      	BCF        STATUS, 6
;__Lib_MathDouble.c,1870 :: 		
0x025C	0x0870      	MOVF       R0, 0
;__Lib_MathDouble.c,1871 :: 		
0x025D	0x00F8      	MOVWF      R8
;__Lib_MathDouble.c,1872 :: 		
0x025E	0x0871      	MOVF       R1, 0
;__Lib_MathDouble.c,1873 :: 		
0x025F	0x00F0      	MOVWF      R0
;__Lib_MathDouble.c,1874 :: 		
0x0260	0x01F1      	CLRF       R1
;__Lib_MathDouble.c,1875 :: 		
0x0261	0x01F2      	CLRF       R2
;__Lib_MathDouble.c,1876 :: 		
0x0262	0x01F3      	CLRF       R3
;__Lib_MathDouble.c,1879 :: 		
0x0263	0x01FB      	CLRF       R11
;__Lib_MathDouble.c,1880 :: 		
0x0264	0x01FC      	CLRF       R12
;__Lib_MathDouble.c,1882 :: 		
0x0265	0x3096      	MOVLW      150
;__Lib_MathDouble.c,1883 :: 		
0x0266	0x00F3      	MOVWF      R3
;__Lib_MathDouble.c,1884 :: 		
0x0267	0x01FA      	CLRF       R10
;__Lib_MathDouble.c,1886 :: 		
0x0268	0x0870      	MOVF       R0, 0
;__Lib_MathDouble.c,1887 :: 		
0x0269	0x00F1      	MOVWF      R1
;__Lib_MathDouble.c,1888 :: 		
0x026A	0x0878      	MOVF       R8, 0
;__Lib_MathDouble.c,1889 :: 		
0x026B	0x00F0      	MOVWF      R0
;__Lib_MathDouble.c,1890 :: 		
0x026C	0x01F8      	CLRF       R8
;__Lib_MathDouble.c,1891 :: 		
0x026D	0x01F2      	CLRF       R2
;__Lib_MathDouble.c,1893 :: 		
0x026E	0x20BB      	CALL       _NRM3232
;__Lib_MathDouble.c,1894 :: 		
L_end_Word2Double:
0x026F	0x0008      	RETURN
; end of _Word2Double
_ADC_Read:
;__Lib_ADC_A_A.c,38 :: 		
;__Lib_ADC_A_A.c,40 :: 		
0x0270	0x1283      	BCF        STATUS, 5
0x0271	0x1303      	BCF        STATUS, 6
0x0272	0x019F      	CLRF       ADCON0
;__Lib_ADC_A_A.c,41 :: 		
0x0273	0x30C0      	MOVLW      192
0x0274	0x049F      	IORWF      ADCON0, 1
;__Lib_ADC_A_A.c,42 :: 		
0x0275	0x0864      	MOVF       FARG_ADC_Read_channel, 0
0x0276	0x00F0      	MOVWF      R0
0x0277	0x0DF0      	RLF        R0, 1
0x0278	0x1070      	BCF        R0, 0
0x0279	0x0DF0      	RLF        R0, 1
0x027A	0x1070      	BCF        R0, 0
0x027B	0x0DF0      	RLF        R0, 1
0x027C	0x1070      	BCF        R0, 0
0x027D	0x0870      	MOVF       R0, 0
0x027E	0x049F      	IORWF      ADCON0, 1
;__Lib_ADC_A_A.c,43 :: 		
0x027F	0x141F      	BSF        ADCON0, 0
;__Lib_ADC_A_A.c,46 :: 		
0x0280	0x2135      	CALL       _Delay_22us
;__Lib_ADC_A_A.c,49 :: 		
0x0281	0x151F      	BSF        ADCON0, 2
;__Lib_ADC_A_A.c,52 :: 		
L_ADC_Read2:
0x0282	0x1D1F      	BTFSS      ADCON0, 2
0x0283	0x2A86      	GOTO       L_ADC_Read3
;__Lib_ADC_A_A.c,53 :: 		
0x0284	0x0000      	NOP
0x0285	0x2A82      	GOTO       L_ADC_Read2
L_ADC_Read3:
;__Lib_ADC_A_A.c,56 :: 		
0x0286	0x101F      	BCF        ADCON0, 0
;__Lib_ADC_A_A.c,57 :: 		
0x0287	0x081E      	MOVF       ADRES, 0
0x0288	0x00F0      	MOVWF      R0
0x0289	0x01F1      	CLRF       R0+1
;__Lib_ADC_A_A.c,59 :: 		
L_end_ADC_Read:
0x028A	0x0008      	RETURN
; end of _ADC_Read
_Lcd_Init:
;__Lib_Lcd.c,84 :: 		
;__Lib_Lcd.c,86 :: 		
0x028B	0x1683      	BSF        STATUS, 5
0x028C	0x1303      	BCF        STATUS, 6
0x028D	0x1286      	BCF        LCD_EN_Direction, BitPos(LCD_EN_Direction+0)
;__Lib_Lcd.c,87 :: 		
0x028E	0x1206      	BCF        LCD_RS_Direction, BitPos(LCD_RS_Direction+0)
;__Lib_Lcd.c,88 :: 		
0x028F	0x1006      	BCF        LCD_D4_Direction, BitPos(LCD_D4_Direction+0)
;__Lib_Lcd.c,89 :: 		
0x0290	0x1086      	BCF        LCD_D5_Direction, BitPos(LCD_D5_Direction+0)
;__Lib_Lcd.c,90 :: 		
0x0291	0x1106      	BCF        LCD_D6_Direction, BitPos(LCD_D6_Direction+0)
;__Lib_Lcd.c,91 :: 		
0x0292	0x1186      	BCF        LCD_D7_Direction, BitPos(LCD_D7_Direction+0)
;__Lib_Lcd.c,93 :: 		
0x0293	0x1283      	BCF        STATUS, 5
0x0294	0x1286      	BCF        LCD_EN, BitPos(LCD_EN+0)
;__Lib_Lcd.c,94 :: 		
0x0295	0x1206      	BCF        LCD_RS, BitPos(LCD_RS+0)
;__Lib_Lcd.c,95 :: 		
0x0296	0x1186      	BCF        LCD_D7, BitPos(LCD_D7+0)
;__Lib_Lcd.c,96 :: 		
0x0297	0x1106      	BCF        LCD_D6, BitPos(LCD_D6+0)
;__Lib_Lcd.c,97 :: 		
0x0298	0x1086      	BCF        LCD_D5, BitPos(LCD_D5+0)
;__Lib_Lcd.c,98 :: 		
0x0299	0x1006      	BCF        LCD_D4, BitPos(LCD_D4+0)
;__Lib_Lcd.c,100 :: 		
0x029A	0x2010      	CALL       _Delay_5500us
;__Lib_Lcd.c,101 :: 		
0x029B	0x2010      	CALL       _Delay_5500us
;__Lib_Lcd.c,102 :: 		
0x029C	0x2010      	CALL       _Delay_5500us
;__Lib_Lcd.c,105 :: 		
0x029D	0x1486      	BSF        LCD_D5, BitPos(LCD_D5+0)
;__Lib_Lcd.c,106 :: 		
0x029E	0x1406      	BSF        LCD_D4, BitPos(LCD_D4+0)
;__Lib_Lcd.c,107 :: 		
0x029F	0x1686      	BSF        LCD_EN, BitPos(LCD_EN+0)
;__Lib_Lcd.c,108 :: 		
0x02A0	0x200A      	CALL       _Delay_1us
;__Lib_Lcd.c,109 :: 		
0x02A1	0x1286      	BCF        LCD_EN, BitPos(LCD_EN+0)
;__Lib_Lcd.c,110 :: 		
0x02A2	0x2010      	CALL       _Delay_5500us
;__Lib_Lcd.c,112 :: 		
0x02A3	0x1686      	BSF        LCD_EN, BitPos(LCD_EN+0)
;__Lib_Lcd.c,113 :: 		
0x02A4	0x200A      	CALL       _Delay_1us
;__Lib_Lcd.c,114 :: 		
0x02A5	0x1286      	BCF        LCD_EN, BitPos(LCD_EN+0)
;__Lib_Lcd.c,115 :: 		
0x02A6	0x2010      	CALL       _Delay_5500us
;__Lib_Lcd.c,117 :: 		
0x02A7	0x1686      	BSF        LCD_EN, BitPos(LCD_EN+0)
;__Lib_Lcd.c,118 :: 		
0x02A8	0x200A      	CALL       _Delay_1us
;__Lib_Lcd.c,119 :: 		
0x02A9	0x1286      	BCF        LCD_EN, BitPos(LCD_EN+0)
;__Lib_Lcd.c,120 :: 		
0x02AA	0x2010      	CALL       _Delay_5500us
;__Lib_Lcd.c,123 :: 		
0x02AB	0x1006      	BCF        LCD_D4, BitPos(LCD_D4+0)
;__Lib_Lcd.c,124 :: 		
0x02AC	0x1686      	BSF        LCD_EN, BitPos(LCD_EN+0)
;__Lib_Lcd.c,125 :: 		
0x02AD	0x200A      	CALL       _Delay_1us
;__Lib_Lcd.c,126 :: 		
0x02AE	0x1286      	BCF        LCD_EN, BitPos(LCD_EN+0)
;__Lib_Lcd.c,127 :: 		
0x02AF	0x2010      	CALL       _Delay_5500us
;__Lib_Lcd.c,130 :: 		
0x02B0	0x1686      	BSF        LCD_EN, BitPos(LCD_EN+0)
;__Lib_Lcd.c,131 :: 		
0x02B1	0x200A      	CALL       _Delay_1us
;__Lib_Lcd.c,132 :: 		
0x02B2	0x1286      	BCF        LCD_EN, BitPos(LCD_EN+0)
;__Lib_Lcd.c,134 :: 		
0x02B3	0x1086      	BCF        LCD_D5, BitPos(LCD_D5+0)
;__Lib_Lcd.c,135 :: 		
0x02B4	0x1586      	BSF        LCD_D7, BitPos(LCD_D7+0)
;__Lib_Lcd.c,136 :: 		
0x02B5	0x1686      	BSF        LCD_EN, BitPos(LCD_EN+0)
;__Lib_Lcd.c,137 :: 		
0x02B6	0x200A      	CALL       _Delay_1us
;__Lib_Lcd.c,138 :: 		
0x02B7	0x1286      	BCF        LCD_EN, BitPos(LCD_EN+0)
;__Lib_Lcd.c,139 :: 		
0x02B8	0x2010      	CALL       _Delay_5500us
;__Lib_Lcd.c,142 :: 		
0x02B9	0x1186      	BCF        LCD_D7, BitPos(LCD_D7+0)
;__Lib_Lcd.c,143 :: 		
0x02BA	0x1406      	BSF        LCD_D4, BitPos(LCD_D4+0)
;__Lib_Lcd.c,144 :: 		
0x02BB	0x1686      	BSF        LCD_EN, BitPos(LCD_EN+0)
;__Lib_Lcd.c,145 :: 		
0x02BC	0x200A      	CALL       _Delay_1us
;__Lib_Lcd.c,146 :: 		
0x02BD	0x1286      	BCF        LCD_EN, BitPos(LCD_EN+0)
;__Lib_Lcd.c,148 :: 		
0x02BE	0x1006      	BCF        LCD_D4, BitPos(LCD_D4+0)
;__Lib_Lcd.c,149 :: 		
0x02BF	0x1686      	BSF        LCD_EN, BitPos(LCD_EN+0)
;__Lib_Lcd.c,150 :: 		
0x02C0	0x200A      	CALL       _Delay_1us
;__Lib_Lcd.c,151 :: 		
0x02C1	0x1286      	BCF        LCD_EN, BitPos(LCD_EN+0)
;__Lib_Lcd.c,152 :: 		
0x02C2	0x2010      	CALL       _Delay_5500us
;__Lib_Lcd.c,155 :: 		
0x02C3	0x1686      	BSF        LCD_EN, BitPos(LCD_EN+0)
;__Lib_Lcd.c,156 :: 		
0x02C4	0x200A      	CALL       _Delay_1us
;__Lib_Lcd.c,157 :: 		
0x02C5	0x1286      	BCF        LCD_EN, BitPos(LCD_EN+0)
;__Lib_Lcd.c,159 :: 		
0x02C6	0x1406      	BSF        LCD_D4, BitPos(LCD_D4+0)
;__Lib_Lcd.c,160 :: 		
0x02C7	0x1686      	BSF        LCD_EN, BitPos(LCD_EN+0)
;__Lib_Lcd.c,161 :: 		
0x02C8	0x200A      	CALL       _Delay_1us
;__Lib_Lcd.c,162 :: 		
0x02C9	0x1286      	BCF        LCD_EN, BitPos(LCD_EN+0)
;__Lib_Lcd.c,163 :: 		
0x02CA	0x2010      	CALL       _Delay_5500us
;__Lib_Lcd.c,166 :: 		
0x02CB	0x1006      	BCF        LCD_D4, BitPos(LCD_D4+0)
;__Lib_Lcd.c,167 :: 		
0x02CC	0x1686      	BSF        LCD_EN, BitPos(LCD_EN+0)
;__Lib_Lcd.c,168 :: 		
0x02CD	0x200A      	CALL       _Delay_1us
;__Lib_Lcd.c,169 :: 		
0x02CE	0x1286      	BCF        LCD_EN, BitPos(LCD_EN+0)
;__Lib_Lcd.c,171 :: 		
0x02CF	0x1586      	BSF        LCD_D7, BitPos(LCD_D7+0)
;__Lib_Lcd.c,172 :: 		
0x02D0	0x1506      	BSF        LCD_D6, BitPos(LCD_D6+0)
;__Lib_Lcd.c,173 :: 		
0x02D1	0x1486      	BSF        LCD_D5, BitPos(LCD_D5+0)
;__Lib_Lcd.c,174 :: 		
0x02D2	0x1406      	BSF        LCD_D4, BitPos(LCD_D4+0)
;__Lib_Lcd.c,175 :: 		
0x02D3	0x1686      	BSF        LCD_EN, BitPos(LCD_EN+0)
;__Lib_Lcd.c,176 :: 		
0x02D4	0x200A      	CALL       _Delay_1us
;__Lib_Lcd.c,177 :: 		
0x02D5	0x1286      	BCF        LCD_EN, BitPos(LCD_EN+0)
;__Lib_Lcd.c,179 :: 		
0x02D6	0x2010      	CALL       _Delay_5500us
;__Lib_Lcd.c,181 :: 		
0x02D7	0x1440      	BSF        __Lib_Lcd_cmd_status, BitPos(__Lib_Lcd_cmd_status+0)
;__Lib_Lcd.c,182 :: 		
L_end_Lcd_Init:
0x02D8	0x0008      	RETURN
; end of _Lcd_Init
_ADC_Init:
;__Lib_ADC_A_A.c,8 :: 		
;__Lib_ADC_A_A.c,9 :: 		
0x02D9	0x30FF      	MOVLW      _ADC_Get_Sample
0x02DA	0x1283      	BCF        STATUS, 5
0x02DB	0x1303      	BCF        STATUS, 6
0x02DC	0x00C1      	MOVWF      _ADC_Get_Sample_Ptr
0x02DD	0x30FF      	MOVLW      hi_addr(_ADC_Get_Sample)
0x02DE	0x00C2      	MOVWF      _ADC_Get_Sample_Ptr+1
0x02DF	0x30FF      	MOVLW      FARG_ADC_Get_Sample_channel
0x02E0	0x00C3      	MOVWF      _ADC_Get_Sample_Ptr+2
0x02E1	0x30FF      	MOVLW      hi_addr(FARG_ADC_Get_Sample_channel)
;__Lib_ADC_A_A.c,11 :: 		
0x02E2	0x019F      	CLRF       ADCON0
;__Lib_ADC_A_A.c,12 :: 		
0x02E3	0x30C0      	MOVLW      192
0x02E4	0x049F      	IORWF      ADCON0, 1
;__Lib_ADC_A_A.c,13 :: 		
0x02E5	0x141F      	BSF        ADCON0, 0
;__Lib_ADC_A_A.c,14 :: 		
L_end_ADC_Init:
0x02E6	0x0008      	RETURN
; end of _ADC_Init
_Lcd_Out:
;__Lib_Lcd.c,184 :: 		
;__Lib_Lcd.c,187 :: 		
0x02E7	0x2AF9      	GOTO       L_Lcd_Out11
;__Lib_Lcd.c,188 :: 		
L_Lcd_Out13:
0x02E8	0x3080      	MOVLW      128
0x02E9	0x1283      	BCF        STATUS, 5
0x02EA	0x1303      	BCF        STATUS, 6
0x02EB	0x00E4      	MOVWF      FARG_Lcd_Out_row
0x02EC	0x2B0A      	GOTO       L_Lcd_Out12
;__Lib_Lcd.c,189 :: 		
L_Lcd_Out14:
0x02ED	0x30C0      	MOVLW      192
0x02EE	0x00E4      	MOVWF      FARG_Lcd_Out_row
0x02EF	0x2B0A      	GOTO       L_Lcd_Out12
;__Lib_Lcd.c,190 :: 		
L_Lcd_Out15:
0x02F0	0x3094      	MOVLW      148
0x02F1	0x00E4      	MOVWF      FARG_Lcd_Out_row
0x02F2	0x2B0A      	GOTO       L_Lcd_Out12
;__Lib_Lcd.c,191 :: 		
L_Lcd_Out16:
0x02F3	0x30D4      	MOVLW      212
0x02F4	0x00E4      	MOVWF      FARG_Lcd_Out_row
0x02F5	0x2B0A      	GOTO       L_Lcd_Out12
;__Lib_Lcd.c,192 :: 		
L_Lcd_Out17:
0x02F6	0x3080      	MOVLW      128
0x02F7	0x00E4      	MOVWF      FARG_Lcd_Out_row
;__Lib_Lcd.c,193 :: 		
0x02F8	0x2B0A      	GOTO       L_Lcd_Out12
L_Lcd_Out11:
0x02F9	0x0864      	MOVF       FARG_Lcd_Out_row, 0
0x02FA	0x3A01      	XORLW      1
0x02FB	0x1903      	BTFSC      STATUS, 2
0x02FC	0x2AE8      	GOTO       L_Lcd_Out13
0x02FD	0x0864      	MOVF       FARG_Lcd_Out_row, 0
0x02FE	0x3A02      	XORLW      2
0x02FF	0x1903      	BTFSC      STATUS, 2
0x0300	0x2AED      	GOTO       L_Lcd_Out14
0x0301	0x0864      	MOVF       FARG_Lcd_Out_row, 0
0x0302	0x3A03      	XORLW      3
0x0303	0x1903      	BTFSC      STATUS, 2
0x0304	0x2AF0      	GOTO       L_Lcd_Out15
0x0305	0x0864      	MOVF       FARG_Lcd_Out_row, 0
0x0306	0x3A04      	XORLW      4
0x0307	0x1903      	BTFSC      STATUS, 2
0x0308	0x2AF3      	GOTO       L_Lcd_Out16
0x0309	0x2AF6      	GOTO       L_Lcd_Out17
L_Lcd_Out12:
0x030A	0x1303      	BCF        STATUS, 6
;__Lib_Lcd.c,194 :: 		
0x030B	0x0365      	DECF       FARG_Lcd_Out_column, 0
0x030C	0x00F0      	MOVWF      R0
0x030D	0x0864      	MOVF       FARG_Lcd_Out_row, 0
0x030E	0x07F0      	ADDWF      R0, 1
0x030F	0x0870      	MOVF       R0, 0
0x0310	0x00E4      	MOVWF      FARG_Lcd_Out_row
;__Lib_Lcd.c,196 :: 		
0x0311	0x0870      	MOVF       R0, 0
0x0312	0x1683      	BSF        STATUS, 5
0x0313	0x00A2      	MOVWF      FARG_Lcd_Cmd_out_char
0x0314	0x2029      	CALL       _Lcd_Cmd
;__Lib_Lcd.c,197 :: 		
0x0315	0x1040      	BCF        __Lib_Lcd_cmd_status, BitPos(__Lib_Lcd_cmd_status+0)
;__Lib_Lcd.c,198 :: 		
0x0316	0x01E7      	CLRF       Lcd_Out_i_L0
;__Lib_Lcd.c,199 :: 		
L_Lcd_Out18:
0x0317	0x0867      	MOVF       Lcd_Out_i_L0, 0
0x0318	0x0766      	ADDWF      FARG_Lcd_Out_text, 0
0x0319	0x0084      	MOVWF      FSR
0x031A	0x0800      	MOVF       INDF, 0
0x031B	0x1903      	BTFSC      STATUS, 2
0x031C	0x2B25      	GOTO       L_Lcd_Out19
;__Lib_Lcd.c,200 :: 		
0x031D	0x0867      	MOVF       Lcd_Out_i_L0, 0
0x031E	0x0766      	ADDWF      FARG_Lcd_Out_text, 0
0x031F	0x0084      	MOVWF      FSR
0x0320	0x0800      	MOVF       INDF, 0
0x0321	0x00ED      	MOVWF      FARG_Lcd_Chr_CP_out_char
0x0322	0x212C      	CALL       _Lcd_Chr_CP
0x0323	0x0AE7      	INCF       Lcd_Out_i_L0, 1
0x0324	0x2B17      	GOTO       L_Lcd_Out18
L_Lcd_Out19:
;__Lib_Lcd.c,201 :: 		
0x0325	0x1440      	BSF        __Lib_Lcd_cmd_status, BitPos(__Lib_Lcd_cmd_status+0)
;__Lib_Lcd.c,202 :: 		
L_end_Lcd_Out:
0x0326	0x0008      	RETURN
; end of _Lcd_Out
___CC2DW:
;__Lib_System.c,134 :: 		
;__Lib_System.c,137 :: 		
_CC2D_Loop1:
;__Lib_System.c,139 :: 		
0x0327	0x20B4      	CALL       _____DoICP
0x0328	0x118A      	BCF        PCLATH, 3
0x0329	0x120A      	BCF        PCLATH, 4
;__Lib_System.c,141 :: 		
0x032A	0x0080      	MOVWF      INDF
;__Lib_System.c,142 :: 		
0x032B	0x0A84      	INCF       FSR, 1
;__Lib_System.c,143 :: 		
0x032C	0x0ABE      	INCF       ___DoICPAddr, 1
;__Lib_System.c,145 :: 		
0x032D	0x1903      	BTFSC      STATUS, 2
;__Lib_System.c,146 :: 		
0x032E	0x0ABF      	INCF       ___DoICPAddr+1, 1
;__Lib_System.c,147 :: 		
0x032F	0x03F0      	DECF       R0, 1
;__Lib_System.c,149 :: 		
0x0330	0x1D03      	BTFSS      STATUS, 2
;__Lib_System.c,150 :: 		
0x0331	0x2B27      	GOTO       _CC2D_Loop1
;__Lib_System.c,152 :: 		
L_end___CC2DW:
0x0332	0x0008      	RETURN
; end of ___CC2DW
_main:
0x0333	0x304C      	MOVLW      76
0x0334	0x1283      	BCF        STATUS, 5
0x0335	0x1303      	BCF        STATUS, 6
0x0336	0x00A1      	MOVWF      ?lstr1_jhamela_32lcd
0x0337	0x3069      	MOVLW      105
0x0338	0x00A2      	MOVWF      34
0x0339	0x3067      	MOVLW      103
0x033A	0x00A3      	MOVWF      35
0x033B	0x3068      	MOVLW      104
0x033C	0x00A4      	MOVWF      36
0x033D	0x3074      	MOVLW      116
0x033E	0x00A5      	MOVWF      37
0x033F	0x3073      	MOVLW      115
0x0340	0x00A6      	MOVWF      38
0x0341	0x3020      	MOVLW      32
0x0342	0x00A7      	MOVWF      39
0x0343	0x304F      	MOVLW      79
0x0344	0x00A8      	MOVWF      40
0x0345	0x306E      	MOVLW      110
0x0346	0x00A9      	MOVWF      41
0x0347	0x3021      	MOVLW      33
0x0348	0x00AA      	MOVWF      42
0x0349	0x3021      	MOVLW      33
0x034A	0x00AB      	MOVWF      43
0x034B	0x01AC      	CLRF       44
0x034C	0x304C      	MOVLW      76
0x034D	0x00AD      	MOVWF      ?lstr2_jhamela_32lcd
0x034E	0x3069      	MOVLW      105
0x034F	0x00AE      	MOVWF      46
0x0350	0x3067      	MOVLW      103
0x0351	0x00AF      	MOVWF      47
0x0352	0x3068      	MOVLW      104
0x0353	0x00B0      	MOVWF      48
0x0354	0x3074      	MOVLW      116
0x0355	0x00B1      	MOVWF      49
0x0356	0x3073      	MOVLW      115
0x0357	0x00B2      	MOVWF      50
0x0358	0x3020      	MOVLW      32
0x0359	0x00B3      	MOVWF      51
0x035A	0x304F      	MOVLW      79
0x035B	0x00B4      	MOVWF      52
0x035C	0x3075      	MOVLW      117
0x035D	0x00B5      	MOVWF      53
0x035E	0x3074      	MOVLW      116
0x035F	0x00B6      	MOVWF      54
0x0360	0x3021      	MOVLW      33
0x0361	0x00B7      	MOVWF      55
0x0362	0x3021      	MOVLW      33
0x0363	0x00B8      	MOVWF      56
0x0364	0x01B9      	CLRF       57
0x0365	0x01BA      	CLRF       _count
0x0366	0x01BB      	CLRF       59
;jhamela lcd.c,20 :: 		void main() {
;jhamela lcd.c,21 :: 		TRISC7_bit= 0;
0x0367	0x1683      	BSF        STATUS, 5
0x0368	0x1387      	BCF        TRISC7_bit, BitPos(TRISC7_bit+0)
;jhamela lcd.c,22 :: 		Lcd_Init();                        // Initialize LCD
0x0369	0x228B      	CALL       _Lcd_Init
;jhamela lcd.c,23 :: 		Lcd_Cmd(_LCD_CLEAR);               // Clear display
0x036A	0x3001      	MOVLW      1
0x036B	0x1683      	BSF        STATUS, 5
0x036C	0x00A2      	MOVWF      FARG_Lcd_Cmd_out_char
0x036D	0x2029      	CALL       _Lcd_Cmd
;jhamela lcd.c,24 :: 		Lcd_Cmd(_LCD_CURSOR_OFF);          // Cursor off
0x036E	0x300C      	MOVLW      12
0x036F	0x1683      	BSF        STATUS, 5
0x0370	0x00A2      	MOVWF      FARG_Lcd_Cmd_out_char
0x0371	0x2029      	CALL       _Lcd_Cmd
;jhamela lcd.c,26 :: 		while(1)
L_main0:
;jhamela lcd.c,28 :: 		ref=190;
0x0372	0x30BE      	MOVLW      190
0x0373	0x00BC      	MOVWF      _ref
0x0374	0x01BD      	CLRF       _ref+1
;jhamela lcd.c,30 :: 		ADC_Init();
0x0375	0x22D9      	CALL       _ADC_Init
;jhamela lcd.c,31 :: 		afirst = ADC_Read(0);
0x0376	0x01E4      	CLRF       FARG_ADC_Read_channel
0x0377	0x2270      	CALL       _ADC_Read
0x0378	0x0870      	MOVF       R0, 0
0x0379	0x00DA      	MOVWF      _afirst
0x037A	0x0871      	MOVF       R0+1, 0
0x037B	0x00DB      	MOVWF      _afirst+1
;jhamela lcd.c,32 :: 		asecond = ADC_Read(1);
0x037C	0x3001      	MOVLW      1
0x037D	0x00E4      	MOVWF      FARG_ADC_Read_channel
0x037E	0x2270      	CALL       _ADC_Read
0x037F	0x0870      	MOVF       R0, 0
0x0380	0x00D8      	MOVWF      _asecond
0x0381	0x0871      	MOVF       R0+1, 0
0x0382	0x00D9      	MOVWF      _asecond+1
;jhamela lcd.c,33 :: 		tempa=ADC_Read(2);
0x0383	0x3002      	MOVLW      2
0x0384	0x00E4      	MOVWF      FARG_ADC_Read_channel
0x0385	0x2270      	CALL       _ADC_Read
0x0386	0x225A      	CALL       _Word2Double
0x0387	0x0870      	MOVF       R0, 0
0x0388	0x00E0      	MOVWF      _tempa
0x0389	0x0871      	MOVF       R0+1, 0
0x038A	0x00E1      	MOVWF      _tempa+1
0x038B	0x0872      	MOVF       R0+2, 0
0x038C	0x00E2      	MOVWF      _tempa+2
0x038D	0x0873      	MOVF       R0+3, 0
0x038E	0x00E3      	MOVWF      _tempa+3
;jhamela lcd.c,34 :: 		temp= tempa*1.960784;
0x038F	0x30F8      	MOVLW      248
0x0390	0x00F4      	MOVWF      R4
0x0391	0x30FA      	MOVLW      250
0x0392	0x00F5      	MOVWF      R4+1
0x0393	0x307A      	MOVLW      122
0x0394	0x00F6      	MOVWF      R4+2
0x0395	0x307F      	MOVLW      127
0x0396	0x00F7      	MOVWF      R4+3
0x0397	0x213D      	CALL       _Mul_32x32_FP
0x0398	0x0870      	MOVF       R0, 0
0x0399	0x00DC      	MOVWF      _temp
0x039A	0x0871      	MOVF       R0+1, 0
0x039B	0x00DD      	MOVWF      _temp+1
0x039C	0x0872      	MOVF       R0+2, 0
0x039D	0x00DE      	MOVWF      _temp+2
0x039E	0x0873      	MOVF       R0+3, 0
0x039F	0x00DF      	MOVWF      _temp+3
;jhamela lcd.c,40 :: 		if(afirst>ref && asecond>ref){
0x03A0	0x3080      	MOVLW      128
0x03A1	0x063D      	XORWF      _ref+1, 0
0x03A2	0x00F0      	MOVWF      R0
0x03A3	0x3080      	MOVLW      128
0x03A4	0x065B      	XORWF      _afirst+1, 0
0x03A5	0x0270      	SUBWF      R0, 0
0x03A6	0x1D03      	BTFSS      STATUS, 2
0x03A7	0x2BAA      	GOTO       L__main31
0x03A8	0x085A      	MOVF       _afirst, 0
0x03A9	0x023C      	SUBWF      _ref, 0
L__main31:
0x03AA	0x1803      	BTFSC      STATUS, 0
0x03AB	0x2BC6      	GOTO       L_main4
0x03AC	0x3080      	MOVLW      128
0x03AD	0x063D      	XORWF      _ref+1, 0
0x03AE	0x00F0      	MOVWF      R0
0x03AF	0x3080      	MOVLW      128
0x03B0	0x0659      	XORWF      _asecond+1, 0
0x03B1	0x0270      	SUBWF      R0, 0
0x03B2	0x1D03      	BTFSS      STATUS, 2
0x03B3	0x2BB6      	GOTO       L__main32
0x03B4	0x0858      	MOVF       _asecond, 0
0x03B5	0x023C      	SUBWF      _ref, 0
L__main32:
0x03B6	0x1803      	BTFSC      STATUS, 0
0x03B7	0x2BC6      	GOTO       L_main4
L__main29:
;jhamela lcd.c,42 :: 		count=count;
;jhamela lcd.c,43 :: 		IntToStr(count,x);
0x03B8	0x083A      	MOVF       _count, 0
0x03B9	0x00E4      	MOVWF      FARG_IntToStr_input
0x03BA	0x083B      	MOVF       _count+1, 0
0x03BB	0x00E5      	MOVWF      FARG_IntToStr_input+1
0x03BC	0x3044      	MOVLW      _x
0x03BD	0x00E6      	MOVWF      FARG_IntToStr_output
0x03BE	0x21EE      	CALL       _IntToStr
;jhamela lcd.c,44 :: 		Lcd_Out(2,6,x);
0x03BF	0x3002      	MOVLW      2
0x03C0	0x00E4      	MOVWF      FARG_Lcd_Out_row
0x03C1	0x3006      	MOVLW      6
0x03C2	0x00E5      	MOVWF      FARG_Lcd_Out_column
0x03C3	0x3044      	MOVLW      _x
0x03C4	0x00E6      	MOVWF      FARG_Lcd_Out_text
0x03C5	0x22E7      	CALL       _Lcd_Out
;jhamela lcd.c,46 :: 		}
L_main4:
;jhamela lcd.c,47 :: 		if(afirst<ref && asecond>ref){
0x03C6	0x3080      	MOVLW      128
0x03C7	0x065B      	XORWF      _afirst+1, 0
0x03C8	0x00F0      	MOVWF      R0
0x03C9	0x3080      	MOVLW      128
0x03CA	0x063D      	XORWF      _ref+1, 0
0x03CB	0x0270      	SUBWF      R0, 0
0x03CC	0x1D03      	BTFSS      STATUS, 2
0x03CD	0x2BD0      	GOTO       L__main33
0x03CE	0x083C      	MOVF       _ref, 0
0x03CF	0x025A      	SUBWF      _afirst, 0
L__main33:
0x03D0	0x1803      	BTFSC      STATUS, 0
0x03D1	0x2C65      	GOTO       L_main7
0x03D2	0x3080      	MOVLW      128
0x03D3	0x063D      	XORWF      _ref+1, 0
0x03D4	0x00F0      	MOVWF      R0
0x03D5	0x3080      	MOVLW      128
0x03D6	0x0659      	XORWF      _asecond+1, 0
0x03D7	0x0270      	SUBWF      R0, 0
0x03D8	0x1D03      	BTFSS      STATUS, 2
0x03D9	0x2BDC      	GOTO       L__main34
0x03DA	0x0858      	MOVF       _asecond, 0
0x03DB	0x023C      	SUBWF      _ref, 0
L__main34:
0x03DC	0x1803      	BTFSC      STATUS, 0
0x03DD	0x2C65      	GOTO       L_main7
L__main28:
;jhamela lcd.c,48 :: 		while(afirst<ref){
L_main8:
0x03DE	0x3080      	MOVLW      128
0x03DF	0x065B      	XORWF      _afirst+1, 0
0x03E0	0x00F0      	MOVWF      R0
0x03E1	0x3080      	MOVLW      128
0x03E2	0x063D      	XORWF      _ref+1, 0
0x03E3	0x0270      	SUBWF      R0, 0
0x03E4	0x1D03      	BTFSS      STATUS, 2
0x03E5	0x2BE8      	GOTO       L__main35
0x03E6	0x083C      	MOVF       _ref, 0
0x03E7	0x025A      	SUBWF      _afirst, 0
L__main35:
0x03E8	0x1803      	BTFSC      STATUS, 0
0x03E9	0x2BF1      	GOTO       L_main9
;jhamela lcd.c,49 :: 		afirst=ADC_Read(0);
0x03EA	0x01E4      	CLRF       FARG_ADC_Read_channel
0x03EB	0x2270      	CALL       _ADC_Read
0x03EC	0x0870      	MOVF       R0, 0
0x03ED	0x00DA      	MOVWF      _afirst
0x03EE	0x0871      	MOVF       R0+1, 0
0x03EF	0x00DB      	MOVWF      _afirst+1
;jhamela lcd.c,51 :: 		}
0x03F0	0x2BDE      	GOTO       L_main8
L_main9:
;jhamela lcd.c,52 :: 		while(asecond>ref){
L_main10:
0x03F1	0x3080      	MOVLW      128
0x03F2	0x063D      	XORWF      _ref+1, 0
0x03F3	0x00F0      	MOVWF      R0
0x03F4	0x3080      	MOVLW      128
0x03F5	0x0659      	XORWF      _asecond+1, 0
0x03F6	0x0270      	SUBWF      R0, 0
0x03F7	0x1D03      	BTFSS      STATUS, 2
0x03F8	0x2BFB      	GOTO       L__main36
0x03F9	0x0858      	MOVF       _asecond, 0
0x03FA	0x023C      	SUBWF      _ref, 0
L__main36:
0x03FB	0x1803      	BTFSC      STATUS, 0
0x03FC	0x2C05      	GOTO       L_main11
;jhamela lcd.c,53 :: 		asecond=ADC_Read(1);
0x03FD	0x3001      	MOVLW      1
0x03FE	0x00E4      	MOVWF      FARG_ADC_Read_channel
0x03FF	0x2270      	CALL       _ADC_Read
0x0400	0x0870      	MOVF       R0, 0
0x0401	0x00D8      	MOVWF      _asecond
0x0402	0x0871      	MOVF       R0+1, 0
0x0403	0x00D9      	MOVWF      _asecond+1
;jhamela lcd.c,55 :: 		}
0x0404	0x2BF1      	GOTO       L_main10
L_main11:
;jhamela lcd.c,56 :: 		while(asecond<ref){
L_main12:
0x0405	0x3080      	MOVLW      128
0x0406	0x0659      	XORWF      _asecond+1, 0
0x0407	0x00F0      	MOVWF      R0
0x0408	0x3080      	MOVLW      128
0x0409	0x063D      	XORWF      _ref+1, 0
0x040A	0x0270      	SUBWF      R0, 0
0x040B	0x1D03      	BTFSS      STATUS, 2
0x040C	0x2C0F      	GOTO       L__main37
0x040D	0x083C      	MOVF       _ref, 0
0x040E	0x0258      	SUBWF      _asecond, 0
L__main37:
0x040F	0x1803      	BTFSC      STATUS, 0
0x0410	0x2C19      	GOTO       L_main13
;jhamela lcd.c,57 :: 		asecond=ADC_Read(1);
0x0411	0x3001      	MOVLW      1
0x0412	0x00E4      	MOVWF      FARG_ADC_Read_channel
0x0413	0x2270      	CALL       _ADC_Read
0x0414	0x0870      	MOVF       R0, 0
0x0415	0x00D8      	MOVWF      _asecond
0x0416	0x0871      	MOVF       R0+1, 0
0x0417	0x00D9      	MOVWF      _asecond+1
;jhamela lcd.c,59 :: 		}
0x0418	0x2C05      	GOTO       L_main12
L_main13:
;jhamela lcd.c,61 :: 		if(temp>20){        Lcd_Out(1,6,"Lights On!!");
0x0419	0x085C      	MOVF       _temp, 0
0x041A	0x00F4      	MOVWF      R4
0x041B	0x085D      	MOVF       _temp+1, 0
0x041C	0x00F5      	MOVWF      R4+1
0x041D	0x085E      	MOVF       _temp+2, 0
0x041E	0x00F6      	MOVWF      R4+2
0x041F	0x085F      	MOVF       _temp+3, 0
0x0420	0x00F7      	MOVWF      R4+3
0x0421	0x3000      	MOVLW      0
0x0422	0x00F0      	MOVWF      R0
0x0423	0x3000      	MOVLW      0
0x0424	0x00F1      	MOVWF      R0+1
0x0425	0x3020      	MOVLW      32
0x0426	0x00F2      	MOVWF      R0+2
0x0427	0x3083      	MOVLW      131
0x0428	0x00F3      	MOVWF      R0+3
0x0429	0x219E      	CALL       _Compare_Double
0x042A	0x3001      	MOVLW      1
0x042B	0x1803      	BTFSC      STATUS, 0
0x042C	0x3000      	MOVLW      0
0x042D	0x00F0      	MOVWF      R0
0x042E	0x0870      	MOVF       R0, 0
0x042F	0x1903      	BTFSC      STATUS, 2
0x0430	0x2C46      	GOTO       L_main14
0x0431	0x3001      	MOVLW      1
0x0432	0x00E4      	MOVWF      FARG_Lcd_Out_row
0x0433	0x3006      	MOVLW      6
0x0434	0x00E5      	MOVWF      FARG_Lcd_Out_column
0x0435	0x3021      	MOVLW      ?lstr1_jhamela_32lcd
0x0436	0x00E6      	MOVWF      FARG_Lcd_Out_text
0x0437	0x22E7      	CALL       _Lcd_Out
;jhamela lcd.c,62 :: 		PORTC.f7=1;
0x0438	0x1787      	BSF        PORTC, 7
;jhamela lcd.c,63 :: 		delay_ms(1000);
0x0439	0x301A      	MOVLW      26
0x043A	0x00FB      	MOVWF      R11
0x043B	0x305E      	MOVLW      94
0x043C	0x00FC      	MOVWF      R12
0x043D	0x306E      	MOVLW      110
0x043E	0x00FD      	MOVWF      R13
L_main15:
0x043F	0x0BFD      	DECFSZ     R13, 1
0x0440	0x2C3F      	GOTO       L_main15
0x0441	0x0BFC      	DECFSZ     R12, 1
0x0442	0x2C3F      	GOTO       L_main15
0x0443	0x0BFB      	DECFSZ     R11, 1
0x0444	0x2C3F      	GOTO       L_main15
0x0445	0x0000      	NOP
;jhamela lcd.c,64 :: 		}
L_main14:
;jhamela lcd.c,66 :: 		count=count+1;
0x0446	0x0ABA      	INCF       _count, 1
0x0447	0x1903      	BTFSC      STATUS, 2
0x0448	0x0ABB      	INCF       _count+1, 1
;jhamela lcd.c,67 :: 		IntToStr(count,x);
0x0449	0x083A      	MOVF       _count, 0
0x044A	0x00E4      	MOVWF      FARG_IntToStr_input
0x044B	0x083B      	MOVF       _count+1, 0
0x044C	0x00E5      	MOVWF      FARG_IntToStr_input+1
0x044D	0x3044      	MOVLW      _x
0x044E	0x00E6      	MOVWF      FARG_IntToStr_output
0x044F	0x21EE      	CALL       _IntToStr
;jhamela lcd.c,68 :: 		Lcd_Out(2,6,x);
0x0450	0x3002      	MOVLW      2
0x0451	0x00E4      	MOVWF      FARG_Lcd_Out_row
0x0452	0x3006      	MOVLW      6
0x0453	0x00E5      	MOVWF      FARG_Lcd_Out_column
0x0454	0x3044      	MOVLW      _x
0x0455	0x00E6      	MOVWF      FARG_Lcd_Out_text
0x0456	0x22E7      	CALL       _Lcd_Out
;jhamela lcd.c,69 :: 		delay_ms(100);
0x0457	0x3003      	MOVLW      3
0x0458	0x00FB      	MOVWF      R11
0x0459	0x308A      	MOVLW      138
0x045A	0x00FC      	MOVWF      R12
0x045B	0x3055      	MOVLW      85
0x045C	0x00FD      	MOVWF      R13
L_main16:
0x045D	0x0BFD      	DECFSZ     R13, 1
0x045E	0x2C5D      	GOTO       L_main16
0x045F	0x0BFC      	DECFSZ     R12, 1
0x0460	0x2C5D      	GOTO       L_main16
0x0461	0x0BFB      	DECFSZ     R11, 1
0x0462	0x2C5D      	GOTO       L_main16
0x0463	0x0000      	NOP
0x0464	0x0000      	NOP
;jhamela lcd.c,70 :: 		}
L_main7:
;jhamela lcd.c,72 :: 		if(afirst>ref && asecond<ref){
0x0465	0x3080      	MOVLW      128
0x0466	0x063D      	XORWF      _ref+1, 0
0x0467	0x00F0      	MOVWF      R0
0x0468	0x3080      	MOVLW      128
0x0469	0x065B      	XORWF      _afirst+1, 0
0x046A	0x0270      	SUBWF      R0, 0
0x046B	0x1D03      	BTFSS      STATUS, 2
0x046C	0x2C6F      	GOTO       L__main38
0x046D	0x085A      	MOVF       _afirst, 0
0x046E	0x023C      	SUBWF      _ref, 0
L__main38:
0x046F	0x1803      	BTFSC      STATUS, 0
0x0470	0x2CD9      	GOTO       L_main19
0x0471	0x3080      	MOVLW      128
0x0472	0x0659      	XORWF      _asecond+1, 0
0x0473	0x00F0      	MOVWF      R0
0x0474	0x3080      	MOVLW      128
0x0475	0x063D      	XORWF      _ref+1, 0
0x0476	0x0270      	SUBWF      R0, 0
0x0477	0x1D03      	BTFSS      STATUS, 2
0x0478	0x2C7B      	GOTO       L__main39
0x0479	0x083C      	MOVF       _ref, 0
0x047A	0x0258      	SUBWF      _asecond, 0
L__main39:
0x047B	0x1803      	BTFSC      STATUS, 0
0x047C	0x2CD9      	GOTO       L_main19
L__main27:
;jhamela lcd.c,73 :: 		while(asecond<ref){
L_main20:
0x047D	0x3080      	MOVLW      128
0x047E	0x0659      	XORWF      _asecond+1, 0
0x047F	0x00F0      	MOVWF      R0
0x0480	0x3080      	MOVLW      128
0x0481	0x063D      	XORWF      _ref+1, 0
0x0482	0x0270      	SUBWF      R0, 0
0x0483	0x1D03      	BTFSS      STATUS, 2
0x0484	0x2C87      	GOTO       L__main40
0x0485	0x083C      	MOVF       _ref, 0
0x0486	0x0258      	SUBWF      _asecond, 0
L__main40:
0x0487	0x1803      	BTFSC      STATUS, 0
0x0488	0x2C91      	GOTO       L_main21
;jhamela lcd.c,74 :: 		asecond=ADC_Read(1);
0x0489	0x3001      	MOVLW      1
0x048A	0x00E4      	MOVWF      FARG_ADC_Read_channel
0x048B	0x2270      	CALL       _ADC_Read
0x048C	0x0870      	MOVF       R0, 0
0x048D	0x00D8      	MOVWF      _asecond
0x048E	0x0871      	MOVF       R0+1, 0
0x048F	0x00D9      	MOVWF      _asecond+1
;jhamela lcd.c,76 :: 		}
0x0490	0x2C7D      	GOTO       L_main20
L_main21:
;jhamela lcd.c,77 :: 		while(afirst>ref){
L_main22:
0x0491	0x3080      	MOVLW      128
0x0492	0x063D      	XORWF      _ref+1, 0
0x0493	0x00F0      	MOVWF      R0
0x0494	0x3080      	MOVLW      128
0x0495	0x065B      	XORWF      _afirst+1, 0
0x0496	0x0270      	SUBWF      R0, 0
0x0497	0x1D03      	BTFSS      STATUS, 2
0x0498	0x2C9B      	GOTO       L__main41
0x0499	0x085A      	MOVF       _afirst, 0
0x049A	0x023C      	SUBWF      _ref, 0
L__main41:
0x049B	0x1803      	BTFSC      STATUS, 0
0x049C	0x2CA4      	GOTO       L_main23
;jhamela lcd.c,78 :: 		afirst=ADC_Read(0);
0x049D	0x01E4      	CLRF       FARG_ADC_Read_channel
0x049E	0x2270      	CALL       _ADC_Read
0x049F	0x0870      	MOVF       R0, 0
0x04A0	0x00DA      	MOVWF      _afirst
0x04A1	0x0871      	MOVF       R0+1, 0
0x04A2	0x00DB      	MOVWF      _afirst+1
;jhamela lcd.c,80 :: 		}
0x04A3	0x2C91      	GOTO       L_main22
L_main23:
;jhamela lcd.c,81 :: 		while(afirst<ref){
L_main24:
0x04A4	0x3080      	MOVLW      128
0x04A5	0x065B      	XORWF      _afirst+1, 0
0x04A6	0x00F0      	MOVWF      R0
0x04A7	0x3080      	MOVLW      128
0x04A8	0x063D      	XORWF      _ref+1, 0
0x04A9	0x0270      	SUBWF      R0, 0
0x04AA	0x1D03      	BTFSS      STATUS, 2
0x04AB	0x2CAE      	GOTO       L__main42
0x04AC	0x083C      	MOVF       _ref, 0
0x04AD	0x025A      	SUBWF      _afirst, 0
L__main42:
0x04AE	0x1803      	BTFSC      STATUS, 0
0x04AF	0x2CB7      	GOTO       L_main25
;jhamela lcd.c,82 :: 		afirst=ADC_Read(0);
0x04B0	0x01E4      	CLRF       FARG_ADC_Read_channel
0x04B1	0x2270      	CALL       _ADC_Read
0x04B2	0x0870      	MOVF       R0, 0
0x04B3	0x00DA      	MOVWF      _afirst
0x04B4	0x0871      	MOVF       R0+1, 0
0x04B5	0x00DB      	MOVWF      _afirst+1
;jhamela lcd.c,84 :: 		}
0x04B6	0x2CA4      	GOTO       L_main24
L_main25:
;jhamela lcd.c,86 :: 		count=count-1;
0x04B7	0x3001      	MOVLW      1
0x04B8	0x02BA      	SUBWF      _count, 1
0x04B9	0x1C03      	BTFSS      STATUS, 0
0x04BA	0x03BB      	DECF       _count+1, 1
;jhamela lcd.c,87 :: 		IntToStr(count,x);
0x04BB	0x083A      	MOVF       _count, 0
0x04BC	0x00E4      	MOVWF      FARG_IntToStr_input
0x04BD	0x083B      	MOVF       _count+1, 0
0x04BE	0x00E5      	MOVWF      FARG_IntToStr_input+1
0x04BF	0x3044      	MOVLW      _x
0x04C0	0x00E6      	MOVWF      FARG_IntToStr_output
0x04C1	0x21EE      	CALL       _IntToStr
;jhamela lcd.c,88 :: 		Lcd_Out(2,5,x);
0x04C2	0x3002      	MOVLW      2
0x04C3	0x00E4      	MOVWF      FARG_Lcd_Out_row
0x04C4	0x3005      	MOVLW      5
0x04C5	0x00E5      	MOVWF      FARG_Lcd_Out_column
0x04C6	0x3044      	MOVLW      _x
0x04C7	0x00E6      	MOVWF      FARG_Lcd_Out_text
0x04C8	0x22E7      	CALL       _Lcd_Out
;jhamela lcd.c,90 :: 		if(count == 0){
0x04C9	0x3000      	MOVLW      0
0x04CA	0x063B      	XORWF      _count+1, 0
0x04CB	0x1D03      	BTFSS      STATUS, 2
0x04CC	0x2CCF      	GOTO       L__main43
0x04CD	0x3000      	MOVLW      0
0x04CE	0x063A      	XORWF      _count, 0
L__main43:
0x04CF	0x1D03      	BTFSS      STATUS, 2
0x04D0	0x2CD9      	GOTO       L_main26
;jhamela lcd.c,91 :: 		PORTC.f7=0;
0x04D1	0x1387      	BCF        PORTC, 7
;jhamela lcd.c,92 :: 		Lcd_Out(1,6,"Lights Out!!");
0x04D2	0x3001      	MOVLW      1
0x04D3	0x00E4      	MOVWF      FARG_Lcd_Out_row
0x04D4	0x3006      	MOVLW      6
0x04D5	0x00E5      	MOVWF      FARG_Lcd_Out_column
0x04D6	0x302D      	MOVLW      ?lstr2_jhamela_32lcd
0x04D7	0x00E6      	MOVWF      FARG_Lcd_Out_text
0x04D8	0x22E7      	CALL       _Lcd_Out
;jhamela lcd.c,93 :: 		}
L_main26:
;jhamela lcd.c,96 :: 		}
L_main19:
;jhamela lcd.c,98 :: 		}
0x04D9	0x2B72      	GOTO       L_main0
;jhamela lcd.c,99 :: 		}
L_end_main:
0x04DA	0x2CDA      	GOTO       $+0
; end of _main
Symbol List:
//** Routines locations **
//ADDRESS    SIZE    PROCEDURE
//----------------------------------------------
0x0003       [7]    _Delay_50us
0x000A       [6]    _Delay_1us
0x0010      [13]    _Delay_5500us
0x001D      [12]    _SETFUN32
0x0029      [87]    _Lcd_Cmd
0x0080       [7]    _RES032
0x0087       [4]    _FIXSIGN32
0x008B      [29]    _Div_16x16_U
0x00A8      [12]    _SETFOV32
0x00B4       [7]    _____DoICP
0x00BB      [47]    _NRM3232
0x00EA      [66]    _WordToStr
0x012C       [9]    _Lcd_Chr_CP
0x0135       [8]    _Delay_22us
0x013D      [97]    _Mul_32x32_FP
0x019E      [80]    _Compare_Double
0x01EE     [108]    _IntToStr
0x025A      [22]    _Word2Double
0x0270      [27]    _ADC_Read
0x028B      [78]    _Lcd_Init
0x02D9      [14]    _ADC_Init
0x02E7      [64]    _Lcd_Out
0x0327      [12]    ___CC2DW
0x0333     [424]    _main
//** Variables locations ** 
//ADDRESS    SIZE    VARIABLE
//----------------------------------------------
0x0000       [1]    INDF
0x0002       [1]    PCL
0x0003       [1]    STATUS
0x0004       [1]    FSR
0x0006       [0]    RB4_bit
0x0006       [0]    LCD_RS
0x0006       [0]    LCD_EN
0x0006       [0]    RB2_bit
0x0006       [0]    RB3_bit
0x0006       [0]    RB1_bit
0x0006       [0]    RB5_bit
0x0006       [0]    RB0_bit
0x0006       [0]    LCD_D7
0x0006       [0]    LCD_D4
0x0006       [0]    LCD_D5
0x0006       [0]    LCD_D6
0x0007       [1]    PORTC
0x000A       [1]    PCLATH
0x001E       [1]    ADRES
0x001F       [1]    ADCON0
0x0020       [1]    __math_tempbD
0x0021      [12]    ?lstr1_jhamela_32lcd
0x002D      [13]    ?lstr2_jhamela_32lcd
0x003A       [2]    _count
0x003C       [2]    _ref
0x003E       [2]    ___DoICPAddr
0x0040       [0]    __Lib_Lcd_cmd_status
0x0041       [3]    _ADC_Get_Sample_Ptr
0x0044      [20]    _x
0x0058       [2]    _asecond
0x005A       [2]    _afirst
0x005C       [4]    _temp
0x0060       [4]    _tempa
0x0064       [1]    FARG_ADC_Read_channel
0x0064       [1]    FARG_Lcd_Out_row
0x0064       [2]    FARG_IntToStr_input
0x0065       [1]    FARG_Lcd_Out_column
0x0066       [1]    FARG_IntToStr_output
0x0066       [1]    FARG_Lcd_Out_text
0x0067       [2]    IntToStr_i_L0
0x0067       [1]    Lcd_Out_i_L0
0x0069       [2]    IntToStr_negative_L0
0x006B       [2]    IntToStr_inword_L0
0x006D       [1]    FARG_Lcd_Chr_CP_out_char
0x006D       [2]    FARG_WordToStr_input
0x006F       [1]    FARG_WordToStr_output
0x0070       [1]    R0
0x0071       [1]    R1
0x0072       [1]    R2
0x0073       [1]    R3
0x0074       [1]    R4
0x0075       [1]    R5
0x0076       [1]    R6
0x0077       [1]    R7
0x0078       [1]    R8
0x0079       [1]    R9
0x007A       [1]    R10
0x007B       [1]    R11
0x007C       [1]    R12
0x007D       [1]    R13
0x007E       [1]    R14
0x007F       [1]    R15
0x0086       [0]    LCD_D6_Direction
0x0086       [0]    LCD_D7_Direction
0x0086       [0]    TRISB2_bit
0x0086       [0]    LCD_RS_Direction
0x0086       [0]    TRISB1_bit
0x0086       [0]    TRISB5_bit
0x0086       [0]    LCD_EN_Direction
0x0086       [0]    TRISB3_bit
0x0086       [0]    LCD_D5_Direction
0x0086       [0]    LCD_D4_Direction
0x0086       [0]    TRISB4_bit
0x0086       [0]    TRISB0_bit
0x0087       [0]    TRISC7_bit
0x00A0       [1]    WordToStr_len_L0
0x00A1       [1]    FLOC__WordToStr
0x00A2       [1]    FARG_Lcd_Cmd_out_char
//** Label List: ** 
//----------------------------------------------
  L_main0
  L_main1
  L_main2
  L_main3
  L_main4
  L_main5
  L_main6
  L_main7
  L_main8
  L_main9
  L_main10
  L_main11
  L_main12
  L_main13
  L_main14
  L_main15
  L_main16
  L_main17
  L_main18
  L_main19
  L_main20
  L_main21
  L_main22
  L_main23
  L_main24
  L_main25
  L_main26
  L__main27
  L__main28
  L__main29
  L_end_main
  _main
  L__main31
  L__main32
  L__main33
  L__main34
  L__main35
  L__main36
  L__main37
  L__main38
  L__main39
  L__main40
  L__main41
  L__main42
  L__main43
  L_ADC_Get_Sample0
  L_ADC_Get_Sample1
  L_ADC_Read2
  L_ADC_Read3
  L_end_ADC_Init
  _ADC_Init
  L_end_ADC_Get_Sample
  _ADC_Get_Sample
  L_end_ADC_Read
  _ADC_Read
  L_ByteToStr0
  L_ByteToStr1
  L_ByteToStr2
  L_ByteToStr3
  L_ByteToStr4
  L_ByteToStr5
  L_WordToStr6
  L_WordToStr7
  L_WordToStr8
  L_WordToStr9
  L_WordToStr10
  L_WordToStr11
  L_WordToStrWithZeros12
  L_WordToStrWithZeros13
  L_WordToStrWithZeros14
  L_WordToStrWithZeros15
  L_WordToStrWithZeros16
  L_ShortToStr17
  L_ShortToStr18
  L_ShortToStr19
  L_ShortToStr20
  L_ShortToStr21
  L_ShortToStr22
  L_IntToStr23
  L_IntToStr24
  L_IntToStr25
  L_IntToStr26
  L_IntToStr27
  L_IntToStr28
  L_IntToStrWithZeros29
  L_IntToStrWithZeros30
  L_IntToStrWithZeros31
  L_IntToStrWithZeros32
  L_IntToStrWithZeros33
  L_IntToStrWithZeros34
  L_IntToStrWithZeros35
  L_IntToStrWithZeros36
  L_IntToStrWithZeros37
  L_LongWordToStr38
  L_LongWordToStr39
  L_LongWordToStr40
  L_LongWordToStr41
  L_LongWordToStr42
  L_LongWordToStr43
  L_LongWordToStrWithZeros44
  L_LongWordToStrWithZeros45
  L_LongWordToStrWithZeros46
  L_LongWordToStrWithZeros47
  L_LongWordToStrWithZeros48
  L_LongToStr49
  L_LongToStr50
  L_LongToStr51
  L_LongToStr52
  L_LongToStr53
  L_LongToStr54
  L_LongIntToStrWithZeros55
  L_LongIntToStrWithZeros56
  L_LongIntToStrWithZeros57
  L_LongIntToStrWithZeros58
  L_LongIntToStrWithZeros59
  L_LongIntToStrWithZeros60
  L_LongIntToStrWithZeros61
  L_LongIntToStrWithZeros62
  L_LongIntToStrWithZeros63
  L_Dec2Bcd64
  L_Dec2Bcd65
  L_Rtrim66
  L_Rtrim67
  L_Rtrim68
  L_Rtrim69
  L_Ltrim70
  L_Ltrim71
  L_Ltrim72
  L_Ltrim73
  L_Ltrim74
  L_Ltrim75
  L_FloatToStr76
  L_FloatToStr77
  L_FloatToStr78
  L_FloatToStr79
  L_FloatToStr80
  L_FloatToStr81
  L_FloatToStr82
  L_FloatToStr83
  L_FloatToStr84
  L_FloatToStr85
  L_FloatToStr86
  L_FloatToStr87
  L_FloatToStr88
  L_FloatToStr89
  L_FloatToStr90
  L_FloatToStr91
  L_FloatToStr92
  L_FloatToStr93
  L_FloatToStr94
  L_FloatToStr95
  L_FloatToStr96
  L_FloatToStr97
  L__Rtrim98
  L__Ltrim99
  L__FloatToStr100
  L_end_ByteToHex
  _ByteToHex
  L_end_ShortToHex
  _ShortToHex
  L_end_WordToHex
  _WordToHex
  L_end_IntToHex
  _IntToHex
  L_end_LongWordToHex
  _LongWordToHex
  L_end_LongIntToHex
  _LongIntToHex
  L_end_ByteToStr
  _ByteToStr
  L_end_WordToStr
  _WordToStr
  L__WordToStr109
  L_end_WordToStrWithZeros
  _WordToStrWithZeros
  L__WordToStrWithZeros111
  L_end_ShortToStr
  _ShortToStr
  L__ShortToStr113
  L_end_IntToStr
  _IntToStr
  L__IntToStr115
  L__IntToStr116
  L_end_IntToStrWithZeros
  _IntToStrWithZeros
  L__IntToStrWithZeros118
  L__IntToStrWithZeros119
  L__IntToStrWithZeros120
  L_end_LongWordToStr
  _LongWordToStr
  L__LongWordToStr122
  L__LongWordToStr123
  L_end_LongWordToStrWithZeros
  _LongWordToStrWithZeros
  L__LongWordToStrWithZeros125
  L_end_LongToStr
  _LongToStr
  L__LongToStr127
  L__LongToStr128
  L_end_LongIntToStrWithZeros
  _LongIntToStrWithZeros
  L__LongIntToStrWithZeros130
  L__LongIntToStrWithZeros131
  L__LongIntToStrWithZeros132
  L_end_Dec2Bcd
  _Dec2Bcd
  L_end_Bcd2Dec
  _Bcd2Dec
  L_end_Bcd2Dec16
  _Bcd2Dec16
  L__Bcd2Dec16136
  L__Bcd2Dec16137
  L_end_Dec2Bcd16
  _Dec2Bcd16
  L__Dec2Bcd16139
  L__Dec2Bcd16140
  L_end_Rtrim
  _Rtrim
  L_end_Ltrim
  _Ltrim
  L_end_FloatToStr
  _FloatToStr
  L__FloatToStr144
  L__FloatToStr145
  L__FloatToStr146
  L__FloatToStr147
  L__FloatToStr148
  L_Delay_10us0
  L_Delay_22us1
  L_Delay_50us2
  L_Delay_80us3
  L_Delay_500us4
  L_Delay_5500us5
  L_Delay_1ms6
  L_Delay_5ms7
  L_Delay_8ms8
  L_Delay_10ms9
  L_Delay_100ms10
  L_Delay_1sec11
  L_boot16_Delay_5ms12
  L_Delay_Cyc13
  L_Delay_Cyc14
  L_VDelay_ms15
  L_VDelay_ms16
  L_VDelay_ms17
  L_VDelay_Advanced_ms18
  L_VDelay_Advanced_ms19
  L_VDelay_Advanced_ms20
  L_end_Get_Fosc_kHz
  _Get_Fosc_kHz
  L_end_Delay_1us
  _Delay_1us
  L_end_Delay_10us
  _Delay_10us
  L_end_Delay_22us
  _Delay_22us
  L_end_Delay_50us
  _Delay_50us
  L_end_Delay_80us
  _Delay_80us
  L_end_Delay_500us
  _Delay_500us
  L_end_Delay_5500us
  _Delay_5500us
  L_end_Delay_1ms
  _Delay_1ms
  L_end_Delay_5ms
  _Delay_5ms
  L_end_Delay_8ms
  _Delay_8ms
  L_end_Delay_10ms
  _Delay_10ms
  L_end_Delay_100ms
  _Delay_100ms
  L_end_Delay_1sec
  _Delay_1sec
  L_end_boot16_Delay_5ms
  _boot16_Delay_5ms
  L_end_Delay_Cyc
  _Delay_Cyc
  L_end_VDelay_ms
  _VDelay_ms
  L__VDelay_ms38
  L__VDelay_ms39
  L__VDelay_ms40
  L_end_VDelay_Advanced_ms
  _VDelay_Advanced_ms
  L__VDelay_Advanced_ms42
  L__VDelay_Advanced_ms43
  L__VDelay_Advanced_ms44
  L_Lcd_Cmd0
  L_Lcd_Cmd1
  L_Lcd_Out_CP2
  L_Lcd_Out_CP3
  L_Lcd_Chr4
  L_Lcd_Chr5
  L_Lcd_Chr6
  L_Lcd_Chr7
  L_Lcd_Chr8
  L_Lcd_Chr9
  L_Lcd_Chr10
  L_Lcd_Out11
  L_Lcd_Out12
  L_Lcd_Out13
  L_Lcd_Out14
  L_Lcd_Out15
  L_Lcd_Out16
  L_Lcd_Out17
  L_Lcd_Out18
  L_Lcd_Out19
  L_end_Lcd_Cmd
  _Lcd_Cmd
  L__Lcd_Cmd21
  L__Lcd_Cmd22
  L__Lcd_Cmd23
  L__Lcd_Cmd24
  L__Lcd_Cmd25
  L__Lcd_Cmd26
  L__Lcd_Cmd27
  L__Lcd_Cmd28
  L__Lcd_Cmd29
  L__Lcd_Cmd30
  L__Lcd_Cmd31
  L__Lcd_Cmd32
  L__Lcd_Cmd33
  L__Lcd_Cmd34
  L__Lcd_Cmd35
  L__Lcd_Cmd36
  L__Lcd_Cmd37
  L__Lcd_Cmd38
  L__Lcd_Cmd39
  L__Lcd_Cmd40
  L_end_Lcd_Chr_CP
  _Lcd_Chr_CP
  L_end_Lcd_Out_CP
  _Lcd_Out_CP
  L_end_Lcd_Chr
  _Lcd_Chr
  L_end_Lcd_Init
  _Lcd_Init
  L_end_Lcd_Out
  _Lcd_Out
  L_Div_16x16_S0
  L_Div_16x16_S1
  LOOPS3232A
  SADD22LA
  SOK22LA
  SADD22L8
  SOK22L8
  LOOPS3232B
  SADD22LB
  SOK22LB
  SADD22L16
  SOK22L16
  LOOPS3232C
  SADD22LC
  SOK22LC
  SADD22L24
  SOK22L24
  LOOPS3232D
  SADD22LD
  SOK22LD
  SOK22L
  L_Div_32x32_S6
  L_Div_32x32_S7
  L_Div_32x32_S8
  L_Div_32x32_S9
  FXD3232S
  END_ALL
  CA3232S
  C3232SX
  C3232SX1
  C3232S
  C3232S2
  C3232SX4
  C3232SOK
  C3232SX3
  C3232SX2
  avoid_comfrem
  LOOPU3232A
  UADD22LA
  UOK22LA
  UADD22L8
  UOK22L8
  LOOPU3232B
  UADD22LB
  UOK22LB
  UADD22L16
  UOK22L16
  LOOPU3232C
  UADD22LC
  UOK22LC
  UADD22L24
  UOK22L24
  LOOPU3232D
  UADD22LD
  UOK22LD
  UOK22L
  _NEXT
  _EXIT2
  _LOOP
  _EXIT1
  _IF_FIRST
  _IF_SECOND
  _INVERCE_FIRST
  _MULT
  _INBERSE_SECOND
  _EXIT
  L_end_Mul_8x8_U
  _Mul_8x8_U
  L_end_Mul_16x16_U
  _Mul_16x16_U
  L_end_Div_8x8_U
  _Div_8x8_U
  L_end_Div_16x16_U
  _Div_16x16_U
  L_end_Mul_8x8_S
  _Mul_8x8_S
  L_end_Mul_16x16_S
  _Mul_16x16_S
  L_end_Div_16x16_S_L
  _Div_16x16_S_L
  L_end_Div_16x16_S
  _Div_16x16_S
  L_end_Div_8x8_S
  _Div_8x8_S
  L_end_SDIV3232L
  _SDIV3232L
  L_end_COMFREM
  _COMFREM
  L_end_Div_32x32_S
  _Div_32x32_S
  L_end_Div_32x32_U
  _Div_32x32_U
  L_end_Mul_32x32_U
  _Mul_32x32_U
  L_end_Mul_32x32_S
  _Mul_32x32_S
  SETFOV32EEE
  SETFUN32EEE
  NORM3232
  JPNRES032
  JPNSETFUN32
  NORM3232A
  JMPNFIXSIGN32
  NORM32EEE
  NRMRND4032
  NRM4032
  JMPSETFOV32
  NORM4032
  JMPRES032
  JMPSETFUN32
  NORM4032A
  JMPFIXSIGN32
  NRM4032EEE
  USEA32
  JMPEEE
  ALIGNED32
  ALIGNB32
  ALOOPB32
  AOK32
  ACOMP32
  JMPNRMRND4032
  ADD_JMPSETFOV32
  JMPNRM4032
  JMPNRM32
  ADD32EEE
  FPM32
  JPMRES032
  M32BNE0
  MTUN32
  JPMSETFOV32
  MOK32
  JPMSETFUN32
  MLOOP32
  MNOADD32
  MADD32
  MROUND32
  MUL32OK
  MUL32EEE
  L_Div_32x32_FP7
  L_Div_32x32_FP8
  L_Div_32x32_FP9
  L_Div_32x32_FP10
  FPD32
  JPDSETFDZ32
  JPDRES032
  D32BNE0
  TALIGN32
  TS1ALIGN32
  TS2ALIGN32
  DALIGN32OK
  ALTB32
  AGEB32
  JPDSETFOV32
  DARGOK32
  JPDSETFUN32
  DLOOP32
  DS132
  DS232
  DREST32
  DOK32
  DAREST32
  DROUND32
  DIV32OK
  DIV32EEE
  SETIOV3224EEE
  INT3232U
  INT3232UEOK
  SETEXP32U
  SETIOV32U
  TSHIFT3232U
  SHIFT3232UOK
  SHIFT3232U
  INT3232UOK
  JPLSETIOV3224
  IRES032U
  INT3232UEER
  INT3232UEEE
  L_Double2Longword_0
  INT3232
  INT3232EOK
  SETIOV32
  TSHIFT3232
  SHIFT3232OK
  SHIFT3232
  INT3232OK
  JPISETIOV3224
  IRES032
  INT3232EER
  INT3232EEE
  L_Double2Longint_0
  INT3216
  IRES016
  SETIOV16
  TSHIFT3216
  SHIFT3216OK
  SHIFT3216
  INT3216OK
  JPJSETIOV3224
  INT3216EOK
  INT3216EER
  INT3216EEE
  L_Double2Int_0
  INT3216U
  IRES016U
  SETEXP16U
  SETIOV16U
  TSHIFT3216U
  SHIFT3216UOK
  SHIFT3216U
  INT3216UOK
  JPKSETIOV3224
  INT3216UEOK
  INT3216UEER
  INT3216UEEE
  L_Double2Word_0
  INT32U08
  IRES008
  SETEXP08
  SETIOV08
  TSHIFT3208
  SHIFT3208OK
  SHIFT3208
  INT3208OK
  D2B_JPKSETIOV3224
  INT3208EOK
  INT3208EER
  INT3208EEE
  L_Double2Byte_0
  FLO08U32
  FLO1632
  FLO1632EEE
  FLO16U32
  FLO3232
  FLO3232EEE
  FLO32U32
  EQU_FALSE
  COMPARE_EQU
  COMPARE_NOTZERO
  COMPARE_XNOTZERO
  COMPARE_YNOTZERO
  COMPARE_LT
  COMPARE_GT
  COMPARE_TESTALL
  COMPARE_C1
  GT_FALSE
  GT_TRUE
  COMPARE_C2
  COMPARE_C3
  L_end_SETFOV32
  _SETFOV32
  L_end_SETFDZ32
  _SETFDZ32
  L_end_FIXSIGN32
  _FIXSIGN32
  L_end_RES032
  _RES032
  L_end_SETFUN32
  _SETFUN32
  L_end_NRM3232
  _NRM3232
  L_end_NRM4032
  _NRM4032
  L_end_Add_32x32_FP
  _Add_32x32_FP
  L_end_Sub_32x32_FP
  _Sub_32x32_FP
  L_end_Mul_32x32_FP
  _Mul_32x32_FP
  L_end_Div_32x32_FP
  _Div_32x32_FP
  L_end_SETIOV3224
  _SETIOV3224
  L_end_Double2Longword
  _Double2Longword
  L_end_Double2Longint
  _Double2Longint
  L_end_Double2Int
  _Double2Int
  L_end_Double2Word
  _Double2Word
  L_end_Double2Byte
  _Double2Byte
  L_end_Byte2Double
  _Byte2Double
  L_end_Int2Double
  _Int2Double
  L_end_Word2Double
  _Word2Double
  L_end_Longint2Double
  _Longint2Double
  L_end_Longword2Double
  _Longword2Double
  L_end_Equals_Double
  _Equals_Double
  L_end_Compare_Double
  _Compare_Double
  L_loopCA2AWs
  L_CA2AWend
  _CCA2AW_Loop1
  L_loopCS2Ss
  L_CS2Send
  _CCS2S_Loop1
  L_CCS2Send
  L_loopFZinSWs
  L_FZinSend
  _CC2D_Loop1
  L_end_____DoICP
  _____DoICP
  L_end_____DoIFC
  _____DoIFC
  L_end___CA2AW
  ___CA2AW
  L_end___CCA2AW
  ___CCA2AW
  L_end___CS2S
  ___CS2S
  L_end___CCS2S
  ___CCS2S
  L_end___FZinS
  ___FZinS
  L_end___CC2DW
  ___CC2DW
  L_end_Swap
  _Swap
