;  LST file generated by mikroListExporter - v.2.0 
; Date/Time: 9/5/2016 1:35:59 AM
;----------------------------------------------

;Address Opcode 	ASM
0x0000	0x2A5D      	GOTO       605
_Delay_50us:
;__Lib_Delays.c,19 :: 		void Delay_50us() {
;__Lib_Delays.c,20 :: 		Delay_us(50);
0x0003	0x3053      	MOVLW      83
0x0004	0x1283      	BCF        STATUS, 5
0x0005	0x1303      	BCF        STATUS, 6
0x0006	0x00FD      	MOVWF      R13
L_Delay_50us2:
0x0007	0x0BFD      	DECFSZ     R13, 1
0x0008	0x2807      	GOTO       L_Delay_50us2
;__Lib_Delays.c,21 :: 		}
L_end_Delay_50us:
0x0009	0x0008      	RETURN
; end of _Delay_50us
_Delay_1us:
;__Lib_Delays.c,7 :: 		void Delay_1us() {
;__Lib_Delays.c,8 :: 		Delay_us(1);
0x000A	0x0000      	NOP
0x000B	0x0000      	NOP
0x000C	0x0000      	NOP
0x000D	0x0000      	NOP
0x000E	0x0000      	NOP
;__Lib_Delays.c,9 :: 		}
L_end_Delay_1us:
0x000F	0x0008      	RETURN
; end of _Delay_1us
_Delay_5500us:
;__Lib_Delays.c,31 :: 		void Delay_5500us() {
;__Lib_Delays.c,32 :: 		Delay_us(5500);
0x0010	0x3024      	MOVLW      36
0x0011	0x1283      	BCF        STATUS, 5
0x0012	0x1303      	BCF        STATUS, 6
0x0013	0x00FC      	MOVWF      R12
0x0014	0x30B5      	MOVLW      181
0x0015	0x00FD      	MOVWF      R13
L_Delay_5500us5:
0x0016	0x0BFD      	DECFSZ     R13, 1
0x0017	0x2816      	GOTO       L_Delay_5500us5
0x0018	0x0BFC      	DECFSZ     R12, 1
0x0019	0x2816      	GOTO       L_Delay_5500us5
0x001A	0x0000      	NOP
0x001B	0x0000      	NOP
;__Lib_Delays.c,33 :: 		}
L_end_Delay_5500us:
0x001C	0x0008      	RETURN
; end of _Delay_5500us
_RES032:
;__Lib_MathDouble.c,123 :: 		
;__Lib_MathDouble.c,128 :: 		
0x001D	0x01F2      	CLRF       R2
;__Lib_MathDouble.c,129 :: 		
0x001E	0x01F1      	CLRF       R1
;__Lib_MathDouble.c,130 :: 		
0x001F	0x01F0      	CLRF       R0
;__Lib_MathDouble.c,131 :: 		
0x0020	0x01F8      	CLRF       R8
;__Lib_MathDouble.c,132 :: 		
0x0021	0x01F3      	CLRF       R3
;__Lib_MathDouble.c,133 :: 		
0x0022	0x3000      	MOVLW      0
;__Lib_MathDouble.c,135 :: 		
L_end_RES032:
0x0023	0x0008      	RETURN
; end of _RES032
_Lcd_Cmd:
;__Lib_Lcd.c,18 :: 		
;__Lib_Lcd.c,20 :: 		
0x0024	0x1283      	BCF        STATUS, 5
0x0025	0x1303      	BCF        STATUS, 6
0x0026	0x1BD5      	BTFSC      FARG_Lcd_Cmd_out_char, 7
0x0027	0x282A      	GOTO       L__Lcd_Cmd21
0x0028	0x1006      	BCF        LCD_D7, BitPos(LCD_D7+0)
0x0029	0x282B      	GOTO       L__Lcd_Cmd22
L__Lcd_Cmd21:
0x002A	0x1406      	BSF        LCD_D7, BitPos(LCD_D7+0)
L__Lcd_Cmd22:
;__Lib_Lcd.c,21 :: 		
0x002B	0x1B55      	BTFSC      FARG_Lcd_Cmd_out_char, 6
0x002C	0x282F      	GOTO       L__Lcd_Cmd23
0x002D	0x1086      	BCF        LCD_D6, BitPos(LCD_D6+0)
0x002E	0x2830      	GOTO       L__Lcd_Cmd24
L__Lcd_Cmd23:
0x002F	0x1486      	BSF        LCD_D6, BitPos(LCD_D6+0)
L__Lcd_Cmd24:
;__Lib_Lcd.c,22 :: 		
0x0030	0x1AD5      	BTFSC      FARG_Lcd_Cmd_out_char, 5
0x0031	0x2834      	GOTO       L__Lcd_Cmd25
0x0032	0x1106      	BCF        LCD_D5, BitPos(LCD_D5+0)
0x0033	0x2835      	GOTO       L__Lcd_Cmd26
L__Lcd_Cmd25:
0x0034	0x1506      	BSF        LCD_D5, BitPos(LCD_D5+0)
L__Lcd_Cmd26:
;__Lib_Lcd.c,23 :: 		
0x0035	0x1A55      	BTFSC      FARG_Lcd_Cmd_out_char, 4
0x0036	0x2839      	GOTO       L__Lcd_Cmd27
0x0037	0x1186      	BCF        LCD_D4, BitPos(LCD_D4+0)
0x0038	0x283A      	GOTO       L__Lcd_Cmd28
L__Lcd_Cmd27:
0x0039	0x1586      	BSF        LCD_D4, BitPos(LCD_D4+0)
L__Lcd_Cmd28:
;__Lib_Lcd.c,25 :: 		
0x003A	0x184C      	BTFSC      __Lib_Lcd_cmd_status, BitPos(__Lib_Lcd_cmd_status+0)
0x003B	0x283E      	GOTO       L__Lcd_Cmd29
0x003C	0x1606      	BSF        LCD_RS, BitPos(LCD_RS+0)
0x003D	0x283F      	GOTO       L__Lcd_Cmd30
L__Lcd_Cmd29:
0x003E	0x1206      	BCF        LCD_RS, BitPos(LCD_RS+0)
L__Lcd_Cmd30:
;__Lib_Lcd.c,28 :: 		
0x003F	0x1686      	BSF        LCD_EN, BitPos(LCD_EN+0)
;__Lib_Lcd.c,29 :: 		
0x0040	0x200A      	CALL       _Delay_1us
;__Lib_Lcd.c,30 :: 		
0x0041	0x1286      	BCF        LCD_EN, BitPos(LCD_EN+0)
;__Lib_Lcd.c,33 :: 		
0x0042	0x19D5      	BTFSC      FARG_Lcd_Cmd_out_char, 3
0x0043	0x2846      	GOTO       L__Lcd_Cmd31
0x0044	0x1006      	BCF        LCD_D7, BitPos(LCD_D7+0)
0x0045	0x2847      	GOTO       L__Lcd_Cmd32
L__Lcd_Cmd31:
0x0046	0x1406      	BSF        LCD_D7, BitPos(LCD_D7+0)
L__Lcd_Cmd32:
;__Lib_Lcd.c,34 :: 		
0x0047	0x1955      	BTFSC      FARG_Lcd_Cmd_out_char, 2
0x0048	0x284B      	GOTO       L__Lcd_Cmd33
0x0049	0x1086      	BCF        LCD_D6, BitPos(LCD_D6+0)
0x004A	0x284C      	GOTO       L__Lcd_Cmd34
L__Lcd_Cmd33:
0x004B	0x1486      	BSF        LCD_D6, BitPos(LCD_D6+0)
L__Lcd_Cmd34:
;__Lib_Lcd.c,35 :: 		
0x004C	0x18D5      	BTFSC      FARG_Lcd_Cmd_out_char, 1
0x004D	0x2850      	GOTO       L__Lcd_Cmd35
0x004E	0x1106      	BCF        LCD_D5, BitPos(LCD_D5+0)
0x004F	0x2851      	GOTO       L__Lcd_Cmd36
L__Lcd_Cmd35:
0x0050	0x1506      	BSF        LCD_D5, BitPos(LCD_D5+0)
L__Lcd_Cmd36:
;__Lib_Lcd.c,36 :: 		
0x0051	0x1855      	BTFSC      FARG_Lcd_Cmd_out_char, 0
0x0052	0x2855      	GOTO       L__Lcd_Cmd37
0x0053	0x1186      	BCF        LCD_D4, BitPos(LCD_D4+0)
0x0054	0x2856      	GOTO       L__Lcd_Cmd38
L__Lcd_Cmd37:
0x0055	0x1586      	BSF        LCD_D4, BitPos(LCD_D4+0)
L__Lcd_Cmd38:
;__Lib_Lcd.c,38 :: 		
0x0056	0x184C      	BTFSC      __Lib_Lcd_cmd_status, BitPos(__Lib_Lcd_cmd_status+0)
0x0057	0x285A      	GOTO       L__Lcd_Cmd39
0x0058	0x1606      	BSF        LCD_RS, BitPos(LCD_RS+0)
0x0059	0x285B      	GOTO       L__Lcd_Cmd40
L__Lcd_Cmd39:
0x005A	0x1206      	BCF        LCD_RS, BitPos(LCD_RS+0)
L__Lcd_Cmd40:
;__Lib_Lcd.c,40 :: 		
0x005B	0x1686      	BSF        LCD_EN, BitPos(LCD_EN+0)
;__Lib_Lcd.c,41 :: 		
0x005C	0x200A      	CALL       _Delay_1us
;__Lib_Lcd.c,42 :: 		
0x005D	0x1286      	BCF        LCD_EN, BitPos(LCD_EN+0)
;__Lib_Lcd.c,44 :: 		
0x005E	0x1C4C      	BTFSS      __Lib_Lcd_cmd_status, BitPos(__Lib_Lcd_cmd_status+0)
0x005F	0x2862      	GOTO       L_Lcd_Cmd0
;__Lib_Lcd.c,45 :: 		
0x0060	0x2010      	CALL       _Delay_5500us
0x0061	0x2863      	GOTO       L_Lcd_Cmd1
L_Lcd_Cmd0:
;__Lib_Lcd.c,47 :: 		
0x0062	0x2003      	CALL       _Delay_50us
L_Lcd_Cmd1:
;__Lib_Lcd.c,48 :: 		
L_end_Lcd_Cmd:
0x0063	0x0008      	RETURN
; end of _Lcd_Cmd
_FIXSIGN32:
;__Lib_MathDouble.c,112 :: 		
;__Lib_MathDouble.c,116 :: 		
0x0064	0x1FFA      	BTFSS      R10, 7
;__Lib_MathDouble.c,117 :: 		
0x0065	0x13F2      	BCF        R2, 7
;__Lib_MathDouble.c,118 :: 		
0x0066	0x3000      	MOVLW      0
;__Lib_MathDouble.c,120 :: 		
L_end_FIXSIGN32:
0x0067	0x0008      	RETURN
; end of _FIXSIGN32
_SETFUN32:
;__Lib_MathDouble.c,138 :: 		
;__Lib_MathDouble.c,145 :: 		
0x0068	0x157B      	BSF        R11, 2
;__Lib_MathDouble.c,146 :: 		
0x0069	0x1FFB      	BTFSS      R11, 7
;__Lib_MathDouble.c,147 :: 		
0x006A	0x2872      	GOTO       SETFUN32EEE
;__Lib_MathDouble.c,148 :: 		
0x006B	0x3001      	MOVLW      1
;__Lib_MathDouble.c,149 :: 		
0x006C	0x00F3      	MOVWF      R3
;__Lib_MathDouble.c,150 :: 		
0x006D	0x01F2      	CLRF       R2
;__Lib_MathDouble.c,151 :: 		
0x006E	0x01F1      	CLRF       R1
;__Lib_MathDouble.c,152 :: 		
0x006F	0x01F0      	CLRF       R0
;__Lib_MathDouble.c,153 :: 		
0x0070	0x0DFA      	RLF        R10, 1
;__Lib_MathDouble.c,154 :: 		
0x0071	0x0CF2      	RRF        R2, 1
;__Lib_MathDouble.c,155 :: 		
SETFUN32EEE:
;__Lib_MathDouble.c,156 :: 		
0x0072	0x30FF      	MOVLW      255
;__Lib_MathDouble.c,158 :: 		
L_end_SETFUN32:
0x0073	0x0008      	RETURN
; end of _SETFUN32
_Delay_22us:
;__Lib_Delays.c,15 :: 		void Delay_22us() {
;__Lib_Delays.c,16 :: 		Delay_us(22);
0x0074	0x3024      	MOVLW      36
0x0075	0x1283      	BCF        STATUS, 5
0x0076	0x1303      	BCF        STATUS, 6
0x0077	0x00FD      	MOVWF      R13
L_Delay_22us1:
0x0078	0x0BFD      	DECFSZ     R13, 1
0x0079	0x2878      	GOTO       L_Delay_22us1
0x007A	0x0000      	NOP
;__Lib_Delays.c,17 :: 		}
L_end_Delay_22us:
0x007B	0x0008      	RETURN
; end of _Delay_22us
_NRM3232:
;__Lib_MathDouble.c,167 :: 		
;__Lib_MathDouble.c,173 :: 		
;__Lib_MathDouble.c,175 :: 		
0x007C	0x01A0      	CLRF       __math_tempbD
;__Lib_MathDouble.c,176 :: 		
0x007D	0x0872      	MOVF       R2, 0
;__Lib_MathDouble.c,177 :: 		
0x007E	0x1D03      	BTFSS      STATUS, 2
;__Lib_MathDouble.c,178 :: 		
0x007F	0x2891      	GOTO       NORM3232
;__Lib_MathDouble.c,179 :: 		
0x0080	0x0871      	MOVF       R1, 0
;__Lib_MathDouble.c,180 :: 		
0x0081	0x00F2      	MOVWF      R2
;__Lib_MathDouble.c,181 :: 		
0x0082	0x0870      	MOVF       R0, 0
;__Lib_MathDouble.c,182 :: 		
0x0083	0x00F1      	MOVWF      R1
;__Lib_MathDouble.c,183 :: 		
0x0084	0x01F0      	CLRF       R0
;__Lib_MathDouble.c,184 :: 		
0x0085	0x15A0      	BSF        __math_tempbD, 3
;__Lib_MathDouble.c,186 :: 		
0x0086	0x0872      	MOVF       R2, 0
;__Lib_MathDouble.c,187 :: 		
0x0087	0x1D03      	BTFSS      STATUS, 2
;__Lib_MathDouble.c,188 :: 		
0x0088	0x2891      	GOTO       NORM3232
;__Lib_MathDouble.c,189 :: 		
0x0089	0x0871      	MOVF       R1, 0
;__Lib_MathDouble.c,190 :: 		
0x008A	0x00F2      	MOVWF      R2
;__Lib_MathDouble.c,191 :: 		
0x008B	0x01F1      	CLRF       R1
;__Lib_MathDouble.c,192 :: 		
0x008C	0x11A0      	BCF        __math_tempbD, 3
;__Lib_MathDouble.c,193 :: 		
0x008D	0x1620      	BSF        __math_tempbD, 4
;__Lib_MathDouble.c,195 :: 		
0x008E	0x0872      	MOVF       R2, 0
;__Lib_MathDouble.c,196 :: 		
0x008F	0x1903      	BTFSC      STATUS, 2
;__Lib_MathDouble.c,197 :: 		
0x0090	0x289F      	GOTO       JPNRES032
;__Lib_MathDouble.c,198 :: 		
NORM3232:
;__Lib_MathDouble.c,199 :: 		
0x0091	0x0820      	MOVF       __math_tempbD, 0
;__Lib_MathDouble.c,200 :: 		
0x0092	0x02F3      	SUBWF      R3, 1
;__Lib_MathDouble.c,201 :: 		
0x0093	0x1D03      	BTFSS      STATUS, 2
;__Lib_MathDouble.c,202 :: 		
0x0094	0x1C03      	BTFSS      STATUS, 0
;__Lib_MathDouble.c,203 :: 		
0x0095	0x28A3      	GOTO       JPNSETFUN32
;__Lib_MathDouble.c,204 :: 		
0x0096	0x1003      	BCF        STATUS, 0
;__Lib_MathDouble.c,205 :: 		
NORM3232A:
;__Lib_MathDouble.c,206 :: 		
0x0097	0x1BF2      	BTFSC      R2, 7
;__Lib_MathDouble.c,207 :: 		
0x0098	0x28A7      	GOTO       JMPNFIXSIGN32
;__Lib_MathDouble.c,208 :: 		
0x0099	0x0DF0      	RLF        R0, 1
;__Lib_MathDouble.c,209 :: 		
0x009A	0x0DF1      	RLF        R1, 1
;__Lib_MathDouble.c,210 :: 		
0x009B	0x0DF2      	RLF        R2, 1
;__Lib_MathDouble.c,211 :: 		
0x009C	0x0BF3      	DECFSZ     R3, 1
;__Lib_MathDouble.c,212 :: 		
0x009D	0x2897      	GOTO       NORM3232A
;__Lib_MathDouble.c,213 :: 		
0x009E	0x28A3      	GOTO       JPNSETFUN32
;__Lib_MathDouble.c,214 :: 		
JPNRES032:
;__Lib_MathDouble.c,215 :: 		
0x009F	0x3001      	MOVLW      1
;__Lib_MathDouble.c,216 :: 		
0x00A0	0x00FC      	MOVWF      R12
;__Lib_MathDouble.c,218 :: 		
0x00A1	0x201D      	CALL       _RES032
;__Lib_MathDouble.c,220 :: 		
0x00A2	0x28AA      	GOTO       NORM32EEE
;__Lib_MathDouble.c,221 :: 		
JPNSETFUN32:
;__Lib_MathDouble.c,222 :: 		
0x00A3	0x3002      	MOVLW      2
;__Lib_MathDouble.c,223 :: 		
0x00A4	0x00FC      	MOVWF      R12
;__Lib_MathDouble.c,225 :: 		
0x00A5	0x2068      	CALL       _SETFUN32
;__Lib_MathDouble.c,227 :: 		
0x00A6	0x28AA      	GOTO       NORM32EEE
;__Lib_MathDouble.c,228 :: 		
JMPNFIXSIGN32:
;__Lib_MathDouble.c,229 :: 		
0x00A7	0x3004      	MOVLW      4
;__Lib_MathDouble.c,230 :: 		
0x00A8	0x00FC      	MOVWF      R12
;__Lib_MathDouble.c,232 :: 		
0x00A9	0x2064      	CALL       _FIXSIGN32
;__Lib_MathDouble.c,234 :: 		
NORM32EEE:
;__Lib_MathDouble.c,236 :: 		
L_end_NRM3232:
0x00AA	0x0008      	RETURN
; end of _NRM3232
_SETFOV32:
;__Lib_MathDouble.c,79 :: 		
;__Lib_MathDouble.c,86 :: 		
0x00AB	0x14FB      	BSF        R11, 1
;__Lib_MathDouble.c,87 :: 		
0x00AC	0x1FFB      	BTFSS      R11, 7
;__Lib_MathDouble.c,88 :: 		
0x00AD	0x28B5      	GOTO       SETFOV32EEE
;__Lib_MathDouble.c,89 :: 		
0x00AE	0x30FF      	MOVLW      255
;__Lib_MathDouble.c,90 :: 		
0x00AF	0x00F3      	MOVWF      R3
;__Lib_MathDouble.c,91 :: 		
0x00B0	0x00F2      	MOVWF      R2
;__Lib_MathDouble.c,92 :: 		
0x00B1	0x00F1      	MOVWF      R1
;__Lib_MathDouble.c,93 :: 		
0x00B2	0x00F0      	MOVWF      R0
;__Lib_MathDouble.c,94 :: 		
0x00B3	0x0DFA      	RLF        R10, 1
;__Lib_MathDouble.c,95 :: 		
0x00B4	0x0CF2      	RRF        R2, 1
;__Lib_MathDouble.c,96 :: 		
SETFOV32EEE:
;__Lib_MathDouble.c,97 :: 		
0x00B5	0x30FF      	MOVLW      255
;__Lib_MathDouble.c,99 :: 		
L_end_SETFOV32:
0x00B6	0x0008      	RETURN
; end of _SETFOV32
_Lcd_Chr_CP:
;__Lib_Lcd.c,50 :: 		
;__Lib_Lcd.c,52 :: 		
0x00B7	0x1283      	BCF        STATUS, 5
0x00B8	0x1303      	BCF        STATUS, 6
0x00B9	0x104C      	BCF        __Lib_Lcd_cmd_status, BitPos(__Lib_Lcd_cmd_status+0)
;__Lib_Lcd.c,53 :: 		
0x00BA	0x0854      	MOVF       FARG_Lcd_Chr_CP_out_char, 0
0x00BB	0x00D5      	MOVWF      FARG_Lcd_Cmd_out_char
0x00BC	0x2024      	CALL       _Lcd_Cmd
;__Lib_Lcd.c,54 :: 		
0x00BD	0x144C      	BSF        __Lib_Lcd_cmd_status, BitPos(__Lib_Lcd_cmd_status+0)
;__Lib_Lcd.c,55 :: 		
L_end_Lcd_Chr_CP:
0x00BE	0x0008      	RETURN
; end of _Lcd_Chr_CP
_____DoICP:
;__Lib_System.c,6 :: 		
;__Lib_System.c,9 :: 		
0x00BF	0x1283      	BCF        STATUS, 5
0x00C0	0x1303      	BCF        STATUS, 6
0x00C1	0x084B      	MOVF       ___DoICPAddr+1, 0
0x00C2	0x008A      	MOVWF      PCLATH
;__Lib_System.c,10 :: 		
0x00C3	0x084A      	MOVF       ___DoICPAddr, 0
0x00C4	0x0082      	MOVWF      PCL
;__Lib_System.c,12 :: 		
L_end_____DoICP:
0x00C5	0x0008      	RETURN
; end of _____DoICP
_Lcd_Out:
;__Lib_Lcd.c,184 :: 		
;__Lib_Lcd.c,187 :: 		
0x00C6	0x28D8      	GOTO       L_Lcd_Out11
;__Lib_Lcd.c,188 :: 		
L_Lcd_Out13:
0x00C7	0x3080      	MOVLW      128
0x00C8	0x1283      	BCF        STATUS, 5
0x00C9	0x1303      	BCF        STATUS, 6
0x00CA	0x00D0      	MOVWF      FARG_Lcd_Out_row
0x00CB	0x28EB      	GOTO       L_Lcd_Out12
;__Lib_Lcd.c,189 :: 		
L_Lcd_Out14:
0x00CC	0x30C0      	MOVLW      192
0x00CD	0x00D0      	MOVWF      FARG_Lcd_Out_row
0x00CE	0x28EB      	GOTO       L_Lcd_Out12
;__Lib_Lcd.c,190 :: 		
L_Lcd_Out15:
0x00CF	0x3094      	MOVLW      148
0x00D0	0x00D0      	MOVWF      FARG_Lcd_Out_row
0x00D1	0x28EB      	GOTO       L_Lcd_Out12
;__Lib_Lcd.c,191 :: 		
L_Lcd_Out16:
0x00D2	0x30D4      	MOVLW      212
0x00D3	0x00D0      	MOVWF      FARG_Lcd_Out_row
0x00D4	0x28EB      	GOTO       L_Lcd_Out12
;__Lib_Lcd.c,192 :: 		
L_Lcd_Out17:
0x00D5	0x3080      	MOVLW      128
0x00D6	0x00D0      	MOVWF      FARG_Lcd_Out_row
;__Lib_Lcd.c,193 :: 		
0x00D7	0x28EB      	GOTO       L_Lcd_Out12
L_Lcd_Out11:
0x00D8	0x1283      	BCF        STATUS, 5
0x00D9	0x1303      	BCF        STATUS, 6
0x00DA	0x0850      	MOVF       FARG_Lcd_Out_row, 0
0x00DB	0x3A01      	XORLW      1
0x00DC	0x1903      	BTFSC      STATUS, 2
0x00DD	0x28C7      	GOTO       L_Lcd_Out13
0x00DE	0x0850      	MOVF       FARG_Lcd_Out_row, 0
0x00DF	0x3A02      	XORLW      2
0x00E0	0x1903      	BTFSC      STATUS, 2
0x00E1	0x28CC      	GOTO       L_Lcd_Out14
0x00E2	0x0850      	MOVF       FARG_Lcd_Out_row, 0
0x00E3	0x3A03      	XORLW      3
0x00E4	0x1903      	BTFSC      STATUS, 2
0x00E5	0x28CF      	GOTO       L_Lcd_Out15
0x00E6	0x0850      	MOVF       FARG_Lcd_Out_row, 0
0x00E7	0x3A04      	XORLW      4
0x00E8	0x1903      	BTFSC      STATUS, 2
0x00E9	0x28D2      	GOTO       L_Lcd_Out16
0x00EA	0x28D5      	GOTO       L_Lcd_Out17
L_Lcd_Out12:
;__Lib_Lcd.c,194 :: 		
0x00EB	0x0351      	DECF       FARG_Lcd_Out_column, 0
0x00EC	0x00F0      	MOVWF      R0
0x00ED	0x0850      	MOVF       FARG_Lcd_Out_row, 0
0x00EE	0x07F0      	ADDWF      R0, 1
0x00EF	0x0870      	MOVF       R0, 0
0x00F0	0x00D0      	MOVWF      FARG_Lcd_Out_row
;__Lib_Lcd.c,196 :: 		
0x00F1	0x0870      	MOVF       R0, 0
0x00F2	0x00D5      	MOVWF      FARG_Lcd_Cmd_out_char
0x00F3	0x2024      	CALL       _Lcd_Cmd
;__Lib_Lcd.c,197 :: 		
0x00F4	0x104C      	BCF        __Lib_Lcd_cmd_status, BitPos(__Lib_Lcd_cmd_status+0)
;__Lib_Lcd.c,198 :: 		
0x00F5	0x01D3      	CLRF       Lcd_Out_i_L0
;__Lib_Lcd.c,199 :: 		
L_Lcd_Out18:
0x00F6	0x0853      	MOVF       Lcd_Out_i_L0, 0
0x00F7	0x0752      	ADDWF      FARG_Lcd_Out_text, 0
0x00F8	0x0084      	MOVWF      FSR
0x00F9	0x0800      	MOVF       INDF, 0
0x00FA	0x1903      	BTFSC      STATUS, 2
0x00FB	0x2904      	GOTO       L_Lcd_Out19
;__Lib_Lcd.c,200 :: 		
0x00FC	0x0853      	MOVF       Lcd_Out_i_L0, 0
0x00FD	0x0752      	ADDWF      FARG_Lcd_Out_text, 0
0x00FE	0x0084      	MOVWF      FSR
0x00FF	0x0800      	MOVF       INDF, 0
0x0100	0x00D4      	MOVWF      FARG_Lcd_Chr_CP_out_char
0x0101	0x20B7      	CALL       _Lcd_Chr_CP
0x0102	0x0AD3      	INCF       Lcd_Out_i_L0, 1
0x0103	0x28F6      	GOTO       L_Lcd_Out18
L_Lcd_Out19:
;__Lib_Lcd.c,201 :: 		
0x0104	0x144C      	BSF        __Lib_Lcd_cmd_status, BitPos(__Lib_Lcd_cmd_status+0)
;__Lib_Lcd.c,202 :: 		
L_end_Lcd_Out:
0x0105	0x0008      	RETURN
; end of _Lcd_Out
_Mul_32x32_FP:
;__Lib_MathDouble.c,610 :: 		
;__Lib_MathDouble.c,622 :: 		
;__Lib_MathDouble.c,624 :: 		
0x0106	0x1283      	BCF        STATUS, 5
;__Lib_MathDouble.c,625 :: 		
0x0107	0x1303      	BCF        STATUS, 6
;__Lib_MathDouble.c,627 :: 		
0x0108	0x01FB      	CLRF       R11
;__Lib_MathDouble.c,628 :: 		
0x0109	0x0873      	MOVF       R3, 0
;__Lib_MathDouble.c,629 :: 		
0x010A	0x1D03      	BTFSS      STATUS, 2
;__Lib_MathDouble.c,630 :: 		
0x010B	0x0877      	MOVF       R7, 0
;__Lib_MathDouble.c,631 :: 		
0x010C	0x1903      	BTFSC      STATUS, 2
;__Lib_MathDouble.c,632 :: 		
0x010D	0x295D      	GOTO       JPMRES032
;__Lib_MathDouble.c,634 :: 		
0x010E	0x0872      	MOVF       R2, 0
;__Lib_MathDouble.c,635 :: 		
0x010F	0x0676      	XORWF      R6, 0
;__Lib_MathDouble.c,636 :: 		
0x0110	0x00FA      	MOVWF      R10
;__Lib_MathDouble.c,637 :: 		
0x0111	0x0877      	MOVF       R7, 0
;__Lib_MathDouble.c,638 :: 		
0x0112	0x07F3      	ADDWF      R3, 1
;__Lib_MathDouble.c,639 :: 		
0x0113	0x307E      	MOVLW      126
;__Lib_MathDouble.c,640 :: 		
0x0114	0x1C03      	BTFSS      STATUS, 0
;__Lib_MathDouble.c,641 :: 		
0x0115	0x291A      	GOTO       MTUN32
;__Lib_MathDouble.c,642 :: 		
0x0116	0x02F3      	SUBWF      R3, 1
;__Lib_MathDouble.c,643 :: 		
0x0117	0x1803      	BTFSC      STATUS, 0
;__Lib_MathDouble.c,644 :: 		
0x0118	0x2960      	GOTO       JPMSETFOV32
;__Lib_MathDouble.c,645 :: 		
0x0119	0x291D      	GOTO       MOK32
;__Lib_MathDouble.c,646 :: 		
MTUN32:
;__Lib_MathDouble.c,647 :: 		
0x011A	0x02F3      	SUBWF      R3, 1
;__Lib_MathDouble.c,648 :: 		
0x011B	0x1C03      	BTFSS      STATUS, 0
;__Lib_MathDouble.c,649 :: 		
0x011C	0x2963      	GOTO       JPMSETFUN32
;__Lib_MathDouble.c,650 :: 		
MOK32:
;__Lib_MathDouble.c,651 :: 		
0x011D	0x0872      	MOVF       R2, 0
;__Lib_MathDouble.c,652 :: 		
0x011E	0x00F8      	MOVWF      R8
;__Lib_MathDouble.c,653 :: 		
0x011F	0x0871      	MOVF       R1, 0
;__Lib_MathDouble.c,654 :: 		
0x0120	0x00FC      	MOVWF      R12
;__Lib_MathDouble.c,655 :: 		
0x0121	0x0870      	MOVF       R0, 0
;__Lib_MathDouble.c,656 :: 		
0x0122	0x00FD      	MOVWF      R13
;__Lib_MathDouble.c,657 :: 		
0x0123	0x17F8      	BSF        R8, 7
;__Lib_MathDouble.c,658 :: 		
0x0124	0x17F6      	BSF        R6, 7
;__Lib_MathDouble.c,659 :: 		
0x0125	0x1003      	BCF        STATUS, 0
;__Lib_MathDouble.c,660 :: 		
0x0126	0x01F2      	CLRF       R2
;__Lib_MathDouble.c,661 :: 		
0x0127	0x01F1      	CLRF       R1
;__Lib_MathDouble.c,662 :: 		
0x0128	0x01F0      	CLRF       R0
;__Lib_MathDouble.c,663 :: 		
0x0129	0x3018      	MOVLW      24
;__Lib_MathDouble.c,664 :: 		
0x012A	0x00A0      	MOVWF      __math_tempbD
;__Lib_MathDouble.c,665 :: 		
MLOOP32:
;__Lib_MathDouble.c,666 :: 		
0x012B	0x1C7D      	BTFSS      R13, 0
;__Lib_MathDouble.c,667 :: 		
0x012C	0x2937      	GOTO       MNOADD32
;__Lib_MathDouble.c,669 :: 		
0x012D	0x0874      	MOVF       R4, 0
;__Lib_MathDouble.c,670 :: 		
0x012E	0x07F0      	ADDWF      R0, 1
;__Lib_MathDouble.c,671 :: 		
0x012F	0x0875      	MOVF       R5, 0
;__Lib_MathDouble.c,672 :: 		
0x0130	0x1803      	BTFSC      STATUS, 0
;__Lib_MathDouble.c,673 :: 		
0x0131	0x0F75      	INCFSZ     R5, 0
;__Lib_MathDouble.c,674 :: 		
0x0132	0x07F1      	ADDWF      R1, 1
;__Lib_MathDouble.c,675 :: 		
0x0133	0x0876      	MOVF       R6, 0
;__Lib_MathDouble.c,676 :: 		
0x0134	0x1803      	BTFSC      STATUS, 0
;__Lib_MathDouble.c,677 :: 		
0x0135	0x0F76      	INCFSZ     R6, 0
;__Lib_MathDouble.c,678 :: 		
0x0136	0x07F2      	ADDWF      R2, 1
;__Lib_MathDouble.c,679 :: 		
MNOADD32:
;__Lib_MathDouble.c,680 :: 		
0x0137	0x0CF2      	RRF        R2, 1
;__Lib_MathDouble.c,681 :: 		
0x0138	0x0CF1      	RRF        R1, 1
;__Lib_MathDouble.c,682 :: 		
0x0139	0x0CF0      	RRF        R0, 1
;__Lib_MathDouble.c,683 :: 		
0x013A	0x0CF8      	RRF        R8, 1
;__Lib_MathDouble.c,684 :: 		
0x013B	0x0CFC      	RRF        R12, 1
;__Lib_MathDouble.c,685 :: 		
0x013C	0x0CFD      	RRF        R13, 1
;__Lib_MathDouble.c,686 :: 		
0x013D	0x1003      	BCF        STATUS, 0
;__Lib_MathDouble.c,687 :: 		
0x013E	0x0BA0      	DECFSZ     __math_tempbD, 1
;__Lib_MathDouble.c,688 :: 		
0x013F	0x292B      	GOTO       MLOOP32
;__Lib_MathDouble.c,689 :: 		
0x0140	0x1BF2      	BTFSC      R2, 7
;__Lib_MathDouble.c,690 :: 		
0x0141	0x2947      	GOTO       MROUND32
;__Lib_MathDouble.c,691 :: 		
0x0142	0x0DF8      	RLF        R8, 1
;__Lib_MathDouble.c,692 :: 		
0x0143	0x0DF0      	RLF        R0, 1
;__Lib_MathDouble.c,693 :: 		
0x0144	0x0DF1      	RLF        R1, 1
;__Lib_MathDouble.c,694 :: 		
0x0145	0x0DF2      	RLF        R2, 1
;__Lib_MathDouble.c,695 :: 		
0x0146	0x03F3      	DECF       R3, 1
;__Lib_MathDouble.c,696 :: 		
MROUND32:
;__Lib_MathDouble.c,697 :: 		
0x0147	0x1B7B      	BTFSC      R11, 6
;__Lib_MathDouble.c,698 :: 		
0x0148	0x1C70      	BTFSS      R0, 0
;__Lib_MathDouble.c,699 :: 		
0x0149	0x2959      	GOTO       MUL32OK
;__Lib_MathDouble.c,700 :: 		
0x014A	0x1FF8      	BTFSS      R8, 7
;__Lib_MathDouble.c,701 :: 		
0x014B	0x2959      	GOTO       MUL32OK
;__Lib_MathDouble.c,702 :: 		
0x014C	0x0AF0      	INCF       R0, 1
;__Lib_MathDouble.c,703 :: 		
0x014D	0x1903      	BTFSC      STATUS, 2
;__Lib_MathDouble.c,704 :: 		
0x014E	0x0AF1      	INCF       R1, 1
;__Lib_MathDouble.c,705 :: 		
0x014F	0x1903      	BTFSC      STATUS, 2
;__Lib_MathDouble.c,706 :: 		
0x0150	0x0AF2      	INCF       R2, 1
;__Lib_MathDouble.c,707 :: 		
0x0151	0x1D03      	BTFSS      STATUS, 2
;__Lib_MathDouble.c,708 :: 		
0x0152	0x2959      	GOTO       MUL32OK
;__Lib_MathDouble.c,709 :: 		
0x0153	0x0CF2      	RRF        R2, 1
;__Lib_MathDouble.c,710 :: 		
0x0154	0x0CF1      	RRF        R1, 1
;__Lib_MathDouble.c,711 :: 		
0x0155	0x0CF0      	RRF        R0, 1
;__Lib_MathDouble.c,712 :: 		
0x0156	0x0AF3      	INCF       R3, 1
;__Lib_MathDouble.c,713 :: 		
0x0157	0x1903      	BTFSC      STATUS, 2
;__Lib_MathDouble.c,714 :: 		
0x0158	0x2960      	GOTO       JPMSETFOV32
;__Lib_MathDouble.c,715 :: 		
MUL32OK:
;__Lib_MathDouble.c,716 :: 		
0x0159	0x1FFA      	BTFSS      R10, 7
;__Lib_MathDouble.c,717 :: 		
0x015A	0x13F2      	BCF        R2, 7
;__Lib_MathDouble.c,718 :: 		
0x015B	0x3000      	MOVLW      0
;__Lib_MathDouble.c,720 :: 		
0x015C	0x2965      	GOTO       MUL32EEE
;__Lib_MathDouble.c,721 :: 		
JPMRES032:
;__Lib_MathDouble.c,722 :: 		
0x015D	0x3001      	MOVLW      1
;__Lib_MathDouble.c,725 :: 		
0x015E	0x201D      	CALL       _RES032
;__Lib_MathDouble.c,727 :: 		
0x015F	0x2965      	GOTO       MUL32EEE
;__Lib_MathDouble.c,728 :: 		
JPMSETFOV32:
;__Lib_MathDouble.c,729 :: 		
0x0160	0x3002      	MOVLW      2
;__Lib_MathDouble.c,732 :: 		
0x0161	0x20AB      	CALL       _SETFOV32
;__Lib_MathDouble.c,734 :: 		
0x0162	0x2965      	GOTO       MUL32EEE
;__Lib_MathDouble.c,735 :: 		
JPMSETFUN32:
;__Lib_MathDouble.c,736 :: 		
0x0163	0x3004      	MOVLW      4
;__Lib_MathDouble.c,739 :: 		
0x0164	0x2068      	CALL       _SETFUN32
;__Lib_MathDouble.c,741 :: 		
MUL32EEE:
;__Lib_MathDouble.c,742 :: 		
0x0165	0x0000      	NOP
;__Lib_MathDouble.c,749 :: 		
L_end_Mul_32x32_FP:
0x0166	0x0008      	RETURN
; end of _Mul_32x32_FP
_Compare_Double:
;__Lib_MathDouble.c,2053 :: 		
;__Lib_MathDouble.c,2062 :: 		
;__Lib_MathDouble.c,2064 :: 		
0x0167	0x1283      	BCF        STATUS, 5
;__Lib_MathDouble.c,2065 :: 		
0x0168	0x1303      	BCF        STATUS, 6
;__Lib_MathDouble.c,2067 :: 		
0x0169	0x01FA      	CLRF       R10
;__Lib_MathDouble.c,2068 :: 		
0x016A	0x0873      	MOVF       R3, 0
;__Lib_MathDouble.c,2069 :: 		
0x016B	0x1D03      	BTFSS      STATUS, 2
;__Lib_MathDouble.c,2070 :: 		
0x016C	0x147A      	BSF        R10, 0
;__Lib_MathDouble.c,2071 :: 		
0x016D	0x0877      	MOVF       R7, 0
;__Lib_MathDouble.c,2072 :: 		
0x016E	0x1D03      	BTFSS      STATUS, 2
;__Lib_MathDouble.c,2073 :: 		
0x016F	0x14FA      	BSF        R10, 1
;__Lib_MathDouble.c,2075 :: 		
0x0170	0x087A      	MOVF       R10, 0
;__Lib_MathDouble.c,2076 :: 		
0x0171	0x1903      	BTFSC      STATUS, 2
;__Lib_MathDouble.c,2077 :: 		
0x0172	0x29B3      	GOTO       COMPARE_EQU
;__Lib_MathDouble.c,2078 :: 		
0x0173	0x3A03      	XORLW      3
;__Lib_MathDouble.c,2079 :: 		
0x0174	0x1903      	BTFSC      STATUS, 2
;__Lib_MathDouble.c,2080 :: 		
0x0175	0x297E      	GOTO       COMPARE_NOTZERO
;__Lib_MathDouble.c,2082 :: 		
0x0176	0x187A      	BTFSC      R10, 0
;__Lib_MathDouble.c,2083 :: 		
0x0177	0x297B      	GOTO       COMPARE_XNOTZERO
;__Lib_MathDouble.c,2085 :: 		
0x0178	0x1FF6      	BTFSS      R6, 7
;__Lib_MathDouble.c,2086 :: 		
0x0179	0x29B1      	GOTO       COMPARE_LT
;__Lib_MathDouble.c,2087 :: 		
0x017A	0x29AF      	GOTO       COMPARE_GT
;__Lib_MathDouble.c,2088 :: 		
COMPARE_XNOTZERO:
;__Lib_MathDouble.c,2089 :: 		
0x017B	0x1FF2      	BTFSS      R2, 7
;__Lib_MathDouble.c,2090 :: 		
0x017C	0x29AF      	GOTO       COMPARE_GT
;__Lib_MathDouble.c,2091 :: 		
0x017D	0x29B1      	GOTO       COMPARE_LT
;__Lib_MathDouble.c,2093 :: 		
COMPARE_NOTZERO:
;__Lib_MathDouble.c,2094 :: 		
0x017E	0x0872      	MOVF       R2, 0
;__Lib_MathDouble.c,2095 :: 		
0x017F	0x3980      	ANDLW      128
;__Lib_MathDouble.c,2096 :: 		
0x0180	0x00FA      	MOVWF      R10
;__Lib_MathDouble.c,2097 :: 		
0x0181	0x13F2      	BCF        R2, 7
;__Lib_MathDouble.c,2099 :: 		
0x0182	0x0876      	MOVF       R6, 0
;__Lib_MathDouble.c,2100 :: 		
0x0183	0x3980      	ANDLW      128
;__Lib_MathDouble.c,2101 :: 		
0x0184	0x13F6      	BCF        R6, 7
;__Lib_MathDouble.c,2103 :: 		
0x0185	0x067A      	XORWF      R10, 0
;__Lib_MathDouble.c,2104 :: 		
0x0186	0x1903      	BTFSC      STATUS, 2
;__Lib_MathDouble.c,2105 :: 		
0x0187	0x298C      	GOTO       COMPARE_TESTALL
;__Lib_MathDouble.c,2107 :: 		
0x0188	0x087A      	MOVF       R10, 0
;__Lib_MathDouble.c,2108 :: 		
0x0189	0x1903      	BTFSC      STATUS, 2
;__Lib_MathDouble.c,2109 :: 		
0x018A	0x29AF      	GOTO       COMPARE_GT
;__Lib_MathDouble.c,2110 :: 		
0x018B	0x29B1      	GOTO       COMPARE_LT
;__Lib_MathDouble.c,2112 :: 		
COMPARE_TESTALL:
;__Lib_MathDouble.c,2113 :: 		
0x018C	0x0877      	MOVF       R7, 0
;__Lib_MathDouble.c,2114 :: 		
0x018D	0x0273      	SUBWF      R3, 0
;__Lib_MathDouble.c,2115 :: 		
0x018E	0x1903      	BTFSC      STATUS, 2
;__Lib_MathDouble.c,2116 :: 		
0x018F	0x2993      	GOTO       COMPARE_C1
;__Lib_MathDouble.c,2117 :: 		
0x0190	0x1C03      	BTFSS      STATUS, 0
;__Lib_MathDouble.c,2118 :: 		
0x0191	0x29A7      	GOTO       GT_FALSE
;__Lib_MathDouble.c,2119 :: 		
0x0192	0x29AB      	GOTO       GT_TRUE
;__Lib_MathDouble.c,2120 :: 		
COMPARE_C1:
;__Lib_MathDouble.c,2121 :: 		
0x0193	0x0876      	MOVF       R6, 0
;__Lib_MathDouble.c,2122 :: 		
0x0194	0x0272      	SUBWF      R2, 0
;__Lib_MathDouble.c,2123 :: 		
0x0195	0x1903      	BTFSC      STATUS, 2
;__Lib_MathDouble.c,2124 :: 		
0x0196	0x299A      	GOTO       COMPARE_C2
;__Lib_MathDouble.c,2125 :: 		
0x0197	0x1C03      	BTFSS      STATUS, 0
;__Lib_MathDouble.c,2126 :: 		
0x0198	0x29A7      	GOTO       GT_FALSE
;__Lib_MathDouble.c,2127 :: 		
0x0199	0x29AB      	GOTO       GT_TRUE
;__Lib_MathDouble.c,2128 :: 		
COMPARE_C2:
;__Lib_MathDouble.c,2129 :: 		
0x019A	0x0875      	MOVF       R5, 0
;__Lib_MathDouble.c,2130 :: 		
0x019B	0x0271      	SUBWF      R1, 0
;__Lib_MathDouble.c,2131 :: 		
0x019C	0x1903      	BTFSC      STATUS, 2
;__Lib_MathDouble.c,2132 :: 		
0x019D	0x29A1      	GOTO       COMPARE_C3
;__Lib_MathDouble.c,2133 :: 		
0x019E	0x1C03      	BTFSS      STATUS, 0
;__Lib_MathDouble.c,2134 :: 		
0x019F	0x29A7      	GOTO       GT_FALSE
;__Lib_MathDouble.c,2135 :: 		
0x01A0	0x29AB      	GOTO       GT_TRUE
;__Lib_MathDouble.c,2136 :: 		
COMPARE_C3:
;__Lib_MathDouble.c,2137 :: 		
0x01A1	0x0874      	MOVF       R4, 0
;__Lib_MathDouble.c,2138 :: 		
0x01A2	0x0270      	SUBWF      R0, 0
;__Lib_MathDouble.c,2139 :: 		
0x01A3	0x1903      	BTFSC      STATUS, 2
;__Lib_MathDouble.c,2140 :: 		
0x01A4	0x29B3      	GOTO       COMPARE_EQU
;__Lib_MathDouble.c,2141 :: 		
0x01A5	0x1803      	BTFSC      STATUS, 0
;__Lib_MathDouble.c,2142 :: 		
0x01A6	0x29AB      	GOTO       GT_TRUE
;__Lib_MathDouble.c,2144 :: 		
GT_FALSE:
;__Lib_MathDouble.c,2145 :: 		
0x01A7	0x08FA      	MOVF       R10, 1
;__Lib_MathDouble.c,2146 :: 		
0x01A8	0x1903      	BTFSC      STATUS, 2
;__Lib_MathDouble.c,2147 :: 		
0x01A9	0x29B1      	GOTO       COMPARE_LT
;__Lib_MathDouble.c,2148 :: 		
0x01AA	0x29AF      	GOTO       COMPARE_GT
;__Lib_MathDouble.c,2149 :: 		
GT_TRUE:
;__Lib_MathDouble.c,2150 :: 		
0x01AB	0x08FA      	MOVF       R10, 1
;__Lib_MathDouble.c,2151 :: 		
0x01AC	0x1903      	BTFSC      STATUS, 2
;__Lib_MathDouble.c,2152 :: 		
0x01AD	0x29AF      	GOTO       COMPARE_GT
;__Lib_MathDouble.c,2153 :: 		
0x01AE	0x29B1      	GOTO       COMPARE_LT
;__Lib_MathDouble.c,2155 :: 		
COMPARE_GT:
;__Lib_MathDouble.c,2158 :: 		
0x01AF	0x1403      	BSF        STATUS, 0
;__Lib_MathDouble.c,2159 :: 		
0x01B0	0x0008      	RETURN
;__Lib_MathDouble.c,2160 :: 		
COMPARE_LT:
;__Lib_MathDouble.c,2163 :: 		
0x01B1	0x1003      	BCF        STATUS, 0
;__Lib_MathDouble.c,2164 :: 		
0x01B2	0x0008      	RETURN
;__Lib_MathDouble.c,2165 :: 		
COMPARE_EQU:
;__Lib_MathDouble.c,2168 :: 		
0x01B3	0x1403      	BSF        STATUS, 0
;__Lib_MathDouble.c,2169 :: 		
0x01B4	0x1503      	BSF        STATUS, 2
;__Lib_MathDouble.c,2170 :: 		
0x01B5	0x0008      	RETURN
;__Lib_MathDouble.c,2172 :: 		
L_end_Compare_Double:
0x01B6	0x0008      	RETURN
; end of _Compare_Double
_Word2Double:
;__Lib_MathDouble.c,1862 :: 		
;__Lib_MathDouble.c,1868 :: 		
0x01B7	0x1283      	BCF        STATUS, 5
;__Lib_MathDouble.c,1869 :: 		
0x01B8	0x1303      	BCF        STATUS, 6
;__Lib_MathDouble.c,1870 :: 		
0x01B9	0x0870      	MOVF       R0, 0
;__Lib_MathDouble.c,1871 :: 		
0x01BA	0x00F8      	MOVWF      R8
;__Lib_MathDouble.c,1872 :: 		
0x01BB	0x0871      	MOVF       R1, 0
;__Lib_MathDouble.c,1873 :: 		
0x01BC	0x00F0      	MOVWF      R0
;__Lib_MathDouble.c,1874 :: 		
0x01BD	0x01F1      	CLRF       R1
;__Lib_MathDouble.c,1875 :: 		
0x01BE	0x01F2      	CLRF       R2
;__Lib_MathDouble.c,1876 :: 		
0x01BF	0x01F3      	CLRF       R3
;__Lib_MathDouble.c,1879 :: 		
0x01C0	0x01FB      	CLRF       R11
;__Lib_MathDouble.c,1880 :: 		
0x01C1	0x01FC      	CLRF       R12
;__Lib_MathDouble.c,1882 :: 		
0x01C2	0x3096      	MOVLW      150
;__Lib_MathDouble.c,1883 :: 		
0x01C3	0x00F3      	MOVWF      R3
;__Lib_MathDouble.c,1884 :: 		
0x01C4	0x01FA      	CLRF       R10
;__Lib_MathDouble.c,1886 :: 		
0x01C5	0x0870      	MOVF       R0, 0
;__Lib_MathDouble.c,1887 :: 		
0x01C6	0x00F1      	MOVWF      R1
;__Lib_MathDouble.c,1888 :: 		
0x01C7	0x0878      	MOVF       R8, 0
;__Lib_MathDouble.c,1889 :: 		
0x01C8	0x00F0      	MOVWF      R0
;__Lib_MathDouble.c,1890 :: 		
0x01C9	0x01F8      	CLRF       R8
;__Lib_MathDouble.c,1891 :: 		
0x01CA	0x01F2      	CLRF       R2
;__Lib_MathDouble.c,1893 :: 		
0x01CB	0x207C      	CALL       _NRM3232
;__Lib_MathDouble.c,1894 :: 		
L_end_Word2Double:
0x01CC	0x0008      	RETURN
; end of _Word2Double
___CC2DW:
;__Lib_System.c,134 :: 		
;__Lib_System.c,137 :: 		
_CC2D_Loop1:
;__Lib_System.c,139 :: 		
0x01CD	0x20BF      	CALL       _____DoICP
0x01CE	0x118A      	BCF        PCLATH, 3
0x01CF	0x120A      	BCF        PCLATH, 4
;__Lib_System.c,141 :: 		
0x01D0	0x0080      	MOVWF      INDF
;__Lib_System.c,142 :: 		
0x01D1	0x0A84      	INCF       FSR, 1
;__Lib_System.c,143 :: 		
0x01D2	0x0ACA      	INCF       ___DoICPAddr, 1
;__Lib_System.c,145 :: 		
0x01D3	0x1903      	BTFSC      STATUS, 2
;__Lib_System.c,146 :: 		
0x01D4	0x0ACB      	INCF       ___DoICPAddr+1, 1
;__Lib_System.c,147 :: 		
0x01D5	0x03F0      	DECF       R0, 1
;__Lib_System.c,149 :: 		
0x01D6	0x1D03      	BTFSS      STATUS, 2
;__Lib_System.c,150 :: 		
0x01D7	0x29CD      	GOTO       _CC2D_Loop1
;__Lib_System.c,152 :: 		
L_end___CC2DW:
0x01D8	0x0008      	RETURN
; end of ___CC2DW
_ADC_Init:
;__Lib_ADC_A_C.c,9 :: 		
;__Lib_ADC_A_C.c,10 :: 		
0x01D9	0x30FF      	MOVLW      _ADC_Get_Sample
0x01DA	0x1283      	BCF        STATUS, 5
0x01DB	0x1303      	BCF        STATUS, 6
0x01DC	0x00CD      	MOVWF      _ADC_Get_Sample_Ptr
0x01DD	0x30FF      	MOVLW      hi_addr(_ADC_Get_Sample)
0x01DE	0x00CE      	MOVWF      _ADC_Get_Sample_Ptr+1
0x01DF	0x30FF      	MOVLW      FARG_ADC_Get_Sample_channel
0x01E0	0x00CF      	MOVWF      _ADC_Get_Sample_Ptr+2
0x01E1	0x30FF      	MOVLW      hi_addr(FARG_ADC_Get_Sample_channel)
;__Lib_ADC_A_C.c,12 :: 		
0x01E2	0x019F      	CLRF       ADCON0
;__Lib_ADC_A_C.c,13 :: 		
0x01E3	0x30C0      	MOVLW      192
0x01E4	0x049F      	IORWF      ADCON0, 1
;__Lib_ADC_A_C.c,14 :: 		
0x01E5	0x1683      	BSF        STATUS, 5
0x01E6	0x171F      	BSF        ADCON1, 6
;__Lib_ADC_A_C.c,15 :: 		
0x01E7	0x179F      	BSF        ADCON1, 7
;__Lib_ADC_A_C.c,18 :: 		
0x01E8	0x1283      	BCF        STATUS, 5
0x01E9	0x141F      	BSF        ADCON0, 0
;__Lib_ADC_A_C.c,19 :: 		
L_end_ADC_Init:
0x01EA	0x0008      	RETURN
; end of _ADC_Init
_ADC_Read:
;__Lib_ADC_A_C.c,45 :: 		
;__Lib_ADC_A_C.c,47 :: 		
0x01EB	0x1283      	BCF        STATUS, 5
0x01EC	0x1303      	BCF        STATUS, 6
0x01ED	0x019F      	CLRF       ADCON0
;__Lib_ADC_A_C.c,48 :: 		
0x01EE	0x30C0      	MOVLW      192
0x01EF	0x049F      	IORWF      ADCON0, 1
;__Lib_ADC_A_C.c,49 :: 		
0x01F0	0x1683      	BSF        STATUS, 5
0x01F1	0x171F      	BSF        ADCON1, 6
;__Lib_ADC_A_C.c,50 :: 		
0x01F2	0x179F      	BSF        ADCON1, 7
;__Lib_ADC_A_C.c,51 :: 		
0x01F3	0x1283      	BCF        STATUS, 5
0x01F4	0x0850      	MOVF       FARG_ADC_Read_channel, 0
0x01F5	0x00F0      	MOVWF      R0
0x01F6	0x0DF0      	RLF        R0, 1
0x01F7	0x1070      	BCF        R0, 0
0x01F8	0x0DF0      	RLF        R0, 1
0x01F9	0x1070      	BCF        R0, 0
0x01FA	0x0DF0      	RLF        R0, 1
0x01FB	0x1070      	BCF        R0, 0
0x01FC	0x0870      	MOVF       R0, 0
0x01FD	0x049F      	IORWF      ADCON0, 1
;__Lib_ADC_A_C.c,54 :: 		
0x01FE	0x141F      	BSF        ADCON0, 0
;__Lib_ADC_A_C.c,57 :: 		
0x01FF	0x2074      	CALL       _Delay_22us
;__Lib_ADC_A_C.c,60 :: 		
0x0200	0x151F      	BSF        ADCON0, 2
;__Lib_ADC_A_C.c,63 :: 		
L_ADC_Read2:
0x0201	0x1D1F      	BTFSS      ADCON0, 2
0x0202	0x2A05      	GOTO       L_ADC_Read3
;__Lib_ADC_A_C.c,64 :: 		
0x0203	0x0000      	NOP
0x0204	0x2A01      	GOTO       L_ADC_Read2
L_ADC_Read3:
;__Lib_ADC_A_C.c,67 :: 		
0x0205	0x101F      	BCF        ADCON0, 0
;__Lib_ADC_A_C.c,70 :: 		
0x0206	0x081E      	MOVF       ADRESH, 0
0x0207	0x00F1      	MOVWF      R0+1
0x0208	0x01F0      	CLRF       R0
0x0209	0x1683      	BSF        STATUS, 5
0x020A	0x081E      	MOVF       ADRESL, 0
0x020B	0x04F0      	IORWF      R0, 1
0x020C	0x3000      	MOVLW      0
0x020D	0x04F1      	IORWF      R0+1, 1
;__Lib_ADC_A_C.c,71 :: 		
L_end_ADC_Read:
0x020E	0x0008      	RETURN
; end of _ADC_Read
_Lcd_Init:
;__Lib_Lcd.c,84 :: 		
;__Lib_Lcd.c,86 :: 		
0x020F	0x1683      	BSF        STATUS, 5
0x0210	0x1303      	BCF        STATUS, 6
0x0211	0x1286      	BCF        LCD_EN_Direction, BitPos(LCD_EN_Direction+0)
;__Lib_Lcd.c,87 :: 		
0x0212	0x1206      	BCF        LCD_RS_Direction, BitPos(LCD_RS_Direction+0)
;__Lib_Lcd.c,88 :: 		
0x0213	0x1186      	BCF        LCD_D4_Direction, BitPos(LCD_D4_Direction+0)
;__Lib_Lcd.c,89 :: 		
0x0214	0x1106      	BCF        LCD_D5_Direction, BitPos(LCD_D5_Direction+0)
;__Lib_Lcd.c,90 :: 		
0x0215	0x1086      	BCF        LCD_D6_Direction, BitPos(LCD_D6_Direction+0)
;__Lib_Lcd.c,91 :: 		
0x0216	0x1006      	BCF        LCD_D7_Direction, BitPos(LCD_D7_Direction+0)
;__Lib_Lcd.c,93 :: 		
0x0217	0x1283      	BCF        STATUS, 5
0x0218	0x1286      	BCF        LCD_EN, BitPos(LCD_EN+0)
;__Lib_Lcd.c,94 :: 		
0x0219	0x1206      	BCF        LCD_RS, BitPos(LCD_RS+0)
;__Lib_Lcd.c,95 :: 		
0x021A	0x1006      	BCF        LCD_D7, BitPos(LCD_D7+0)
;__Lib_Lcd.c,96 :: 		
0x021B	0x1086      	BCF        LCD_D6, BitPos(LCD_D6+0)
;__Lib_Lcd.c,97 :: 		
0x021C	0x1106      	BCF        LCD_D5, BitPos(LCD_D5+0)
;__Lib_Lcd.c,98 :: 		
0x021D	0x1186      	BCF        LCD_D4, BitPos(LCD_D4+0)
;__Lib_Lcd.c,100 :: 		
0x021E	0x2010      	CALL       _Delay_5500us
;__Lib_Lcd.c,101 :: 		
0x021F	0x2010      	CALL       _Delay_5500us
;__Lib_Lcd.c,102 :: 		
0x0220	0x2010      	CALL       _Delay_5500us
;__Lib_Lcd.c,105 :: 		
0x0221	0x1506      	BSF        LCD_D5, BitPos(LCD_D5+0)
;__Lib_Lcd.c,106 :: 		
0x0222	0x1586      	BSF        LCD_D4, BitPos(LCD_D4+0)
;__Lib_Lcd.c,107 :: 		
0x0223	0x1686      	BSF        LCD_EN, BitPos(LCD_EN+0)
;__Lib_Lcd.c,108 :: 		
0x0224	0x200A      	CALL       _Delay_1us
;__Lib_Lcd.c,109 :: 		
0x0225	0x1286      	BCF        LCD_EN, BitPos(LCD_EN+0)
;__Lib_Lcd.c,110 :: 		
0x0226	0x2010      	CALL       _Delay_5500us
;__Lib_Lcd.c,112 :: 		
0x0227	0x1686      	BSF        LCD_EN, BitPos(LCD_EN+0)
;__Lib_Lcd.c,113 :: 		
0x0228	0x200A      	CALL       _Delay_1us
;__Lib_Lcd.c,114 :: 		
0x0229	0x1286      	BCF        LCD_EN, BitPos(LCD_EN+0)
;__Lib_Lcd.c,115 :: 		
0x022A	0x2010      	CALL       _Delay_5500us
;__Lib_Lcd.c,117 :: 		
0x022B	0x1686      	BSF        LCD_EN, BitPos(LCD_EN+0)
;__Lib_Lcd.c,118 :: 		
0x022C	0x200A      	CALL       _Delay_1us
;__Lib_Lcd.c,119 :: 		
0x022D	0x1286      	BCF        LCD_EN, BitPos(LCD_EN+0)
;__Lib_Lcd.c,120 :: 		
0x022E	0x2010      	CALL       _Delay_5500us
;__Lib_Lcd.c,123 :: 		
0x022F	0x1186      	BCF        LCD_D4, BitPos(LCD_D4+0)
;__Lib_Lcd.c,124 :: 		
0x0230	0x1686      	BSF        LCD_EN, BitPos(LCD_EN+0)
;__Lib_Lcd.c,125 :: 		
0x0231	0x200A      	CALL       _Delay_1us
;__Lib_Lcd.c,126 :: 		
0x0232	0x1286      	BCF        LCD_EN, BitPos(LCD_EN+0)
;__Lib_Lcd.c,127 :: 		
0x0233	0x2010      	CALL       _Delay_5500us
;__Lib_Lcd.c,130 :: 		
0x0234	0x1686      	BSF        LCD_EN, BitPos(LCD_EN+0)
;__Lib_Lcd.c,131 :: 		
0x0235	0x200A      	CALL       _Delay_1us
;__Lib_Lcd.c,132 :: 		
0x0236	0x1286      	BCF        LCD_EN, BitPos(LCD_EN+0)
;__Lib_Lcd.c,134 :: 		
0x0237	0x1106      	BCF        LCD_D5, BitPos(LCD_D5+0)
;__Lib_Lcd.c,135 :: 		
0x0238	0x1406      	BSF        LCD_D7, BitPos(LCD_D7+0)
;__Lib_Lcd.c,136 :: 		
0x0239	0x1686      	BSF        LCD_EN, BitPos(LCD_EN+0)
;__Lib_Lcd.c,137 :: 		
0x023A	0x200A      	CALL       _Delay_1us
;__Lib_Lcd.c,138 :: 		
0x023B	0x1286      	BCF        LCD_EN, BitPos(LCD_EN+0)
;__Lib_Lcd.c,139 :: 		
0x023C	0x2010      	CALL       _Delay_5500us
;__Lib_Lcd.c,142 :: 		
0x023D	0x1006      	BCF        LCD_D7, BitPos(LCD_D7+0)
;__Lib_Lcd.c,143 :: 		
0x023E	0x1586      	BSF        LCD_D4, BitPos(LCD_D4+0)
;__Lib_Lcd.c,144 :: 		
0x023F	0x1686      	BSF        LCD_EN, BitPos(LCD_EN+0)
;__Lib_Lcd.c,145 :: 		
0x0240	0x200A      	CALL       _Delay_1us
;__Lib_Lcd.c,146 :: 		
0x0241	0x1286      	BCF        LCD_EN, BitPos(LCD_EN+0)
;__Lib_Lcd.c,148 :: 		
0x0242	0x1186      	BCF        LCD_D4, BitPos(LCD_D4+0)
;__Lib_Lcd.c,149 :: 		
0x0243	0x1686      	BSF        LCD_EN, BitPos(LCD_EN+0)
;__Lib_Lcd.c,150 :: 		
0x0244	0x200A      	CALL       _Delay_1us
;__Lib_Lcd.c,151 :: 		
0x0245	0x1286      	BCF        LCD_EN, BitPos(LCD_EN+0)
;__Lib_Lcd.c,152 :: 		
0x0246	0x2010      	CALL       _Delay_5500us
;__Lib_Lcd.c,155 :: 		
0x0247	0x1686      	BSF        LCD_EN, BitPos(LCD_EN+0)
;__Lib_Lcd.c,156 :: 		
0x0248	0x200A      	CALL       _Delay_1us
;__Lib_Lcd.c,157 :: 		
0x0249	0x1286      	BCF        LCD_EN, BitPos(LCD_EN+0)
;__Lib_Lcd.c,159 :: 		
0x024A	0x1586      	BSF        LCD_D4, BitPos(LCD_D4+0)
;__Lib_Lcd.c,160 :: 		
0x024B	0x1686      	BSF        LCD_EN, BitPos(LCD_EN+0)
;__Lib_Lcd.c,161 :: 		
0x024C	0x200A      	CALL       _Delay_1us
;__Lib_Lcd.c,162 :: 		
0x024D	0x1286      	BCF        LCD_EN, BitPos(LCD_EN+0)
;__Lib_Lcd.c,163 :: 		
0x024E	0x2010      	CALL       _Delay_5500us
;__Lib_Lcd.c,166 :: 		
0x024F	0x1186      	BCF        LCD_D4, BitPos(LCD_D4+0)
;__Lib_Lcd.c,167 :: 		
0x0250	0x1686      	BSF        LCD_EN, BitPos(LCD_EN+0)
;__Lib_Lcd.c,168 :: 		
0x0251	0x200A      	CALL       _Delay_1us
;__Lib_Lcd.c,169 :: 		
0x0252	0x1286      	BCF        LCD_EN, BitPos(LCD_EN+0)
;__Lib_Lcd.c,171 :: 		
0x0253	0x1406      	BSF        LCD_D7, BitPos(LCD_D7+0)
;__Lib_Lcd.c,172 :: 		
0x0254	0x1486      	BSF        LCD_D6, BitPos(LCD_D6+0)
;__Lib_Lcd.c,173 :: 		
0x0255	0x1506      	BSF        LCD_D5, BitPos(LCD_D5+0)
;__Lib_Lcd.c,174 :: 		
0x0256	0x1586      	BSF        LCD_D4, BitPos(LCD_D4+0)
;__Lib_Lcd.c,175 :: 		
0x0257	0x1686      	BSF        LCD_EN, BitPos(LCD_EN+0)
;__Lib_Lcd.c,176 :: 		
0x0258	0x200A      	CALL       _Delay_1us
;__Lib_Lcd.c,177 :: 		
0x0259	0x1286      	BCF        LCD_EN, BitPos(LCD_EN+0)
;__Lib_Lcd.c,179 :: 		
0x025A	0x2010      	CALL       _Delay_5500us
;__Lib_Lcd.c,181 :: 		
0x025B	0x144C      	BSF        __Lib_Lcd_cmd_status, BitPos(__Lib_Lcd_cmd_status+0)
;__Lib_Lcd.c,182 :: 		
L_end_Lcd_Init:
0x025C	0x0008      	RETURN
; end of _Lcd_Init
_main:
0x025D	0x3032      	MOVLW      50
0x025E	0x1283      	BCF        STATUS, 5
0x025F	0x1303      	BCF        STATUS, 6
0x0260	0x00A1      	MOVWF      ?lstr1_LM35_32fan_32Simulation
0x0261	0x01A2      	CLRF       34
0x0262	0x3033      	MOVLW      51
0x0263	0x00A3      	MOVWF      ?lstr2_LM35_32fan_32Simulation
0x0264	0x01A4      	CLRF       36
0x0265	0x3037      	MOVLW      55
0x0266	0x00A5      	MOVWF      ?lstr7_LM35_32fan_32Simulation
0x0267	0x01A6      	CLRF       38
0x0268	0x3036      	MOVLW      54
0x0269	0x00A7      	MOVWF      ?lstr6_LM35_32fan_32Simulation
0x026A	0x01A8      	CLRF       40
0x026B	0x3066      	MOVLW      102
0x026C	0x00A9      	MOVWF      ?lstr8_LM35_32fan_32Simulation
0x026D	0x3069      	MOVLW      105
0x026E	0x00AA      	MOVWF      42
0x026F	0x306E      	MOVLW      110
0x0270	0x00AB      	MOVWF      43
0x0271	0x3069      	MOVLW      105
0x0272	0x00AC      	MOVWF      44
0x0273	0x3073      	MOVLW      115
0x0274	0x00AD      	MOVWF      45
0x0275	0x3068      	MOVLW      104
0x0276	0x00AE      	MOVWF      46
0x0277	0x3065      	MOVLW      101
0x0278	0x00AF      	MOVWF      47
0x0279	0x3064      	MOVLW      100
0x027A	0x00B0      	MOVWF      48
0x027B	0x01B1      	CLRF       49
0x027C	0x3035      	MOVLW      53
0x027D	0x00B2      	MOVWF      ?lstr5_LM35_32fan_32Simulation
0x027E	0x01B3      	CLRF       51
0x027F	0x306A      	MOVLW      106
0x0280	0x00B4      	MOVWF      ?lstr4_LM35_32fan_32Simulation
0x0281	0x306F      	MOVLW      111
0x0282	0x00B5      	MOVWF      53
0x0283	0x306C      	MOVLW      108
0x0284	0x00B6      	MOVWF      54
0x0285	0x3073      	MOVLW      115
0x0286	0x00B7      	MOVWF      55
0x0287	0x3065      	MOVLW      101
0x0288	0x00B8      	MOVWF      56
0x0289	0x01B9      	CLRF       57
0x028A	0x3034      	MOVLW      52
0x028B	0x00BA      	MOVWF      ?lstr3_LM35_32fan_32Simulation
0x028C	0x01BB      	CLRF       59
;LM35 fan Simulation.c,21 :: 		void main() {
;LM35 fan Simulation.c,22 :: 		TRISB6_bit= 0;
0x028D	0x1683      	BSF        STATUS, 5
0x028E	0x1306      	BCF        TRISB6_bit, BitPos(TRISB6_bit+0)
;LM35 fan Simulation.c,23 :: 		Lcd_Init();
0x028F	0x220F      	CALL       _Lcd_Init
;LM35 fan Simulation.c,24 :: 		Lcd_Cmd(_LCD_CLEAR);               // Clear display
0x0290	0x3001      	MOVLW      1
0x0291	0x00D5      	MOVWF      FARG_Lcd_Cmd_out_char
0x0292	0x2024      	CALL       _Lcd_Cmd
;LM35 fan Simulation.c,25 :: 		Lcd_Cmd(_LCD_CURSOR_OFF);
0x0293	0x300C      	MOVLW      12
0x0294	0x00D5      	MOVWF      FARG_Lcd_Cmd_out_char
0x0295	0x2024      	CALL       _Lcd_Cmd
;LM35 fan Simulation.c,26 :: 		while(1){
L_main0:
;LM35 fan Simulation.c,27 :: 		ref = 500;
0x0296	0x30F4      	MOVLW      244
0x0297	0x00C8      	MOVWF      _ref
0x0298	0x3001      	MOVLW      1
0x0299	0x00C9      	MOVWF      _ref+1
;LM35 fan Simulation.c,28 :: 		ADC_Init();
0x029A	0x21D9      	CALL       _ADC_Init
;LM35 fan Simulation.c,29 :: 		afirst = ADC_Read(0);
0x029B	0x01D0      	CLRF       FARG_ADC_Read_channel
0x029C	0x21EB      	CALL       _ADC_Read
0x029D	0x0870      	MOVF       R0, 0
0x029E	0x1283      	BCF        STATUS, 5
0x029F	0x00BE      	MOVWF      _afirst
0x02A0	0x0871      	MOVF       R0+1, 0
0x02A1	0x00BF      	MOVWF      _afirst+1
;LM35 fan Simulation.c,30 :: 		asecond = ADC_Read(1);
0x02A2	0x3001      	MOVLW      1
0x02A3	0x00D0      	MOVWF      FARG_ADC_Read_channel
0x02A4	0x21EB      	CALL       _ADC_Read
0x02A5	0x0870      	MOVF       R0, 0
0x02A6	0x1283      	BCF        STATUS, 5
0x02A7	0x00BC      	MOVWF      _asecond
0x02A8	0x0871      	MOVF       R0+1, 0
0x02A9	0x00BD      	MOVWF      _asecond+1
;LM35 fan Simulation.c,31 :: 		tempa=ADC_Read(2);
0x02AA	0x3002      	MOVLW      2
0x02AB	0x00D0      	MOVWF      FARG_ADC_Read_channel
0x02AC	0x21EB      	CALL       _ADC_Read
0x02AD	0x21B7      	CALL       _Word2Double
0x02AE	0x0870      	MOVF       R0, 0
0x02AF	0x00C0      	MOVWF      _tempa
0x02B0	0x0871      	MOVF       R0+1, 0
0x02B1	0x00C1      	MOVWF      _tempa+1
0x02B2	0x0872      	MOVF       R0+2, 0
0x02B3	0x00C2      	MOVWF      _tempa+2
0x02B4	0x0873      	MOVF       R0+3, 0
0x02B5	0x00C3      	MOVWF      _tempa+3
;LM35 fan Simulation.c,32 :: 		temp= tempa*0.48828125;
0x02B6	0x3000      	MOVLW      0
0x02B7	0x00F4      	MOVWF      R4
0x02B8	0x3000      	MOVLW      0
0x02B9	0x00F5      	MOVWF      R4+1
0x02BA	0x307A      	MOVLW      122
0x02BB	0x00F6      	MOVWF      R4+2
0x02BC	0x307D      	MOVLW      125
0x02BD	0x00F7      	MOVWF      R4+3
0x02BE	0x2106      	CALL       _Mul_32x32_FP
0x02BF	0x0870      	MOVF       R0, 0
0x02C0	0x00C4      	MOVWF      _temp
0x02C1	0x0871      	MOVF       R0+1, 0
0x02C2	0x00C5      	MOVWF      _temp+1
0x02C3	0x0872      	MOVF       R0+2, 0
0x02C4	0x00C6      	MOVWF      _temp+2
0x02C5	0x0873      	MOVF       R0+3, 0
0x02C6	0x00C7      	MOVWF      _temp+3
;LM35 fan Simulation.c,34 :: 		if(afirst>ref && asecond<ref){
0x02C7	0x3080      	MOVLW      128
0x02C8	0x0649      	XORWF      _ref+1, 0
0x02C9	0x00F0      	MOVWF      R0
0x02CA	0x3080      	MOVLW      128
0x02CB	0x063F      	XORWF      _afirst+1, 0
0x02CC	0x0270      	SUBWF      R0, 0
0x02CD	0x1D03      	BTFSS      STATUS, 2
0x02CE	0x2AD1      	GOTO       L__main25
0x02CF	0x083E      	MOVF       _afirst, 0
0x02D0	0x0248      	SUBWF      _ref, 0
L__main25:
0x02D1	0x1803      	BTFSC      STATUS, 0
0x02D2	0x2B60      	GOTO       L_main4
0x02D3	0x3080      	MOVLW      128
0x02D4	0x063D      	XORWF      _asecond+1, 0
0x02D5	0x00F0      	MOVWF      R0
0x02D6	0x3080      	MOVLW      128
0x02D7	0x0649      	XORWF      _ref+1, 0
0x02D8	0x0270      	SUBWF      R0, 0
0x02D9	0x1D03      	BTFSS      STATUS, 2
0x02DA	0x2ADD      	GOTO       L__main26
0x02DB	0x0848      	MOVF       _ref, 0
0x02DC	0x023C      	SUBWF      _asecond, 0
L__main26:
0x02DD	0x1803      	BTFSC      STATUS, 0
0x02DE	0x2B60      	GOTO       L_main4
L__main23:
;LM35 fan Simulation.c,35 :: 		while(afirst>ref){
L_main5:
0x02DF	0x3080      	MOVLW      128
0x02E0	0x0649      	XORWF      _ref+1, 0
0x02E1	0x00F0      	MOVWF      R0
0x02E2	0x3080      	MOVLW      128
0x02E3	0x063F      	XORWF      _afirst+1, 0
0x02E4	0x0270      	SUBWF      R0, 0
0x02E5	0x1D03      	BTFSS      STATUS, 2
0x02E6	0x2AE9      	GOTO       L__main27
0x02E7	0x083E      	MOVF       _afirst, 0
0x02E8	0x0248      	SUBWF      _ref, 0
L__main27:
0x02E9	0x1803      	BTFSC      STATUS, 0
0x02EA	0x2AFA      	GOTO       L_main6
;LM35 fan Simulation.c,36 :: 		afirst=ADC_Read(0);
0x02EB	0x01D0      	CLRF       FARG_ADC_Read_channel
0x02EC	0x21EB      	CALL       _ADC_Read
0x02ED	0x0870      	MOVF       R0, 0
0x02EE	0x1283      	BCF        STATUS, 5
0x02EF	0x00BE      	MOVWF      _afirst
0x02F0	0x0871      	MOVF       R0+1, 0
0x02F1	0x00BF      	MOVWF      _afirst+1
;LM35 fan Simulation.c,37 :: 		Lcd_Out(1,2,"2");
0x02F2	0x3001      	MOVLW      1
0x02F3	0x00D0      	MOVWF      FARG_Lcd_Out_row
0x02F4	0x3002      	MOVLW      2
0x02F5	0x00D1      	MOVWF      FARG_Lcd_Out_column
0x02F6	0x3021      	MOVLW      ?lstr1_LM35_32fan_32Simulation
0x02F7	0x00D2      	MOVWF      FARG_Lcd_Out_text
0x02F8	0x20C6      	CALL       _Lcd_Out
;LM35 fan Simulation.c,38 :: 		}
0x02F9	0x2ADF      	GOTO       L_main5
L_main6:
;LM35 fan Simulation.c,39 :: 		while(asecond<ref){
L_main7:
0x02FA	0x3080      	MOVLW      128
0x02FB	0x063D      	XORWF      _asecond+1, 0
0x02FC	0x00F0      	MOVWF      R0
0x02FD	0x3080      	MOVLW      128
0x02FE	0x0649      	XORWF      _ref+1, 0
0x02FF	0x0270      	SUBWF      R0, 0
0x0300	0x1D03      	BTFSS      STATUS, 2
0x0301	0x2B04      	GOTO       L__main28
0x0302	0x0848      	MOVF       _ref, 0
0x0303	0x023C      	SUBWF      _asecond, 0
L__main28:
0x0304	0x1803      	BTFSC      STATUS, 0
0x0305	0x2B16      	GOTO       L_main8
;LM35 fan Simulation.c,40 :: 		asecond=ADC_Read(1);
0x0306	0x3001      	MOVLW      1
0x0307	0x00D0      	MOVWF      FARG_ADC_Read_channel
0x0308	0x21EB      	CALL       _ADC_Read
0x0309	0x0870      	MOVF       R0, 0
0x030A	0x1283      	BCF        STATUS, 5
0x030B	0x00BC      	MOVWF      _asecond
0x030C	0x0871      	MOVF       R0+1, 0
0x030D	0x00BD      	MOVWF      _asecond+1
;LM35 fan Simulation.c,41 :: 		Lcd_Out(1,2,"3");
0x030E	0x3001      	MOVLW      1
0x030F	0x00D0      	MOVWF      FARG_Lcd_Out_row
0x0310	0x3002      	MOVLW      2
0x0311	0x00D1      	MOVWF      FARG_Lcd_Out_column
0x0312	0x3023      	MOVLW      ?lstr2_LM35_32fan_32Simulation
0x0313	0x00D2      	MOVWF      FARG_Lcd_Out_text
0x0314	0x20C6      	CALL       _Lcd_Out
;LM35 fan Simulation.c,42 :: 		}
0x0315	0x2AFA      	GOTO       L_main7
L_main8:
;LM35 fan Simulation.c,43 :: 		while(asecond>ref){
L_main9:
0x0316	0x3080      	MOVLW      128
0x0317	0x0649      	XORWF      _ref+1, 0
0x0318	0x00F0      	MOVWF      R0
0x0319	0x3080      	MOVLW      128
0x031A	0x063D      	XORWF      _asecond+1, 0
0x031B	0x0270      	SUBWF      R0, 0
0x031C	0x1D03      	BTFSS      STATUS, 2
0x031D	0x2B20      	GOTO       L__main29
0x031E	0x083C      	MOVF       _asecond, 0
0x031F	0x0248      	SUBWF      _ref, 0
L__main29:
0x0320	0x1803      	BTFSC      STATUS, 0
0x0321	0x2B32      	GOTO       L_main10
;LM35 fan Simulation.c,44 :: 		asecond=ADC_Read(1);
0x0322	0x3001      	MOVLW      1
0x0323	0x00D0      	MOVWF      FARG_ADC_Read_channel
0x0324	0x21EB      	CALL       _ADC_Read
0x0325	0x0870      	MOVF       R0, 0
0x0326	0x1283      	BCF        STATUS, 5
0x0327	0x00BC      	MOVWF      _asecond
0x0328	0x0871      	MOVF       R0+1, 0
0x0329	0x00BD      	MOVWF      _asecond+1
;LM35 fan Simulation.c,45 :: 		Lcd_Out(1,2,"4");
0x032A	0x3001      	MOVLW      1
0x032B	0x00D0      	MOVWF      FARG_Lcd_Out_row
0x032C	0x3002      	MOVLW      2
0x032D	0x00D1      	MOVWF      FARG_Lcd_Out_column
0x032E	0x303A      	MOVLW      ?lstr3_LM35_32fan_32Simulation
0x032F	0x00D2      	MOVWF      FARG_Lcd_Out_text
0x0330	0x20C6      	CALL       _Lcd_Out
;LM35 fan Simulation.c,46 :: 		}
0x0331	0x2B16      	GOTO       L_main9
L_main10:
;LM35 fan Simulation.c,48 :: 		if(temp>25){
0x0332	0x0844      	MOVF       _temp, 0
0x0333	0x00F4      	MOVWF      R4
0x0334	0x0845      	MOVF       _temp+1, 0
0x0335	0x00F5      	MOVWF      R4+1
0x0336	0x0846      	MOVF       _temp+2, 0
0x0337	0x00F6      	MOVWF      R4+2
0x0338	0x0847      	MOVF       _temp+3, 0
0x0339	0x00F7      	MOVWF      R4+3
0x033A	0x3000      	MOVLW      0
0x033B	0x00F0      	MOVWF      R0
0x033C	0x3000      	MOVLW      0
0x033D	0x00F1      	MOVWF      R0+1
0x033E	0x3048      	MOVLW      72
0x033F	0x00F2      	MOVWF      R0+2
0x0340	0x3083      	MOVLW      131
0x0341	0x00F3      	MOVWF      R0+3
0x0342	0x2167      	CALL       _Compare_Double
0x0343	0x3001      	MOVLW      1
0x0344	0x1803      	BTFSC      STATUS, 0
0x0345	0x3000      	MOVLW      0
0x0346	0x00F0      	MOVWF      R0
0x0347	0x0870      	MOVF       R0, 0
0x0348	0x1903      	BTFSC      STATUS, 2
0x0349	0x2B52      	GOTO       L_main11
;LM35 fan Simulation.c,49 :: 		Lcd_Out(2,1,"jolse");
0x034A	0x3002      	MOVLW      2
0x034B	0x00D0      	MOVWF      FARG_Lcd_Out_row
0x034C	0x3001      	MOVLW      1
0x034D	0x00D1      	MOVWF      FARG_Lcd_Out_column
0x034E	0x3034      	MOVLW      ?lstr4_LM35_32fan_32Simulation
0x034F	0x00D2      	MOVWF      FARG_Lcd_Out_text
0x0350	0x20C6      	CALL       _Lcd_Out
;LM35 fan Simulation.c,50 :: 		PORTB.f6=1;
0x0351	0x1706      	BSF        PORTB, 6
;LM35 fan Simulation.c,51 :: 		}
L_main11:
;LM35 fan Simulation.c,52 :: 		delay_ms(100);
0x0352	0x3003      	MOVLW      3
0x0353	0x00FB      	MOVWF      R11
0x0354	0x308A      	MOVLW      138
0x0355	0x00FC      	MOVWF      R12
0x0356	0x3055      	MOVLW      85
0x0357	0x00FD      	MOVWF      R13
L_main12:
0x0358	0x0BFD      	DECFSZ     R13, 1
0x0359	0x2B58      	GOTO       L_main12
0x035A	0x0BFC      	DECFSZ     R12, 1
0x035B	0x2B58      	GOTO       L_main12
0x035C	0x0BFB      	DECFSZ     R11, 1
0x035D	0x2B58      	GOTO       L_main12
0x035E	0x0000      	NOP
0x035F	0x0000      	NOP
;LM35 fan Simulation.c,53 :: 		}
L_main4:
;LM35 fan Simulation.c,55 :: 		if(afirst<ref && asecond>ref){
0x0360	0x3080      	MOVLW      128
0x0361	0x063F      	XORWF      _afirst+1, 0
0x0362	0x00F0      	MOVWF      R0
0x0363	0x3080      	MOVLW      128
0x0364	0x0649      	XORWF      _ref+1, 0
0x0365	0x0270      	SUBWF      R0, 0
0x0366	0x1D03      	BTFSS      STATUS, 2
0x0367	0x2B6A      	GOTO       L__main30
0x0368	0x0848      	MOVF       _ref, 0
0x0369	0x023E      	SUBWF      _afirst, 0
L__main30:
0x036A	0x1803      	BTFSC      STATUS, 0
0x036B	0x2BD2      	GOTO       L_main15
0x036C	0x3080      	MOVLW      128
0x036D	0x0649      	XORWF      _ref+1, 0
0x036E	0x00F0      	MOVWF      R0
0x036F	0x3080      	MOVLW      128
0x0370	0x063D      	XORWF      _asecond+1, 0
0x0371	0x0270      	SUBWF      R0, 0
0x0372	0x1D03      	BTFSS      STATUS, 2
0x0373	0x2B76      	GOTO       L__main31
0x0374	0x083C      	MOVF       _asecond, 0
0x0375	0x0248      	SUBWF      _ref, 0
L__main31:
0x0376	0x1803      	BTFSC      STATUS, 0
0x0377	0x2BD2      	GOTO       L_main15
L__main22:
;LM35 fan Simulation.c,56 :: 		while(asecond>ref){
L_main16:
0x0378	0x3080      	MOVLW      128
0x0379	0x0649      	XORWF      _ref+1, 0
0x037A	0x00F0      	MOVWF      R0
0x037B	0x3080      	MOVLW      128
0x037C	0x063D      	XORWF      _asecond+1, 0
0x037D	0x0270      	SUBWF      R0, 0
0x037E	0x1D03      	BTFSS      STATUS, 2
0x037F	0x2B82      	GOTO       L__main32
0x0380	0x083C      	MOVF       _asecond, 0
0x0381	0x0248      	SUBWF      _ref, 0
L__main32:
0x0382	0x1803      	BTFSC      STATUS, 0
0x0383	0x2B94      	GOTO       L_main17
;LM35 fan Simulation.c,57 :: 		asecond=ADC_Read(1);
0x0384	0x3001      	MOVLW      1
0x0385	0x00D0      	MOVWF      FARG_ADC_Read_channel
0x0386	0x21EB      	CALL       _ADC_Read
0x0387	0x0870      	MOVF       R0, 0
0x0388	0x1283      	BCF        STATUS, 5
0x0389	0x00BC      	MOVWF      _asecond
0x038A	0x0871      	MOVF       R0+1, 0
0x038B	0x00BD      	MOVWF      _asecond+1
;LM35 fan Simulation.c,58 :: 		Lcd_Out(1,2,"5");
0x038C	0x3001      	MOVLW      1
0x038D	0x00D0      	MOVWF      FARG_Lcd_Out_row
0x038E	0x3002      	MOVLW      2
0x038F	0x00D1      	MOVWF      FARG_Lcd_Out_column
0x0390	0x3032      	MOVLW      ?lstr5_LM35_32fan_32Simulation
0x0391	0x00D2      	MOVWF      FARG_Lcd_Out_text
0x0392	0x20C6      	CALL       _Lcd_Out
;LM35 fan Simulation.c,59 :: 		}
0x0393	0x2B78      	GOTO       L_main16
L_main17:
;LM35 fan Simulation.c,60 :: 		while(afirst<ref){
L_main18:
0x0394	0x3080      	MOVLW      128
0x0395	0x063F      	XORWF      _afirst+1, 0
0x0396	0x00F0      	MOVWF      R0
0x0397	0x3080      	MOVLW      128
0x0398	0x0649      	XORWF      _ref+1, 0
0x0399	0x0270      	SUBWF      R0, 0
0x039A	0x1D03      	BTFSS      STATUS, 2
0x039B	0x2B9E      	GOTO       L__main33
0x039C	0x0848      	MOVF       _ref, 0
0x039D	0x023E      	SUBWF      _afirst, 0
L__main33:
0x039E	0x1803      	BTFSC      STATUS, 0
0x039F	0x2BAF      	GOTO       L_main19
;LM35 fan Simulation.c,61 :: 		afirst=ADC_Read(0);
0x03A0	0x01D0      	CLRF       FARG_ADC_Read_channel
0x03A1	0x21EB      	CALL       _ADC_Read
0x03A2	0x0870      	MOVF       R0, 0
0x03A3	0x1283      	BCF        STATUS, 5
0x03A4	0x00BE      	MOVWF      _afirst
0x03A5	0x0871      	MOVF       R0+1, 0
0x03A6	0x00BF      	MOVWF      _afirst+1
;LM35 fan Simulation.c,62 :: 		Lcd_Out(1,2,"6");
0x03A7	0x3001      	MOVLW      1
0x03A8	0x00D0      	MOVWF      FARG_Lcd_Out_row
0x03A9	0x3002      	MOVLW      2
0x03AA	0x00D1      	MOVWF      FARG_Lcd_Out_column
0x03AB	0x3027      	MOVLW      ?lstr6_LM35_32fan_32Simulation
0x03AC	0x00D2      	MOVWF      FARG_Lcd_Out_text
0x03AD	0x20C6      	CALL       _Lcd_Out
;LM35 fan Simulation.c,63 :: 		}
0x03AE	0x2B94      	GOTO       L_main18
L_main19:
;LM35 fan Simulation.c,64 :: 		while(afirst>ref){
L_main20:
0x03AF	0x3080      	MOVLW      128
0x03B0	0x0649      	XORWF      _ref+1, 0
0x03B1	0x00F0      	MOVWF      R0
0x03B2	0x3080      	MOVLW      128
0x03B3	0x063F      	XORWF      _afirst+1, 0
0x03B4	0x0270      	SUBWF      R0, 0
0x03B5	0x1D03      	BTFSS      STATUS, 2
0x03B6	0x2BB9      	GOTO       L__main34
0x03B7	0x083E      	MOVF       _afirst, 0
0x03B8	0x0248      	SUBWF      _ref, 0
L__main34:
0x03B9	0x1803      	BTFSC      STATUS, 0
0x03BA	0x2BCA      	GOTO       L_main21
;LM35 fan Simulation.c,65 :: 		afirst=ADC_Read(0);
0x03BB	0x01D0      	CLRF       FARG_ADC_Read_channel
0x03BC	0x21EB      	CALL       _ADC_Read
0x03BD	0x0870      	MOVF       R0, 0
0x03BE	0x1283      	BCF        STATUS, 5
0x03BF	0x00BE      	MOVWF      _afirst
0x03C0	0x0871      	MOVF       R0+1, 0
0x03C1	0x00BF      	MOVWF      _afirst+1
;LM35 fan Simulation.c,66 :: 		Lcd_Out(1,2,"7");
0x03C2	0x3001      	MOVLW      1
0x03C3	0x00D0      	MOVWF      FARG_Lcd_Out_row
0x03C4	0x3002      	MOVLW      2
0x03C5	0x00D1      	MOVWF      FARG_Lcd_Out_column
0x03C6	0x3025      	MOVLW      ?lstr7_LM35_32fan_32Simulation
0x03C7	0x00D2      	MOVWF      FARG_Lcd_Out_text
0x03C8	0x20C6      	CALL       _Lcd_Out
;LM35 fan Simulation.c,67 :: 		}
0x03C9	0x2BAF      	GOTO       L_main20
L_main21:
;LM35 fan Simulation.c,68 :: 		PORTB.f6=0;
0x03CA	0x1306      	BCF        PORTB, 6
;LM35 fan Simulation.c,69 :: 		Lcd_Out(2,1,"finished");
0x03CB	0x3002      	MOVLW      2
0x03CC	0x00D0      	MOVWF      FARG_Lcd_Out_row
0x03CD	0x3001      	MOVLW      1
0x03CE	0x00D1      	MOVWF      FARG_Lcd_Out_column
0x03CF	0x3029      	MOVLW      ?lstr8_LM35_32fan_32Simulation
0x03D0	0x00D2      	MOVWF      FARG_Lcd_Out_text
0x03D1	0x20C6      	CALL       _Lcd_Out
;LM35 fan Simulation.c,71 :: 		}
L_main15:
;LM35 fan Simulation.c,72 :: 		}
0x03D2	0x2A96      	GOTO       L_main0
;LM35 fan Simulation.c,73 :: 		}
L_end_main:
0x03D3	0x2BD3      	GOTO       $+0
; end of _main
Symbol List:
//** Routines locations **
//ADDRESS    SIZE    PROCEDURE
//----------------------------------------------
0x0003       [7]    _Delay_50us
0x000A       [6]    _Delay_1us
0x0010      [13]    _Delay_5500us
0x001D       [7]    _RES032
0x0024      [64]    _Lcd_Cmd
0x0064       [4]    _FIXSIGN32
0x0068      [12]    _SETFUN32
0x0074       [8]    _Delay_22us
0x007C      [47]    _NRM3232
0x00AB      [12]    _SETFOV32
0x00B7       [8]    _Lcd_Chr_CP
0x00BF       [7]    _____DoICP
0x00C6      [64]    _Lcd_Out
0x0106      [97]    _Mul_32x32_FP
0x0167      [80]    _Compare_Double
0x01B7      [22]    _Word2Double
0x01CD      [12]    ___CC2DW
0x01D9      [18]    _ADC_Init
0x01EB      [36]    _ADC_Read
0x020F      [78]    _Lcd_Init
0x025D     [375]    _main
//** Variables locations ** 
//ADDRESS    SIZE    VARIABLE
//----------------------------------------------
0x0000       [1]    INDF
0x0002       [1]    PCL
0x0003       [1]    STATUS
0x0004       [1]    FSR
0x0006       [0]    RB1_bit
0x0006       [0]    RB0_bit
0x0006       [0]    RB3_bit
0x0006       [0]    RB2_bit
0x0006       [0]    LCD_D5
0x0006       [0]    LCD_D4
0x0006       [0]    LCD_EN
0x0006       [0]    LCD_D6
0x0006       [0]    LCD_D7
0x0006       [1]    PORTB
0x0006       [0]    LCD_RS
0x0006       [0]    RB5_bit
0x0006       [0]    RB4_bit
0x000A       [1]    PCLATH
0x001E       [1]    ADRESH
0x001F       [1]    ADCON0
0x0020       [1]    __math_tempbD
0x0021       [2]    ?lstr1_LM35_32fan_32Simulation
0x0023       [2]    ?lstr2_LM35_32fan_32Simulation
0x0025       [2]    ?lstr7_LM35_32fan_32Simulation
0x0027       [2]    ?lstr6_LM35_32fan_32Simulation
0x0029       [9]    ?lstr8_LM35_32fan_32Simulation
0x0032       [2]    ?lstr5_LM35_32fan_32Simulation
0x0034       [6]    ?lstr4_LM35_32fan_32Simulation
0x003A       [2]    ?lstr3_LM35_32fan_32Simulation
0x003C       [2]    _asecond
0x003E       [2]    _afirst
0x0040       [4]    _tempa
0x0044       [4]    _temp
0x0048       [2]    _ref
0x004A       [2]    ___DoICPAddr
0x004C       [0]    __Lib_Lcd_cmd_status
0x004D       [3]    _ADC_Get_Sample_Ptr
0x0050       [1]    FARG_ADC_Read_channel
0x0050       [1]    FARG_Lcd_Out_row
0x0051       [1]    FARG_Lcd_Out_column
0x0052       [1]    FARG_Lcd_Out_text
0x0053       [1]    Lcd_Out_i_L0
0x0054       [1]    FARG_Lcd_Chr_CP_out_char
0x0055       [1]    FARG_Lcd_Cmd_out_char
0x0070       [1]    R0
0x0071       [1]    R1
0x0072       [1]    R2
0x0073       [1]    R3
0x0074       [1]    R4
0x0075       [1]    R5
0x0076       [1]    R6
0x0077       [1]    R7
0x0078       [1]    R8
0x0079       [1]    R9
0x007A       [1]    R10
0x007B       [1]    R11
0x007C       [1]    R12
0x007D       [1]    R13
0x007E       [1]    R14
0x007F       [1]    R15
0x0086       [0]    TRISB4_bit
0x0086       [0]    LCD_EN_Direction
0x0086       [0]    LCD_RS_Direction
0x0086       [0]    TRISB2_bit
0x0086       [0]    TRISB3_bit
0x0086       [0]    LCD_D5_Direction
0x0086       [0]    LCD_D4_Direction
0x0086       [0]    TRISB6_bit
0x0086       [0]    LCD_D7_Direction
0x0086       [0]    TRISB5_bit
0x0086       [0]    LCD_D6_Direction
0x0086       [0]    TRISB1_bit
0x0086       [0]    TRISB0_bit
0x009E       [1]    ADRESL
0x009F       [1]    ADCON1
//** Label List: ** 
//----------------------------------------------
  L_main0
  L_main1
  L_main2
  L_main3
  L_main4
  L_main5
  L_main6
  L_main7
  L_main8
  L_main9
  L_main10
  L_main11
  L_main12
  L_main13
  L_main14
  L_main15
  L_main16
  L_main17
  L_main18
  L_main19
  L_main20
  L_main21
  L__main22
  L__main23
  L_end_main
  _main
  L__main25
  L__main26
  L__main27
  L__main28
  L__main29
  L__main30
  L__main31
  L__main32
  L__main33
  L__main34
  L_ADC_Get_Sample0
  L_ADC_Get_Sample1
  L_ADC_Read2
  L_ADC_Read3
  L_end_ADC_Init
  _ADC_Init
  L_end_ADC_Get_Sample
  _ADC_Get_Sample
  L_end_ADC_Read
  _ADC_Read
  L_Delay_10us0
  L_Delay_22us1
  L_Delay_50us2
  L_Delay_80us3
  L_Delay_500us4
  L_Delay_5500us5
  L_Delay_1ms6
  L_Delay_5ms7
  L_Delay_8ms8
  L_Delay_10ms9
  L_Delay_100ms10
  L_Delay_1sec11
  L_boot16_Delay_5ms12
  L_Delay_Cyc13
  L_Delay_Cyc14
  L_VDelay_ms15
  L_VDelay_ms16
  L_VDelay_ms17
  L_VDelay_Advanced_ms18
  L_VDelay_Advanced_ms19
  L_VDelay_Advanced_ms20
  L_end_Get_Fosc_kHz
  _Get_Fosc_kHz
  L_end_Delay_1us
  _Delay_1us
  L_end_Delay_10us
  _Delay_10us
  L_end_Delay_22us
  _Delay_22us
  L_end_Delay_50us
  _Delay_50us
  L_end_Delay_80us
  _Delay_80us
  L_end_Delay_500us
  _Delay_500us
  L_end_Delay_5500us
  _Delay_5500us
  L_end_Delay_1ms
  _Delay_1ms
  L_end_Delay_5ms
  _Delay_5ms
  L_end_Delay_8ms
  _Delay_8ms
  L_end_Delay_10ms
  _Delay_10ms
  L_end_Delay_100ms
  _Delay_100ms
  L_end_Delay_1sec
  _Delay_1sec
  L_end_boot16_Delay_5ms
  _boot16_Delay_5ms
  L_end_Delay_Cyc
  _Delay_Cyc
  L_end_VDelay_ms
  _VDelay_ms
  L__VDelay_ms38
  L__VDelay_ms39
  L__VDelay_ms40
  L_end_VDelay_Advanced_ms
  _VDelay_Advanced_ms
  L__VDelay_Advanced_ms42
  L__VDelay_Advanced_ms43
  L__VDelay_Advanced_ms44
  L_Lcd_Cmd0
  L_Lcd_Cmd1
  L_Lcd_Out_CP2
  L_Lcd_Out_CP3
  L_Lcd_Chr4
  L_Lcd_Chr5
  L_Lcd_Chr6
  L_Lcd_Chr7
  L_Lcd_Chr8
  L_Lcd_Chr9
  L_Lcd_Chr10
  L_Lcd_Out11
  L_Lcd_Out12
  L_Lcd_Out13
  L_Lcd_Out14
  L_Lcd_Out15
  L_Lcd_Out16
  L_Lcd_Out17
  L_Lcd_Out18
  L_Lcd_Out19
  L_end_Lcd_Cmd
  _Lcd_Cmd
  L__Lcd_Cmd21
  L__Lcd_Cmd22
  L__Lcd_Cmd23
  L__Lcd_Cmd24
  L__Lcd_Cmd25
  L__Lcd_Cmd26
  L__Lcd_Cmd27
  L__Lcd_Cmd28
  L__Lcd_Cmd29
  L__Lcd_Cmd30
  L__Lcd_Cmd31
  L__Lcd_Cmd32
  L__Lcd_Cmd33
  L__Lcd_Cmd34
  L__Lcd_Cmd35
  L__Lcd_Cmd36
  L__Lcd_Cmd37
  L__Lcd_Cmd38
  L__Lcd_Cmd39
  L__Lcd_Cmd40
  L_end_Lcd_Chr_CP
  _Lcd_Chr_CP
  L_end_Lcd_Out_CP
  _Lcd_Out_CP
  L_end_Lcd_Chr
  _Lcd_Chr
  L_end_Lcd_Init
  _Lcd_Init
  L_end_Lcd_Out
  _Lcd_Out
  SETFOV32EEE
  SETFUN32EEE
  NORM3232
  JPNRES032
  JPNSETFUN32
  NORM3232A
  JMPNFIXSIGN32
  NORM32EEE
  NRMRND4032
  NRM4032
  JMPSETFOV32
  NORM4032
  JMPRES032
  JMPSETFUN32
  NORM4032A
  JMPFIXSIGN32
  NRM4032EEE
  USEA32
  JMPEEE
  ALIGNED32
  ALIGNB32
  ALOOPB32
  AOK32
  ACOMP32
  JMPNRMRND4032
  ADD_JMPSETFOV32
  JMPNRM4032
  JMPNRM32
  ADD32EEE
  FPM32
  JPMRES032
  M32BNE0
  MTUN32
  JPMSETFOV32
  MOK32
  JPMSETFUN32
  MLOOP32
  MNOADD32
  MADD32
  MROUND32
  MUL32OK
  MUL32EEE
  L_Div_32x32_FP7
  L_Div_32x32_FP8
  L_Div_32x32_FP9
  L_Div_32x32_FP10
  FPD32
  JPDSETFDZ32
  JPDRES032
  D32BNE0
  TALIGN32
  TS1ALIGN32
  TS2ALIGN32
  DALIGN32OK
  ALTB32
  AGEB32
  JPDSETFOV32
  DARGOK32
  JPDSETFUN32
  DLOOP32
  DS132
  DS232
  DREST32
  DOK32
  DAREST32
  DROUND32
  DIV32OK
  DIV32EEE
  SETIOV3224EEE
  INT3232U
  INT3232UEOK
  SETEXP32U
  SETIOV32U
  TSHIFT3232U
  SHIFT3232UOK
  SHIFT3232U
  INT3232UOK
  JPLSETIOV3224
  IRES032U
  INT3232UEER
  INT3232UEEE
  L_Double2Longword_0
  INT3232
  INT3232EOK
  SETIOV32
  TSHIFT3232
  SHIFT3232OK
  SHIFT3232
  INT3232OK
  JPISETIOV3224
  IRES032
  INT3232EER
  INT3232EEE
  L_Double2Longint_0
  INT3216
  IRES016
  SETIOV16
  TSHIFT3216
  SHIFT3216OK
  SHIFT3216
  INT3216OK
  JPJSETIOV3224
  INT3216EOK
  INT3216EER
  INT3216EEE
  L_Double2Int_0
  INT3216U
  IRES016U
  SETEXP16U
  SETIOV16U
  TSHIFT3216U
  SHIFT3216UOK
  SHIFT3216U
  INT3216UOK
  JPKSETIOV3224
  INT3216UEOK
  INT3216UEER
  INT3216UEEE
  L_Double2Word_0
  INT32U08
  IRES008
  SETEXP08
  SETIOV08
  TSHIFT3208
  SHIFT3208OK
  SHIFT3208
  INT3208OK
  D2B_JPKSETIOV3224
  INT3208EOK
  INT3208EER
  INT3208EEE
  L_Double2Byte_0
  FLO08U32
  FLO1632
  FLO1632EEE
  FLO16U32
  FLO3232
  FLO3232EEE
  FLO32U32
  EQU_FALSE
  COMPARE_EQU
  COMPARE_NOTZERO
  COMPARE_XNOTZERO
  COMPARE_YNOTZERO
  COMPARE_LT
  COMPARE_GT
  COMPARE_TESTALL
  COMPARE_C1
  GT_FALSE
  GT_TRUE
  COMPARE_C2
  COMPARE_C3
  L_end_SETFOV32
  _SETFOV32
  L_end_SETFDZ32
  _SETFDZ32
  L_end_FIXSIGN32
  _FIXSIGN32
  L_end_RES032
  _RES032
  L_end_SETFUN32
  _SETFUN32
  L_end_NRM3232
  _NRM3232
  L_end_NRM4032
  _NRM4032
  L_end_Add_32x32_FP
  _Add_32x32_FP
  L_end_Sub_32x32_FP
  _Sub_32x32_FP
  L_end_Mul_32x32_FP
  _Mul_32x32_FP
  L_end_Div_32x32_FP
  _Div_32x32_FP
  L_end_SETIOV3224
  _SETIOV3224
  L_end_Double2Longword
  _Double2Longword
  L_end_Double2Longint
  _Double2Longint
  L_end_Double2Int
  _Double2Int
  L_end_Double2Word
  _Double2Word
  L_end_Double2Byte
  _Double2Byte
  L_end_Byte2Double
  _Byte2Double
  L_end_Int2Double
  _Int2Double
  L_end_Word2Double
  _Word2Double
  L_end_Longint2Double
  _Longint2Double
  L_end_Longword2Double
  _Longword2Double
  L_end_Equals_Double
  _Equals_Double
  L_end_Compare_Double
  _Compare_Double
  L_loopCA2AWs
  L_CA2AWend
  _CCA2AW_Loop1
  L_loopCS2Ss
  L_CS2Send
  _CCS2S_Loop1
  L_CCS2Send
  L_loopFZinSWs
  L_FZinSend
  _CC2D_Loop1
  L_end_____DoICP
  _____DoICP
  L_end_____DoIFC
  _____DoIFC
  L_end___CA2AW
  ___CA2AW
  L_end___CCA2AW
  ___CCA2AW
  L_end___CS2S
  ___CS2S
  L_end___CCS2S
  ___CCS2S
  L_end___FZinS
  ___FZinS
  L_end___CC2DW
  ___CC2DW
  L_end_Swap
  _Swap
