;  LST file generated by mikroListExporter - v.2.0 
; Date/Time: 5/20/2016 2:20:23 AM
;----------------------------------------------

;Address Opcode 	ASM
0x0000	0x2941      	GOTO       321
_Mul_16x16_U:
;__Lib_Math.c,136 :: 		
;__Lib_Math.c,143 :: 		
0x0003	0x1283      	BCF        STATUS, 5
;__Lib_Math.c,144 :: 		
0x0004	0x1303      	BCF        STATUS, 6
;__Lib_Math.c,145 :: 		
0x0005	0x01FB      	CLRF       R11
;__Lib_Math.c,146 :: 		
0x0006	0x01FA      	CLRF       R10
;__Lib_Math.c,147 :: 		
0x0007	0x01F9      	CLRF       R9
;__Lib_Math.c,148 :: 		
0x0008	0x3080      	MOVLW      128
;__Lib_Math.c,149 :: 		
0x0009	0x00F8      	MOVWF      R8
;__Lib_Math.c,150 :: 		
0x000A	0x0CF1      	RRF        R1, 1
;__Lib_Math.c,151 :: 		
0x000B	0x0CF0      	RRF        R0, 1
;__Lib_Math.c,152 :: 		
0x000C	0x1C03      	BTFSS      STATUS, 0
;__Lib_Math.c,153 :: 		
0x000D	0x2817      	GOTO       $+10
;__Lib_Math.c,154 :: 		
0x000E	0x0874      	MOVF       R4, 0
;__Lib_Math.c,155 :: 		
0x000F	0x07F9      	ADDWF      R9, 1
;__Lib_Math.c,156 :: 		
0x0010	0x0875      	MOVF       R5, 0
;__Lib_Math.c,157 :: 		
0x0011	0x1803      	BTFSC      STATUS, 0
;__Lib_Math.c,158 :: 		
0x0012	0x0F75      	INCFSZ     R5, 0
;__Lib_Math.c,159 :: 		
0x0013	0x07FA      	ADDWF      R10, 1
;__Lib_Math.c,160 :: 		
0x0014	0x1803      	BTFSC      STATUS, 0
;__Lib_Math.c,161 :: 		
0x0015	0x0AFB      	INCF       R11, 1
;__Lib_Math.c,162 :: 		
0x0016	0x1003      	BCF        STATUS, 0
;__Lib_Math.c,163 :: 		
0x0017	0x1FF0      	BTFSS      R0, 7
;__Lib_Math.c,164 :: 		
0x0018	0x281F      	GOTO       $+7
;__Lib_Math.c,165 :: 		
0x0019	0x0874      	MOVF       R4, 0
;__Lib_Math.c,166 :: 		
0x001A	0x07FA      	ADDWF      R10, 1
;__Lib_Math.c,167 :: 		
0x001B	0x0875      	MOVF       R5, 0
;__Lib_Math.c,168 :: 		
0x001C	0x1803      	BTFSC      STATUS, 0
;__Lib_Math.c,169 :: 		
0x001D	0x0F75      	INCFSZ     R5, 0
;__Lib_Math.c,170 :: 		
0x001E	0x07FB      	ADDWF      R11, 1
;__Lib_Math.c,171 :: 		
0x001F	0x0CFB      	RRF        R11, 1
;__Lib_Math.c,172 :: 		
0x0020	0x0CFA      	RRF        R10, 1
;__Lib_Math.c,173 :: 		
0x0021	0x0CF9      	RRF        R9, 1
;__Lib_Math.c,174 :: 		
0x0022	0x0CF8      	RRF        R8, 1
;__Lib_Math.c,175 :: 		
0x0023	0x1C03      	BTFSS      STATUS, 0
;__Lib_Math.c,176 :: 		
0x0024	0x280A      	GOTO       $-26
;__Lib_Math.c,177 :: 		
0x0025	0x087B      	MOVF       R11, 0
;__Lib_Math.c,178 :: 		
0x0026	0x00F3      	MOVWF      R3
;__Lib_Math.c,179 :: 		
0x0027	0x087A      	MOVF       R10, 0
;__Lib_Math.c,180 :: 		
0x0028	0x00F2      	MOVWF      R2
;__Lib_Math.c,181 :: 		
0x0029	0x0879      	MOVF       R9, 0
;__Lib_Math.c,182 :: 		
0x002A	0x00F1      	MOVWF      R1
;__Lib_Math.c,183 :: 		
0x002B	0x0878      	MOVF       R8, 0
;__Lib_Math.c,184 :: 		
0x002C	0x00F0      	MOVWF      R0
;__Lib_Math.c,187 :: 		
L_end_Mul_16x16_U:
0x002D	0x0008      	RETURN
; end of _Mul_16x16_U
_PWM1_Set_Duty:
;__Lib_PWM_c21.c,40 :: 		
;__Lib_PWM_c21.c,44 :: 		
0x002E	0x1683      	BSF        STATUS, 5
0x002F	0x1303      	BCF        STATUS, 6
0x0030	0x0812      	MOVF       PR2, 0
0x0031	0x3E01      	ADDLW      1
0x0032	0x00F0      	MOVWF      R0
0x0033	0x01F1      	CLRF       R0+1
0x0034	0x1803      	BTFSC      STATUS, 0
0x0035	0x0AF1      	INCF       R0+1, 1
0x0036	0x1283      	BCF        STATUS, 5
0x0037	0x082F      	MOVF       FARG_PWM1_Set_Duty_new_duty, 0
0x0038	0x00F4      	MOVWF      R4
0x0039	0x01F5      	CLRF       R4+1
0x003A	0x2003      	CALL       _Mul_16x16_U
0x003B	0x3006      	MOVLW      6
0x003C	0x00F2      	MOVWF      R2
0x003D	0x0870      	MOVF       R0, 0
0x003E	0x00F4      	MOVWF      R4
0x003F	0x0871      	MOVF       R0+1, 0
0x0040	0x00F5      	MOVWF      R4+1
0x0041	0x0872      	MOVF       R2, 0
L__PWM1_Set_Duty10:
0x0042	0x1903      	BTFSC      STATUS, 2
0x0043	0x2849      	GOTO       L__PWM1_Set_Duty11
0x0044	0x0CF5      	RRF        R4+1, 1
0x0045	0x0CF4      	RRF        R4, 1
0x0046	0x13F5      	BCF        R4+1, 7
0x0047	0x3EFF      	ADDLW      255
0x0048	0x2842      	GOTO       L__PWM1_Set_Duty10
L__PWM1_Set_Duty11:
;__Lib_PWM_c21.c,45 :: 		
0x0049	0x3004      	MOVLW      4
0x004A	0x00F1      	MOVWF      R1
0x004B	0x0874      	MOVF       R4, 0
0x004C	0x00F0      	MOVWF      R0
0x004D	0x0871      	MOVF       R1, 0
L__PWM1_Set_Duty12:
0x004E	0x1903      	BTFSC      STATUS, 2
0x004F	0x2854      	GOTO       L__PWM1_Set_Duty13
0x0050	0x0DF0      	RLF        R0, 1
0x0051	0x1070      	BCF        R0, 0
0x0052	0x3EFF      	ADDLW      255
0x0053	0x284E      	GOTO       L__PWM1_Set_Duty12
L__PWM1_Set_Duty13:
0x0054	0x3030      	MOVLW      48
0x0055	0x0570      	ANDWF      R0, 0
0x0056	0x00F3      	MOVWF      R3
;__Lib_PWM_c21.c,46 :: 		
0x0057	0x0874      	MOVF       R4, 0
0x0058	0x00F0      	MOVWF      R0
0x0059	0x0875      	MOVF       R4+1, 0
0x005A	0x00F1      	MOVWF      R0+1
0x005B	0x0CF1      	RRF        R0+1, 1
0x005C	0x0CF0      	RRF        R0, 1
0x005D	0x13F1      	BCF        R0+1, 7
0x005E	0x0CF1      	RRF        R0+1, 1
0x005F	0x0CF0      	RRF        R0, 1
0x0060	0x13F1      	BCF        R0+1, 7
0x0061	0x0870      	MOVF       R0, 0
0x0062	0x0095      	MOVWF      CCPR1L
;__Lib_PWM_c21.c,47 :: 		
0x0063	0x300F      	MOVLW      15
0x0064	0x0597      	ANDWF      CCP1CON, 1
;__Lib_PWM_c21.c,48 :: 		
0x0065	0x0873      	MOVF       R3, 0
0x0066	0x0497      	IORWF      CCP1CON, 1
;__Lib_PWM_c21.c,49 :: 		
L_end_PWM1_Set_Duty:
0x0067	0x0008      	RETURN
; end of _PWM1_Set_Duty
_____DoICP:
;__Lib_System.c,6 :: 		
;__Lib_System.c,9 :: 		
0x0068	0x1283      	BCF        STATUS, 5
0x0069	0x1303      	BCF        STATUS, 6
0x006A	0x0827      	MOVF       ___DoICPAddr+1, 0
0x006B	0x008A      	MOVWF      PCLATH
;__Lib_System.c,10 :: 		
0x006C	0x0826      	MOVF       ___DoICPAddr, 0
0x006D	0x0082      	MOVWF      PCL
;__Lib_System.c,12 :: 		
L_end_____DoICP:
0x006E	0x0008      	RETURN
; end of _____DoICP
_PWM2_Set_Duty:
;__Lib_PWM_c21.c,8 :: 		
;__Lib_PWM_c21.c,12 :: 		
0x006F	0x1683      	BSF        STATUS, 5
0x0070	0x1303      	BCF        STATUS, 6
0x0071	0x0812      	MOVF       PR2, 0
0x0072	0x3E01      	ADDLW      1
0x0073	0x00F0      	MOVWF      R0
0x0074	0x01F1      	CLRF       R0+1
0x0075	0x1803      	BTFSC      STATUS, 0
0x0076	0x0AF1      	INCF       R0+1, 1
0x0077	0x1283      	BCF        STATUS, 5
0x0078	0x082F      	MOVF       FARG_PWM2_Set_Duty_new_duty, 0
0x0079	0x00F4      	MOVWF      R4
0x007A	0x01F5      	CLRF       R4+1
0x007B	0x2003      	CALL       _Mul_16x16_U
0x007C	0x3006      	MOVLW      6
0x007D	0x00F2      	MOVWF      R2
0x007E	0x0870      	MOVF       R0, 0
0x007F	0x00F4      	MOVWF      R4
0x0080	0x0871      	MOVF       R0+1, 0
0x0081	0x00F5      	MOVWF      R4+1
0x0082	0x0872      	MOVF       R2, 0
L__PWM2_Set_Duty2:
0x0083	0x1903      	BTFSC      STATUS, 2
0x0084	0x288A      	GOTO       L__PWM2_Set_Duty3
0x0085	0x0CF5      	RRF        R4+1, 1
0x0086	0x0CF4      	RRF        R4, 1
0x0087	0x13F5      	BCF        R4+1, 7
0x0088	0x3EFF      	ADDLW      255
0x0089	0x2883      	GOTO       L__PWM2_Set_Duty2
L__PWM2_Set_Duty3:
;__Lib_PWM_c21.c,13 :: 		
0x008A	0x3004      	MOVLW      4
0x008B	0x00F1      	MOVWF      R1
0x008C	0x0874      	MOVF       R4, 0
0x008D	0x00F0      	MOVWF      R0
0x008E	0x0871      	MOVF       R1, 0
L__PWM2_Set_Duty4:
0x008F	0x1903      	BTFSC      STATUS, 2
0x0090	0x2895      	GOTO       L__PWM2_Set_Duty5
0x0091	0x0DF0      	RLF        R0, 1
0x0092	0x1070      	BCF        R0, 0
0x0093	0x3EFF      	ADDLW      255
0x0094	0x288F      	GOTO       L__PWM2_Set_Duty4
L__PWM2_Set_Duty5:
0x0095	0x3030      	MOVLW      48
0x0096	0x0570      	ANDWF      R0, 0
0x0097	0x00F3      	MOVWF      R3
;__Lib_PWM_c21.c,14 :: 		
0x0098	0x0874      	MOVF       R4, 0
0x0099	0x00F0      	MOVWF      R0
0x009A	0x0875      	MOVF       R4+1, 0
0x009B	0x00F1      	MOVWF      R0+1
0x009C	0x0CF1      	RRF        R0+1, 1
0x009D	0x0CF0      	RRF        R0, 1
0x009E	0x13F1      	BCF        R0+1, 7
0x009F	0x0CF1      	RRF        R0+1, 1
0x00A0	0x0CF0      	RRF        R0, 1
0x00A1	0x13F1      	BCF        R0+1, 7
0x00A2	0x0870      	MOVF       R0, 0
0x00A3	0x009B      	MOVWF      CCPR2L
;__Lib_PWM_c21.c,15 :: 		
0x00A4	0x300F      	MOVLW      15
0x00A5	0x059D      	ANDWF      CCP2CON, 1
;__Lib_PWM_c21.c,16 :: 		
0x00A6	0x0873      	MOVF       R3, 0
0x00A7	0x049D      	IORWF      CCP2CON, 1
;__Lib_PWM_c21.c,17 :: 		
L_end_PWM2_Set_Duty:
0x00A8	0x0008      	RETURN
; end of _PWM2_Set_Duty
_Delay_22us:
;__Lib_Delays.c,15 :: 		void Delay_22us() {
;__Lib_Delays.c,16 :: 		Delay_us(22);
0x00A9	0x300E      	MOVLW      14
0x00AA	0x1283      	BCF        STATUS, 5
0x00AB	0x1303      	BCF        STATUS, 6
0x00AC	0x00FD      	MOVWF      R13
L_Delay_22us1:
0x00AD	0x0BFD      	DECFSZ     R13, 1
0x00AE	0x28AD      	GOTO       L_Delay_22us1
0x00AF	0x0000      	NOP
;__Lib_Delays.c,17 :: 		}
L_end_Delay_22us:
0x00B0	0x0008      	RETURN
; end of _Delay_22us
_ADC_Init:
;__Lib_ADC_A_C.c,9 :: 		
;__Lib_ADC_A_C.c,10 :: 		
0x00B1	0x30FF      	MOVLW      _ADC_Get_Sample
0x00B2	0x1283      	BCF        STATUS, 5
0x00B3	0x1303      	BCF        STATUS, 6
0x00B4	0x00A8      	MOVWF      _ADC_Get_Sample_Ptr
0x00B5	0x30FF      	MOVLW      hi_addr(_ADC_Get_Sample)
0x00B6	0x00A9      	MOVWF      _ADC_Get_Sample_Ptr+1
0x00B7	0x30FF      	MOVLW      FARG_ADC_Get_Sample_channel
0x00B8	0x00AA      	MOVWF      _ADC_Get_Sample_Ptr+2
0x00B9	0x30FF      	MOVLW      hi_addr(FARG_ADC_Get_Sample_channel)
;__Lib_ADC_A_C.c,12 :: 		
0x00BA	0x019F      	CLRF       ADCON0
;__Lib_ADC_A_C.c,13 :: 		
0x00BB	0x30C0      	MOVLW      192
0x00BC	0x049F      	IORWF      ADCON0, 1
;__Lib_ADC_A_C.c,14 :: 		
0x00BD	0x1683      	BSF        STATUS, 5
0x00BE	0x171F      	BSF        ADCON1, 6
;__Lib_ADC_A_C.c,15 :: 		
0x00BF	0x179F      	BSF        ADCON1, 7
;__Lib_ADC_A_C.c,18 :: 		
0x00C0	0x1283      	BCF        STATUS, 5
0x00C1	0x141F      	BSF        ADCON0, 0
;__Lib_ADC_A_C.c,19 :: 		
L_end_ADC_Init:
0x00C2	0x0008      	RETURN
; end of _ADC_Init
_PWM2_Init:
;__Lib_PWM_c21.c,1 :: 		
;__Lib_PWM_c21.c,2 :: 		
;__Lib_PWM_c21.c,3 :: 		
0x00C3	0x1283      	BCF        STATUS, 5
0x00C4	0x1303      	BCF        STATUS, 6
0x00C5	0x019B      	CLRF       CCPR2L
;__Lib_PWM_c21.c,4 :: 		
0x00C6	0x121D      	BCF        CCP2CON, 4
;__Lib_PWM_c21.c,5 :: 		
0x00C7	0x129D      	BCF        CCP2CON, 5
;__Lib_PWM_c21.c,6 :: 		
L_end_PWM2_Init:
0x00C8	0x0008      	RETURN
; end of _PWM2_Init
_forward:
;lfr BASIC.c,2 :: 		void forward(){             //forward
;lfr BASIC.c,3 :: 		PORTB.F1=1;
0x00C9	0x1283      	BCF        STATUS, 5
0x00CA	0x1303      	BCF        STATUS, 6
0x00CB	0x1486      	BSF        PORTB, 1
;lfr BASIC.c,4 :: 		PORTB.F2=0;
0x00CC	0x1106      	BCF        PORTB, 2
;lfr BASIC.c,5 :: 		PWM1_set_Duty(255);
0x00CD	0x30FF      	MOVLW      255
0x00CE	0x00AF      	MOVWF      FARG_PWM1_Set_Duty_new_duty
0x00CF	0x202E      	CALL       _PWM1_Set_Duty
;lfr BASIC.c,6 :: 		PORTB.F3=1;
0x00D0	0x1586      	BSF        PORTB, 3
;lfr BASIC.c,7 :: 		PORTB.F4=0;
0x00D1	0x1206      	BCF        PORTB, 4
;lfr BASIC.c,8 :: 		PWM2_set_Duty(255);
0x00D2	0x30FF      	MOVLW      255
0x00D3	0x00AF      	MOVWF      FARG_PWM2_Set_Duty_new_duty
0x00D4	0x206F      	CALL       _PWM2_Set_Duty
;lfr BASIC.c,9 :: 		}
L_end_forward:
0x00D5	0x0008      	RETURN
; end of _forward
_PWM2_Start:
;__Lib_PWM_c21.c,19 :: 		
;__Lib_PWM_c21.c,20 :: 		
0x00D6	0x1683      	BSF        STATUS, 5
0x00D7	0x1303      	BCF        STATUS, 6
0x00D8	0x1087      	BCF        TRISC1_bit, BitPos(TRISC1_bit+0)
;__Lib_PWM_c21.c,21 :: 		
0x00D9	0x1283      	BCF        STATUS, 5
0x00DA	0x1512      	BSF        T2CON, 2
;__Lib_PWM_c21.c,22 :: 		
0x00DB	0x300C      	MOVLW      12
0x00DC	0x049D      	IORWF      CCP2CON, 1
;__Lib_PWM_c21.c,23 :: 		
L_end_PWM2_Start:
0x00DD	0x0008      	RETURN
; end of _PWM2_Start
_ADC_Read:
;__Lib_ADC_A_C.c,45 :: 		
;__Lib_ADC_A_C.c,47 :: 		
0x00DE	0x1283      	BCF        STATUS, 5
0x00DF	0x1303      	BCF        STATUS, 6
0x00E0	0x019F      	CLRF       ADCON0
;__Lib_ADC_A_C.c,48 :: 		
0x00E1	0x30C0      	MOVLW      192
0x00E2	0x049F      	IORWF      ADCON0, 1
;__Lib_ADC_A_C.c,49 :: 		
0x00E3	0x1683      	BSF        STATUS, 5
0x00E4	0x171F      	BSF        ADCON1, 6
;__Lib_ADC_A_C.c,50 :: 		
0x00E5	0x179F      	BSF        ADCON1, 7
;__Lib_ADC_A_C.c,51 :: 		
0x00E6	0x1283      	BCF        STATUS, 5
0x00E7	0x082B      	MOVF       FARG_ADC_Read_channel, 0
0x00E8	0x00F0      	MOVWF      R0
0x00E9	0x0DF0      	RLF        R0, 1
0x00EA	0x1070      	BCF        R0, 0
0x00EB	0x0DF0      	RLF        R0, 1
0x00EC	0x1070      	BCF        R0, 0
0x00ED	0x0DF0      	RLF        R0, 1
0x00EE	0x1070      	BCF        R0, 0
0x00EF	0x0870      	MOVF       R0, 0
0x00F0	0x049F      	IORWF      ADCON0, 1
;__Lib_ADC_A_C.c,54 :: 		
0x00F1	0x141F      	BSF        ADCON0, 0
;__Lib_ADC_A_C.c,57 :: 		
0x00F2	0x20A9      	CALL       _Delay_22us
;__Lib_ADC_A_C.c,60 :: 		
0x00F3	0x151F      	BSF        ADCON0, 2
;__Lib_ADC_A_C.c,63 :: 		
L_ADC_Read2:
0x00F4	0x1D1F      	BTFSS      ADCON0, 2
0x00F5	0x28F8      	GOTO       L_ADC_Read3
;__Lib_ADC_A_C.c,64 :: 		
0x00F6	0x0000      	NOP
0x00F7	0x28F4      	GOTO       L_ADC_Read2
L_ADC_Read3:
;__Lib_ADC_A_C.c,67 :: 		
0x00F8	0x101F      	BCF        ADCON0, 0
;__Lib_ADC_A_C.c,70 :: 		
0x00F9	0x081E      	MOVF       ADRESH, 0
0x00FA	0x00F1      	MOVWF      R0+1
0x00FB	0x01F0      	CLRF       R0
0x00FC	0x1683      	BSF        STATUS, 5
0x00FD	0x081E      	MOVF       ADRESL, 0
0x00FE	0x04F0      	IORWF      R0, 1
0x00FF	0x3000      	MOVLW      0
0x0100	0x04F1      	IORWF      R0+1, 1
;__Lib_ADC_A_C.c,71 :: 		
L_end_ADC_Read:
0x0101	0x0008      	RETURN
; end of _ADC_Read
_PWM1_Init:
;__Lib_PWM_c21.c,33 :: 		
;__Lib_PWM_c21.c,34 :: 		
;__Lib_PWM_c21.c,35 :: 		
0x0102	0x1283      	BCF        STATUS, 5
0x0103	0x1303      	BCF        STATUS, 6
0x0104	0x0195      	CLRF       CCPR1L
;__Lib_PWM_c21.c,36 :: 		
0x0105	0x1217      	BCF        CCP1CON, 4
;__Lib_PWM_c21.c,37 :: 		
0x0106	0x1297      	BCF        CCP1CON, 5
;__Lib_PWM_c21.c,38 :: 		
L_end_PWM1_Init:
0x0107	0x0008      	RETURN
; end of _PWM1_Init
_left:
;lfr BASIC.c,18 :: 		void left(){
;lfr BASIC.c,19 :: 		PORTB.F1=1;
0x0108	0x1283      	BCF        STATUS, 5
0x0109	0x1303      	BCF        STATUS, 6
0x010A	0x1486      	BSF        PORTB, 1
;lfr BASIC.c,20 :: 		PORTB.F2=0;
0x010B	0x1106      	BCF        PORTB, 2
;lfr BASIC.c,21 :: 		PWM1_set_Duty(100);
0x010C	0x3064      	MOVLW      100
0x010D	0x00AF      	MOVWF      FARG_PWM1_Set_Duty_new_duty
0x010E	0x202E      	CALL       _PWM1_Set_Duty
;lfr BASIC.c,22 :: 		PORTB.F3=1;
0x010F	0x1586      	BSF        PORTB, 3
;lfr BASIC.c,23 :: 		PORTB.F4=0;
0x0110	0x1206      	BCF        PORTB, 4
;lfr BASIC.c,24 :: 		PWM2_set_Duty(255);
0x0111	0x30FF      	MOVLW      255
0x0112	0x00AF      	MOVWF      FARG_PWM2_Set_Duty_new_duty
0x0113	0x206F      	CALL       _PWM2_Set_Duty
;lfr BASIC.c,25 :: 		}
L_end_left:
0x0114	0x0008      	RETURN
; end of _left
_right:
;lfr BASIC.c,26 :: 		void right(){
;lfr BASIC.c,27 :: 		PORTB.F1=1;
0x0115	0x1283      	BCF        STATUS, 5
0x0116	0x1303      	BCF        STATUS, 6
0x0117	0x1486      	BSF        PORTB, 1
;lfr BASIC.c,28 :: 		PORTB.F2=0;
0x0118	0x1106      	BCF        PORTB, 2
;lfr BASIC.c,29 :: 		PWM1_set_Duty(255);
0x0119	0x30FF      	MOVLW      255
0x011A	0x00AF      	MOVWF      FARG_PWM1_Set_Duty_new_duty
0x011B	0x202E      	CALL       _PWM1_Set_Duty
;lfr BASIC.c,30 :: 		PORTB.F3=1;
0x011C	0x1586      	BSF        PORTB, 3
;lfr BASIC.c,31 :: 		PORTB.F4=0;
0x011D	0x1206      	BCF        PORTB, 4
;lfr BASIC.c,32 :: 		PWM2_set_Duty(100);
0x011E	0x3064      	MOVLW      100
0x011F	0x00AF      	MOVWF      FARG_PWM2_Set_Duty_new_duty
0x0120	0x206F      	CALL       _PWM2_Set_Duty
;lfr BASIC.c,33 :: 		}
L_end_right:
0x0121	0x0008      	RETURN
; end of _right
___CC2DW:
;__Lib_System.c,134 :: 		
;__Lib_System.c,137 :: 		
_CC2D_Loop1:
;__Lib_System.c,139 :: 		
0x0122	0x2068      	CALL       _____DoICP
0x0123	0x118A      	BCF        PCLATH, 3
0x0124	0x120A      	BCF        PCLATH, 4
;__Lib_System.c,141 :: 		
0x0125	0x0080      	MOVWF      INDF
;__Lib_System.c,142 :: 		
0x0126	0x0A84      	INCF       FSR, 1
;__Lib_System.c,143 :: 		
0x0127	0x0AA6      	INCF       ___DoICPAddr, 1
;__Lib_System.c,145 :: 		
0x0128	0x1903      	BTFSC      STATUS, 2
;__Lib_System.c,146 :: 		
0x0129	0x0AA7      	INCF       ___DoICPAddr+1, 1
;__Lib_System.c,147 :: 		
0x012A	0x03F0      	DECF       R0, 1
;__Lib_System.c,149 :: 		
0x012B	0x1D03      	BTFSS      STATUS, 2
;__Lib_System.c,150 :: 		
0x012C	0x2922      	GOTO       _CC2D_Loop1
;__Lib_System.c,152 :: 		
L_end___CC2DW:
0x012D	0x0008      	RETURN
; end of ___CC2DW
_PWM1_Start:
;__Lib_PWM_c21.c,51 :: 		
;__Lib_PWM_c21.c,52 :: 		
0x012E	0x1683      	BSF        STATUS, 5
0x012F	0x1303      	BCF        STATUS, 6
0x0130	0x1107      	BCF        TRISC2_bit, BitPos(TRISC2_bit+0)
;__Lib_PWM_c21.c,53 :: 		
0x0131	0x1283      	BCF        STATUS, 5
0x0132	0x1512      	BSF        T2CON, 2
;__Lib_PWM_c21.c,54 :: 		
0x0133	0x300C      	MOVLW      12
0x0134	0x0497      	IORWF      CCP1CON, 1
;__Lib_PWM_c21.c,55 :: 		
L_end_PWM1_Start:
0x0135	0x0008      	RETURN
; end of _PWM1_Start
_stop:
;lfr BASIC.c,10 :: 		void stop(){
;lfr BASIC.c,11 :: 		PORTB.F1=0;
0x0136	0x1283      	BCF        STATUS, 5
0x0137	0x1303      	BCF        STATUS, 6
0x0138	0x1086      	BCF        PORTB, 1
;lfr BASIC.c,12 :: 		PORTB.F2=1;
0x0139	0x1506      	BSF        PORTB, 2
;lfr BASIC.c,13 :: 		PWM1_set_Duty(0);
0x013A	0x01AF      	CLRF       FARG_PWM1_Set_Duty_new_duty
0x013B	0x202E      	CALL       _PWM1_Set_Duty
;lfr BASIC.c,14 :: 		PORTB.F3=0;
0x013C	0x1186      	BCF        PORTB, 3
;lfr BASIC.c,15 :: 		PORTB.F4=1;
0x013D	0x1606      	BSF        PORTB, 4
;lfr BASIC.c,16 :: 		PWM2_set_Duty(0);
0x013E	0x01AF      	CLRF       FARG_PWM2_Set_Duty_new_duty
0x013F	0x206F      	CALL       _PWM2_Set_Duty
;lfr BASIC.c,17 :: 		}
L_end_stop:
0x0140	0x0008      	RETURN
; end of _stop
_main:
;lfr BASIC.c,34 :: 		void main() {
;lfr BASIC.c,35 :: 		ADC_Init();
0x0141	0x20B1      	CALL       _ADC_Init
;lfr BASIC.c,36 :: 		PWM1_Init(5000);
0x0142	0x1412      	BSF        T2CON, 0
0x0143	0x1092      	BCF        T2CON, 1
0x0144	0x3063      	MOVLW      99
0x0145	0x1683      	BSF        STATUS, 5
0x0146	0x0092      	MOVWF      PR2
0x0147	0x2102      	CALL       _PWM1_Init
;lfr BASIC.c,37 :: 		PWM2_Init(5000);
0x0148	0x1412      	BSF        T2CON, 0
0x0149	0x1092      	BCF        T2CON, 1
0x014A	0x3063      	MOVLW      99
0x014B	0x1683      	BSF        STATUS, 5
0x014C	0x0092      	MOVWF      PR2
0x014D	0x20C3      	CALL       _PWM2_Init
;lfr BASIC.c,38 :: 		PWM1_Start();
0x014E	0x212E      	CALL       _PWM1_Start
;lfr BASIC.c,39 :: 		PWM2_Start();
0x014F	0x20D6      	CALL       _PWM2_Start
;lfr BASIC.c,40 :: 		TRISB1_bit = 0;
0x0150	0x1683      	BSF        STATUS, 5
0x0151	0x1086      	BCF        TRISB1_bit, BitPos(TRISB1_bit+0)
;lfr BASIC.c,41 :: 		TRISB2_bit = 0;
0x0152	0x1106      	BCF        TRISB2_bit, BitPos(TRISB2_bit+0)
;lfr BASIC.c,42 :: 		TRISB3_bit = 0;
0x0153	0x1186      	BCF        TRISB3_bit, BitPos(TRISB3_bit+0)
;lfr BASIC.c,43 :: 		TRISB4_bit = 0;
0x0154	0x1206      	BCF        TRISB4_bit, BitPos(TRISB4_bit+0)
;lfr BASIC.c,44 :: 		TRISC1_bit = 0;
0x0155	0x1087      	BCF        TRISC1_bit, BitPos(TRISC1_bit+0)
;lfr BASIC.c,45 :: 		TRISC2_bit = 0;
0x0156	0x1107      	BCF        TRISC2_bit, BitPos(TRISC2_bit+0)
;lfr BASIC.c,46 :: 		Aright = ADC_Read(0);
0x0157	0x1283      	BCF        STATUS, 5
0x0158	0x01AB      	CLRF       FARG_ADC_Read_channel
0x0159	0x20DE      	CALL       _ADC_Read
0x015A	0x0870      	MOVF       R0, 0
0x015B	0x1283      	BCF        STATUS, 5
0x015C	0x00A4      	MOVWF      _Aright
0x015D	0x0871      	MOVF       R0+1, 0
0x015E	0x00A5      	MOVWF      _Aright+1
;lfr BASIC.c,47 :: 		Amiddle = ADC_Read(1);
0x015F	0x3001      	MOVLW      1
0x0160	0x00AB      	MOVWF      FARG_ADC_Read_channel
0x0161	0x20DE      	CALL       _ADC_Read
0x0162	0x0870      	MOVF       R0, 0
0x0163	0x1283      	BCF        STATUS, 5
0x0164	0x00A2      	MOVWF      _Amiddle
0x0165	0x0871      	MOVF       R0+1, 0
0x0166	0x00A3      	MOVWF      _Amiddle+1
;lfr BASIC.c,48 :: 		Aleft = ADC_Read(2);
0x0167	0x3002      	MOVLW      2
0x0168	0x00AB      	MOVWF      FARG_ADC_Read_channel
0x0169	0x20DE      	CALL       _ADC_Read
0x016A	0x0870      	MOVF       R0, 0
0x016B	0x1283      	BCF        STATUS, 5
0x016C	0x00A0      	MOVWF      _Aleft
0x016D	0x0871      	MOVF       R0+1, 0
0x016E	0x00A1      	MOVWF      _Aleft+1
;lfr BASIC.c,49 :: 		while(1){
L_main0:
;lfr BASIC.c,50 :: 		if(Aright>500 && Amiddle<500 && Aleft>500)  {   //forward
0x016F	0x3080      	MOVLW      128
0x0170	0x3A01      	XORLW      1
0x0171	0x00F0      	MOVWF      R0
0x0172	0x3080      	MOVLW      128
0x0173	0x0625      	XORWF      _Aright+1, 0
0x0174	0x0270      	SUBWF      R0, 0
0x0175	0x1D03      	BTFSS      STATUS, 2
0x0176	0x2979      	GOTO       L__main27
0x0177	0x0824      	MOVF       _Aright, 0
0x0178	0x3CF4      	SUBLW      244
L__main27:
0x0179	0x1803      	BTFSC      STATUS, 0
0x017A	0x2995      	GOTO       L_main4
0x017B	0x3080      	MOVLW      128
0x017C	0x0623      	XORWF      _Amiddle+1, 0
0x017D	0x00F0      	MOVWF      R0
0x017E	0x3080      	MOVLW      128
0x017F	0x3A01      	XORLW      1
0x0180	0x0270      	SUBWF      R0, 0
0x0181	0x1D03      	BTFSS      STATUS, 2
0x0182	0x2985      	GOTO       L__main28
0x0183	0x30F4      	MOVLW      244
0x0184	0x0222      	SUBWF      _Amiddle, 0
L__main28:
0x0185	0x1803      	BTFSC      STATUS, 0
0x0186	0x2995      	GOTO       L_main4
0x0187	0x3080      	MOVLW      128
0x0188	0x3A01      	XORLW      1
0x0189	0x00F0      	MOVWF      R0
0x018A	0x3080      	MOVLW      128
0x018B	0x0621      	XORWF      _Aleft+1, 0
0x018C	0x0270      	SUBWF      R0, 0
0x018D	0x1D03      	BTFSS      STATUS, 2
0x018E	0x2991      	GOTO       L__main29
0x018F	0x0820      	MOVF       _Aleft, 0
0x0190	0x3CF4      	SUBLW      244
L__main29:
0x0191	0x1803      	BTFSC      STATUS, 0
0x0192	0x2995      	GOTO       L_main4
L__main21:
;lfr BASIC.c,51 :: 		forward();
0x0193	0x20C9      	CALL       _forward
;lfr BASIC.c,52 :: 		}
0x0194	0x2A08      	GOTO       L_main5
L_main4:
;lfr BASIC.c,53 :: 		else if(Aright<500 && Amiddle>500 && Aleft<500){  //ajaira
0x0195	0x3080      	MOVLW      128
0x0196	0x0625      	XORWF      _Aright+1, 0
0x0197	0x00F0      	MOVWF      R0
0x0198	0x3080      	MOVLW      128
0x0199	0x3A01      	XORLW      1
0x019A	0x0270      	SUBWF      R0, 0
0x019B	0x1D03      	BTFSS      STATUS, 2
0x019C	0x299F      	GOTO       L__main30
0x019D	0x30F4      	MOVLW      244
0x019E	0x0224      	SUBWF      _Aright, 0
L__main30:
0x019F	0x1803      	BTFSC      STATUS, 0
0x01A0	0x29BB      	GOTO       L_main8
0x01A1	0x3080      	MOVLW      128
0x01A2	0x3A01      	XORLW      1
0x01A3	0x00F0      	MOVWF      R0
0x01A4	0x3080      	MOVLW      128
0x01A5	0x0623      	XORWF      _Amiddle+1, 0
0x01A6	0x0270      	SUBWF      R0, 0
0x01A7	0x1D03      	BTFSS      STATUS, 2
0x01A8	0x29AB      	GOTO       L__main31
0x01A9	0x0822      	MOVF       _Amiddle, 0
0x01AA	0x3CF4      	SUBLW      244
L__main31:
0x01AB	0x1803      	BTFSC      STATUS, 0
0x01AC	0x29BB      	GOTO       L_main8
0x01AD	0x3080      	MOVLW      128
0x01AE	0x0621      	XORWF      _Aleft+1, 0
0x01AF	0x00F0      	MOVWF      R0
0x01B0	0x3080      	MOVLW      128
0x01B1	0x3A01      	XORLW      1
0x01B2	0x0270      	SUBWF      R0, 0
0x01B3	0x1D03      	BTFSS      STATUS, 2
0x01B4	0x29B7      	GOTO       L__main32
0x01B5	0x30F4      	MOVLW      244
0x01B6	0x0220      	SUBWF      _Aleft, 0
L__main32:
0x01B7	0x1803      	BTFSC      STATUS, 0
0x01B8	0x29BB      	GOTO       L_main8
L__main20:
;lfr BASIC.c,54 :: 		stop();
0x01B9	0x2136      	CALL       _stop
;lfr BASIC.c,55 :: 		}
0x01BA	0x2A08      	GOTO       L_main9
L_main8:
;lfr BASIC.c,56 :: 		else if(Aright<500 && Amiddle>500 && Aleft>500){
0x01BB	0x3080      	MOVLW      128
0x01BC	0x0625      	XORWF      _Aright+1, 0
0x01BD	0x00F0      	MOVWF      R0
0x01BE	0x3080      	MOVLW      128
0x01BF	0x3A01      	XORLW      1
0x01C0	0x0270      	SUBWF      R0, 0
0x01C1	0x1D03      	BTFSS      STATUS, 2
0x01C2	0x29C5      	GOTO       L__main33
0x01C3	0x30F4      	MOVLW      244
0x01C4	0x0224      	SUBWF      _Aright, 0
L__main33:
0x01C5	0x1803      	BTFSC      STATUS, 0
0x01C6	0x29E1      	GOTO       L_main12
0x01C7	0x3080      	MOVLW      128
0x01C8	0x3A01      	XORLW      1
0x01C9	0x00F0      	MOVWF      R0
0x01CA	0x3080      	MOVLW      128
0x01CB	0x0623      	XORWF      _Amiddle+1, 0
0x01CC	0x0270      	SUBWF      R0, 0
0x01CD	0x1D03      	BTFSS      STATUS, 2
0x01CE	0x29D1      	GOTO       L__main34
0x01CF	0x0822      	MOVF       _Amiddle, 0
0x01D0	0x3CF4      	SUBLW      244
L__main34:
0x01D1	0x1803      	BTFSC      STATUS, 0
0x01D2	0x29E1      	GOTO       L_main12
0x01D3	0x3080      	MOVLW      128
0x01D4	0x3A01      	XORLW      1
0x01D5	0x00F0      	MOVWF      R0
0x01D6	0x3080      	MOVLW      128
0x01D7	0x0621      	XORWF      _Aleft+1, 0
0x01D8	0x0270      	SUBWF      R0, 0
0x01D9	0x1D03      	BTFSS      STATUS, 2
0x01DA	0x29DD      	GOTO       L__main35
0x01DB	0x0820      	MOVF       _Aleft, 0
0x01DC	0x3CF4      	SUBLW      244
L__main35:
0x01DD	0x1803      	BTFSC      STATUS, 0
0x01DE	0x29E1      	GOTO       L_main12
L__main19:
;lfr BASIC.c,57 :: 		right();       //right
0x01DF	0x2115      	CALL       _right
;lfr BASIC.c,58 :: 		}
0x01E0	0x2A08      	GOTO       L_main13
L_main12:
;lfr BASIC.c,59 :: 		else if(Aright>500 && Amiddle>500 && Aleft<500){
0x01E1	0x3080      	MOVLW      128
0x01E2	0x3A01      	XORLW      1
0x01E3	0x00F0      	MOVWF      R0
0x01E4	0x3080      	MOVLW      128
0x01E5	0x0625      	XORWF      _Aright+1, 0
0x01E6	0x0270      	SUBWF      R0, 0
0x01E7	0x1D03      	BTFSS      STATUS, 2
0x01E8	0x29EB      	GOTO       L__main36
0x01E9	0x0824      	MOVF       _Aright, 0
0x01EA	0x3CF4      	SUBLW      244
L__main36:
0x01EB	0x1803      	BTFSC      STATUS, 0
0x01EC	0x2A07      	GOTO       L_main16
0x01ED	0x3080      	MOVLW      128
0x01EE	0x3A01      	XORLW      1
0x01EF	0x00F0      	MOVWF      R0
0x01F0	0x3080      	MOVLW      128
0x01F1	0x0623      	XORWF      _Amiddle+1, 0
0x01F2	0x0270      	SUBWF      R0, 0
0x01F3	0x1D03      	BTFSS      STATUS, 2
0x01F4	0x29F7      	GOTO       L__main37
0x01F5	0x0822      	MOVF       _Amiddle, 0
0x01F6	0x3CF4      	SUBLW      244
L__main37:
0x01F7	0x1803      	BTFSC      STATUS, 0
0x01F8	0x2A07      	GOTO       L_main16
0x01F9	0x3080      	MOVLW      128
0x01FA	0x0621      	XORWF      _Aleft+1, 0
0x01FB	0x00F0      	MOVWF      R0
0x01FC	0x3080      	MOVLW      128
0x01FD	0x3A01      	XORLW      1
0x01FE	0x0270      	SUBWF      R0, 0
0x01FF	0x1D03      	BTFSS      STATUS, 2
0x0200	0x2A03      	GOTO       L__main38
0x0201	0x30F4      	MOVLW      244
0x0202	0x0220      	SUBWF      _Aleft, 0
L__main38:
0x0203	0x1803      	BTFSC      STATUS, 0
0x0204	0x2A07      	GOTO       L_main16
L__main18:
;lfr BASIC.c,60 :: 		left();       //left
0x0205	0x2108      	CALL       _left
;lfr BASIC.c,61 :: 		}
0x0206	0x2A08      	GOTO       L_main17
L_main16:
;lfr BASIC.c,63 :: 		stop();
0x0207	0x2136      	CALL       _stop
;lfr BASIC.c,64 :: 		}
L_main17:
L_main13:
L_main9:
L_main5:
;lfr BASIC.c,67 :: 		}
0x0208	0x296F      	GOTO       L_main0
;lfr BASIC.c,69 :: 		}
L_end_main:
0x0209	0x2A09      	GOTO       $+0
; end of _main
Symbol List:
//** Routines locations **
//ADDRESS    SIZE    PROCEDURE
//----------------------------------------------
0x0003      [43]    _Mul_16x16_U
0x002E      [58]    _PWM1_Set_Duty
0x0068       [7]    _____DoICP
0x006F      [58]    _PWM2_Set_Duty
0x00A9       [8]    _Delay_22us
0x00B1      [18]    _ADC_Init
0x00C3       [6]    _PWM2_Init
0x00C9      [13]    _forward
0x00D6       [8]    _PWM2_Start
0x00DE      [36]    _ADC_Read
0x0102       [6]    _PWM1_Init
0x0108      [13]    _left
0x0115      [13]    _right
0x0122      [12]    ___CC2DW
0x012E       [8]    _PWM1_Start
0x0136      [11]    _stop
0x0141     [201]    _main
//** Variables locations ** 
//ADDRESS    SIZE    VARIABLE
//----------------------------------------------
0x0000       [1]    INDF
0x0002       [1]    PCL
0x0003       [1]    STATUS
0x0004       [1]    FSR
0x0006       [1]    PORTB
0x000A       [1]    PCLATH
0x0012       [1]    T2CON
0x0015       [1]    CCPR1L
0x0017       [1]    CCP1CON
0x001B       [1]    CCPR2L
0x001D       [1]    CCP2CON
0x001E       [1]    ADRESH
0x001F       [1]    ADCON0
0x0020       [2]    _Aleft
0x0022       [2]    _Amiddle
0x0024       [2]    _Aright
0x0026       [2]    ___DoICPAddr
0x0028       [3]    _ADC_Get_Sample_Ptr
0x002B       [1]    FARG_ADC_Read_channel
0x002B       [4]    FARG_PWM2_Init_PWM_Freq
0x002B       [4]    FARG_PWM1_Init_PWM_Freq
0x002F       [1]    FARG_PWM2_Set_Duty_new_duty
0x002F       [1]    FARG_PWM1_Set_Duty_new_duty
0x0070       [1]    R0
0x0071       [1]    R1
0x0072       [1]    R2
0x0073       [1]    R3
0x0074       [1]    R4
0x0075       [1]    R5
0x0076       [1]    R6
0x0077       [1]    R7
0x0078       [1]    R8
0x0079       [1]    R9
0x007A       [1]    R10
0x007B       [1]    R11
0x007C       [1]    R12
0x007D       [1]    R13
0x007E       [1]    R14
0x007F       [1]    R15
0x0086       [0]    TRISB2_bit
0x0086       [0]    TRISB3_bit
0x0086       [0]    TRISB1_bit
0x0086       [0]    TRISB4_bit
0x0087       [0]    TRISC1_bit
0x0087       [0]    TRISC2_bit
0x0092       [1]    PR2
0x009E       [1]    ADRESL
0x009F       [1]    ADCON1
//** Label List: ** 
//----------------------------------------------
  L_main0
  L_main1
  L_main2
  L_main3
  L_main4
  L_main5
  L_main6
  L_main7
  L_main8
  L_main9
  L_main10
  L_main11
  L_main12
  L_main13
  L_main14
  L_main15
  L_main16
  L_main17
  L__main18
  L__main19
  L__main20
  L__main21
  L_end_forward
  _forward
  L_end_stop
  _stop
  L_end_left
  _left
  L_end_right
  _right
  L_end_main
  _main
  L__main27
  L__main28
  L__main29
  L__main30
  L__main31
  L__main32
  L__main33
  L__main34
  L__main35
  L__main36
  L__main37
  L__main38
  L_ADC_Get_Sample0
  L_ADC_Get_Sample1
  L_ADC_Read2
  L_ADC_Read3
  L_end_ADC_Init
  _ADC_Init
  L_end_ADC_Get_Sample
  _ADC_Get_Sample
  L_end_ADC_Read
  _ADC_Read
  L_Delay_10us0
  L_Delay_22us1
  L_Delay_50us2
  L_Delay_80us3
  L_Delay_500us4
  L_Delay_5500us5
  L_Delay_1ms6
  L_Delay_5ms7
  L_Delay_8ms8
  L_Delay_10ms9
  L_Delay_100ms10
  L_Delay_1sec11
  L_boot16_Delay_5ms12
  L_Delay_Cyc13
  L_Delay_Cyc14
  L_VDelay_ms15
  L_VDelay_ms16
  L_VDelay_ms17
  L_VDelay_Advanced_ms18
  L_VDelay_Advanced_ms19
  L_VDelay_Advanced_ms20
  L_end_Get_Fosc_kHz
  _Get_Fosc_kHz
  L_end_Delay_1us
  _Delay_1us
  L_end_Delay_10us
  _Delay_10us
  L_end_Delay_22us
  _Delay_22us
  L_end_Delay_50us
  _Delay_50us
  L_end_Delay_80us
  _Delay_80us
  L_end_Delay_500us
  _Delay_500us
  L_end_Delay_5500us
  _Delay_5500us
  L_end_Delay_1ms
  _Delay_1ms
  L_end_Delay_5ms
  _Delay_5ms
  L_end_Delay_8ms
  _Delay_8ms
  L_end_Delay_10ms
  _Delay_10ms
  L_end_Delay_100ms
  _Delay_100ms
  L_end_Delay_1sec
  _Delay_1sec
  L_end_boot16_Delay_5ms
  _boot16_Delay_5ms
  L_end_Delay_Cyc
  _Delay_Cyc
  L_end_VDelay_ms
  _VDelay_ms
  L__VDelay_ms38
  L__VDelay_ms39
  L__VDelay_ms40
  L_end_VDelay_Advanced_ms
  _VDelay_Advanced_ms
  L__VDelay_Advanced_ms42
  L__VDelay_Advanced_ms43
  L__VDelay_Advanced_ms44
  L_Div_16x16_S0
  L_Div_16x16_S1
  LOOPS3232A
  SADD22LA
  SOK22LA
  SADD22L8
  SOK22L8
  LOOPS3232B
  SADD22LB
  SOK22LB
  SADD22L16
  SOK22L16
  LOOPS3232C
  SADD22LC
  SOK22LC
  SADD22L24
  SOK22L24
  LOOPS3232D
  SADD22LD
  SOK22LD
  SOK22L
  L_Div_32x32_S6
  L_Div_32x32_S7
  L_Div_32x32_S8
  L_Div_32x32_S9
  FXD3232S
  END_ALL
  CA3232S
  C3232SX
  C3232SX1
  C3232S
  C3232S2
  C3232SX4
  C3232SOK
  C3232SX3
  C3232SX2
  avoid_comfrem
  LOOPU3232A
  UADD22LA
  UOK22LA
  UADD22L8
  UOK22L8
  LOOPU3232B
  UADD22LB
  UOK22LB
  UADD22L16
  UOK22L16
  LOOPU3232C
  UADD22LC
  UOK22LC
  UADD22L24
  UOK22L24
  LOOPU3232D
  UADD22LD
  UOK22LD
  UOK22L
  _NEXT
  _EXIT2
  _LOOP
  _EXIT1
  _IF_FIRST
  _IF_SECOND
  _INVERCE_FIRST
  _MULT
  _INBERSE_SECOND
  _EXIT
  L_end_Mul_8x8_U
  _Mul_8x8_U
  L_end_Mul_16x16_U
  _Mul_16x16_U
  L_end_Div_8x8_U
  _Div_8x8_U
  L_end_Div_16x16_U
  _Div_16x16_U
  L_end_Mul_8x8_S
  _Mul_8x8_S
  L_end_Mul_16x16_S
  _Mul_16x16_S
  L_end_Div_16x16_S_L
  _Div_16x16_S_L
  L_end_Div_16x16_S
  _Div_16x16_S
  L_end_Div_8x8_S
  _Div_8x8_S
  L_end_SDIV3232L
  _SDIV3232L
  L_end_COMFREM
  _COMFREM
  L_end_Div_32x32_S
  _Div_32x32_S
  L_end_Div_32x32_U
  _Div_32x32_U
  L_end_Mul_32x32_U
  _Mul_32x32_U
  L_end_Mul_32x32_S
  _Mul_32x32_S
  L_end_PWM2_Init
  _PWM2_Init
  L_end_PWM2_Set_Duty
  _PWM2_Set_Duty
  L__PWM2_Set_Duty2
  L__PWM2_Set_Duty3
  L__PWM2_Set_Duty4
  L__PWM2_Set_Duty5
  L_end_PWM2_Start
  _PWM2_Start
  L_end_PWM2_Stop
  _PWM2_Stop
  L_end_PWM1_Init
  _PWM1_Init
  L_end_PWM1_Set_Duty
  _PWM1_Set_Duty
  L__PWM1_Set_Duty10
  L__PWM1_Set_Duty11
  L__PWM1_Set_Duty12
  L__PWM1_Set_Duty13
  L_end_PWM1_Start
  _PWM1_Start
  L_end_PWM1_Stop
  _PWM1_Stop
  L_loopCA2AWs
  L_CA2AWend
  _CCA2AW_Loop1
  L_loopCS2Ss
  L_CS2Send
  _CCS2S_Loop1
  L_CCS2Send
  L_loopFZinSWs
  L_FZinSend
  _CC2D_Loop1
  L_end_____DoICP
  _____DoICP
  L_end_____DoIFC
  _____DoIFC
  L_end___CA2AW
  ___CA2AW
  L_end___CCA2AW
  ___CCA2AW
  L_end___CS2S
  ___CS2S
  L_end___CCS2S
  ___CCS2S
  L_end___FZinS
  ___FZinS
  L_end___CC2DW
  ___CC2DW
  L_end_Swap
  _Swap
