;  LST file generated by mikroListExporter - v.2.0 
; Date/Time: 6/19/2016 12:49:31 PM
;----------------------------------------------

;Address Opcode 	ASM
0x0000	0x2A08      	GOTO       520
_Delay_50us:
;__Lib_Delays.c,19 :: 		void Delay_50us() {
;__Lib_Delays.c,20 :: 		Delay_us(50);
0x0003	0x3021      	MOVLW      33
0x0004	0x1283      	BCF        STATUS, 5
0x0005	0x1303      	BCF        STATUS, 6
0x0006	0x00FD      	MOVWF      R13
L_Delay_50us2:
0x0007	0x0BFD      	DECFSZ     R13, 1
0x0008	0x2807      	GOTO       L_Delay_50us2
;__Lib_Delays.c,21 :: 		}
L_end_Delay_50us:
0x0009	0x0008      	RETURN
; end of _Delay_50us
_Delay_5500us:
;__Lib_Delays.c,31 :: 		void Delay_5500us() {
;__Lib_Delays.c,32 :: 		Delay_us(5500);
0x000A	0x300F      	MOVLW      15
0x000B	0x1283      	BCF        STATUS, 5
0x000C	0x1303      	BCF        STATUS, 6
0x000D	0x00FC      	MOVWF      R12
0x000E	0x3047      	MOVLW      71
0x000F	0x00FD      	MOVWF      R13
L_Delay_5500us5:
0x0010	0x0BFD      	DECFSZ     R13, 1
0x0011	0x2810      	GOTO       L_Delay_5500us5
0x0012	0x0BFC      	DECFSZ     R12, 1
0x0013	0x2810      	GOTO       L_Delay_5500us5
0x0014	0x0000      	NOP
0x0015	0x0000      	NOP
;__Lib_Delays.c,33 :: 		}
L_end_Delay_5500us:
0x0016	0x0008      	RETURN
; end of _Delay_5500us
_Delay_1us:
;__Lib_Delays.c,7 :: 		void Delay_1us() {
;__Lib_Delays.c,8 :: 		Delay_us(1);
0x0017	0x0000      	NOP
0x0018	0x0000      	NOP
;__Lib_Delays.c,9 :: 		}
L_end_Delay_1us:
0x0019	0x0008      	RETURN
; end of _Delay_1us
_Lcd_Cmd:
;__Lib_Lcd.c,18 :: 		
;__Lib_Lcd.c,20 :: 		
0x001A	0x1283      	BCF        STATUS, 5
0x001B	0x1303      	BCF        STATUS, 6
0x001C	0x1BDE      	BTFSC      FARG_Lcd_Cmd_out_char, 7
0x001D	0x2820      	GOTO       L__Lcd_Cmd21
0x001E	0x1006      	BCF        LCD_D7, BitPos(LCD_D7+0)
0x001F	0x2821      	GOTO       L__Lcd_Cmd22
L__Lcd_Cmd21:
0x0020	0x1406      	BSF        LCD_D7, BitPos(LCD_D7+0)
L__Lcd_Cmd22:
;__Lib_Lcd.c,21 :: 		
0x0021	0x1B5E      	BTFSC      FARG_Lcd_Cmd_out_char, 6
0x0022	0x2825      	GOTO       L__Lcd_Cmd23
0x0023	0x1086      	BCF        LCD_D6, BitPos(LCD_D6+0)
0x0024	0x2826      	GOTO       L__Lcd_Cmd24
L__Lcd_Cmd23:
0x0025	0x1486      	BSF        LCD_D6, BitPos(LCD_D6+0)
L__Lcd_Cmd24:
;__Lib_Lcd.c,22 :: 		
0x0026	0x1ADE      	BTFSC      FARG_Lcd_Cmd_out_char, 5
0x0027	0x282A      	GOTO       L__Lcd_Cmd25
0x0028	0x1106      	BCF        LCD_D5, BitPos(LCD_D5+0)
0x0029	0x282B      	GOTO       L__Lcd_Cmd26
L__Lcd_Cmd25:
0x002A	0x1506      	BSF        LCD_D5, BitPos(LCD_D5+0)
L__Lcd_Cmd26:
;__Lib_Lcd.c,23 :: 		
0x002B	0x1A5E      	BTFSC      FARG_Lcd_Cmd_out_char, 4
0x002C	0x282F      	GOTO       L__Lcd_Cmd27
0x002D	0x1186      	BCF        LCD_D4, BitPos(LCD_D4+0)
0x002E	0x2830      	GOTO       L__Lcd_Cmd28
L__Lcd_Cmd27:
0x002F	0x1586      	BSF        LCD_D4, BitPos(LCD_D4+0)
L__Lcd_Cmd28:
;__Lib_Lcd.c,25 :: 		
0x0030	0x184C      	BTFSC      __Lib_Lcd_cmd_status, BitPos(__Lib_Lcd_cmd_status+0)
0x0031	0x2834      	GOTO       L__Lcd_Cmd29
0x0032	0x1606      	BSF        LCD_RS, BitPos(LCD_RS+0)
0x0033	0x2835      	GOTO       L__Lcd_Cmd30
L__Lcd_Cmd29:
0x0034	0x1206      	BCF        LCD_RS, BitPos(LCD_RS+0)
L__Lcd_Cmd30:
;__Lib_Lcd.c,28 :: 		
0x0035	0x1686      	BSF        LCD_EN, BitPos(LCD_EN+0)
;__Lib_Lcd.c,29 :: 		
0x0036	0x2017      	CALL       _Delay_1us
;__Lib_Lcd.c,30 :: 		
0x0037	0x1286      	BCF        LCD_EN, BitPos(LCD_EN+0)
;__Lib_Lcd.c,33 :: 		
0x0038	0x19DE      	BTFSC      FARG_Lcd_Cmd_out_char, 3
0x0039	0x283C      	GOTO       L__Lcd_Cmd31
0x003A	0x1006      	BCF        LCD_D7, BitPos(LCD_D7+0)
0x003B	0x283D      	GOTO       L__Lcd_Cmd32
L__Lcd_Cmd31:
0x003C	0x1406      	BSF        LCD_D7, BitPos(LCD_D7+0)
L__Lcd_Cmd32:
;__Lib_Lcd.c,34 :: 		
0x003D	0x195E      	BTFSC      FARG_Lcd_Cmd_out_char, 2
0x003E	0x2841      	GOTO       L__Lcd_Cmd33
0x003F	0x1086      	BCF        LCD_D6, BitPos(LCD_D6+0)
0x0040	0x2842      	GOTO       L__Lcd_Cmd34
L__Lcd_Cmd33:
0x0041	0x1486      	BSF        LCD_D6, BitPos(LCD_D6+0)
L__Lcd_Cmd34:
;__Lib_Lcd.c,35 :: 		
0x0042	0x18DE      	BTFSC      FARG_Lcd_Cmd_out_char, 1
0x0043	0x2846      	GOTO       L__Lcd_Cmd35
0x0044	0x1106      	BCF        LCD_D5, BitPos(LCD_D5+0)
0x0045	0x2847      	GOTO       L__Lcd_Cmd36
L__Lcd_Cmd35:
0x0046	0x1506      	BSF        LCD_D5, BitPos(LCD_D5+0)
L__Lcd_Cmd36:
;__Lib_Lcd.c,36 :: 		
0x0047	0x185E      	BTFSC      FARG_Lcd_Cmd_out_char, 0
0x0048	0x284B      	GOTO       L__Lcd_Cmd37
0x0049	0x1186      	BCF        LCD_D4, BitPos(LCD_D4+0)
0x004A	0x284C      	GOTO       L__Lcd_Cmd38
L__Lcd_Cmd37:
0x004B	0x1586      	BSF        LCD_D4, BitPos(LCD_D4+0)
L__Lcd_Cmd38:
;__Lib_Lcd.c,38 :: 		
0x004C	0x184C      	BTFSC      __Lib_Lcd_cmd_status, BitPos(__Lib_Lcd_cmd_status+0)
0x004D	0x2850      	GOTO       L__Lcd_Cmd39
0x004E	0x1606      	BSF        LCD_RS, BitPos(LCD_RS+0)
0x004F	0x2851      	GOTO       L__Lcd_Cmd40
L__Lcd_Cmd39:
0x0050	0x1206      	BCF        LCD_RS, BitPos(LCD_RS+0)
L__Lcd_Cmd40:
;__Lib_Lcd.c,40 :: 		
0x0051	0x1686      	BSF        LCD_EN, BitPos(LCD_EN+0)
;__Lib_Lcd.c,41 :: 		
0x0052	0x2017      	CALL       _Delay_1us
;__Lib_Lcd.c,42 :: 		
0x0053	0x1286      	BCF        LCD_EN, BitPos(LCD_EN+0)
;__Lib_Lcd.c,44 :: 		
0x0054	0x1C4C      	BTFSS      __Lib_Lcd_cmd_status, BitPos(__Lib_Lcd_cmd_status+0)
0x0055	0x2858      	GOTO       L_Lcd_Cmd0
;__Lib_Lcd.c,45 :: 		
0x0056	0x200A      	CALL       _Delay_5500us
0x0057	0x2859      	GOTO       L_Lcd_Cmd1
L_Lcd_Cmd0:
;__Lib_Lcd.c,47 :: 		
0x0058	0x2003      	CALL       _Delay_50us
L_Lcd_Cmd1:
;__Lib_Lcd.c,48 :: 		
L_end_Lcd_Cmd:
0x0059	0x0008      	RETURN
; end of _Lcd_Cmd
_Div_16x16_U:
;__Lib_Math.c,215 :: 		
;__Lib_Math.c,222 :: 		
0x005A	0x1283      	BCF        STATUS, 5
;__Lib_Math.c,223 :: 		
0x005B	0x1303      	BCF        STATUS, 6
;__Lib_Math.c,224 :: 		
0x005C	0x01F8      	CLRF       R8
;__Lib_Math.c,225 :: 		
0x005D	0x01F9      	CLRF       R9
;__Lib_Math.c,226 :: 		
0x005E	0x3010      	MOVLW      16
;__Lib_Math.c,227 :: 		
0x005F	0x00FC      	MOVWF      R12
;__Lib_Math.c,228 :: 		
0x0060	0x0D71      	RLF        R1, 0
;__Lib_Math.c,229 :: 		
0x0061	0x0DF8      	RLF        R8, 1
;__Lib_Math.c,230 :: 		
0x0062	0x0DF9      	RLF        R9, 1
;__Lib_Math.c,231 :: 		
0x0063	0x0874      	MOVF       R4, 0
;__Lib_Math.c,232 :: 		
0x0064	0x02F8      	SUBWF      R8, 1
;__Lib_Math.c,233 :: 		
0x0065	0x0875      	MOVF       R5, 0
;__Lib_Math.c,234 :: 		
0x0066	0x1C03      	BTFSS      STATUS, 0
;__Lib_Math.c,235 :: 		
0x0067	0x0F75      	INCFSZ     R5, 0
;__Lib_Math.c,236 :: 		
0x0068	0x02F9      	SUBWF      R9, 1
;__Lib_Math.c,237 :: 		
0x0069	0x1803      	BTFSC      STATUS, 0
;__Lib_Math.c,238 :: 		
0x006A	0x2872      	GOTO       $+8
;__Lib_Math.c,239 :: 		
0x006B	0x0874      	MOVF       R4, 0
;__Lib_Math.c,240 :: 		
0x006C	0x07F8      	ADDWF      R8, 1
;__Lib_Math.c,241 :: 		
0x006D	0x0875      	MOVF       R5, 0
;__Lib_Math.c,242 :: 		
0x006E	0x1803      	BTFSC      STATUS, 0
;__Lib_Math.c,243 :: 		
0x006F	0x0F75      	INCFSZ     R5, 0
;__Lib_Math.c,244 :: 		
0x0070	0x07F9      	ADDWF      R9, 1
;__Lib_Math.c,245 :: 		
0x0071	0x1003      	BCF        STATUS, 0
;__Lib_Math.c,246 :: 		
0x0072	0x0DF0      	RLF        R0, 1
;__Lib_Math.c,247 :: 		
0x0073	0x0DF1      	RLF        R1, 1
;__Lib_Math.c,248 :: 		
0x0074	0x0BFC      	DECFSZ     R12, 1
;__Lib_Math.c,249 :: 		
0x0075	0x2860      	GOTO       $-21
;__Lib_Math.c,251 :: 		
L_end_Div_16x16_U:
0x0076	0x0008      	RETURN
; end of _Div_16x16_U
_Lcd_Chr_CP:
;__Lib_Lcd.c,50 :: 		
;__Lib_Lcd.c,52 :: 		
0x0077	0x1283      	BCF        STATUS, 5
0x0078	0x1303      	BCF        STATUS, 6
0x0079	0x104C      	BCF        __Lib_Lcd_cmd_status, BitPos(__Lib_Lcd_cmd_status+0)
;__Lib_Lcd.c,53 :: 		
0x007A	0x0859      	MOVF       FARG_Lcd_Chr_CP_out_char, 0
0x007B	0x00DE      	MOVWF      FARG_Lcd_Cmd_out_char
0x007C	0x201A      	CALL       _Lcd_Cmd
;__Lib_Lcd.c,54 :: 		
0x007D	0x144C      	BSF        __Lib_Lcd_cmd_status, BitPos(__Lib_Lcd_cmd_status+0)
;__Lib_Lcd.c,55 :: 		
L_end_Lcd_Chr_CP:
0x007E	0x0008      	RETURN
; end of _Lcd_Chr_CP
_____DoICP:
;__Lib_System.c,6 :: 		
;__Lib_System.c,9 :: 		
0x007F	0x1283      	BCF        STATUS, 5
0x0080	0x1303      	BCF        STATUS, 6
0x0081	0x084B      	MOVF       ___DoICPAddr+1, 0
0x0082	0x008A      	MOVWF      PCLATH
;__Lib_System.c,10 :: 		
0x0083	0x084A      	MOVF       ___DoICPAddr, 0
0x0084	0x0082      	MOVWF      PCL
;__Lib_System.c,12 :: 		
L_end_____DoICP:
0x0085	0x0008      	RETURN
; end of _____DoICP
_WordToStr:
;__Lib_Conversions.c,84 :: 		
;__Lib_Conversions.c,89 :: 		
0x0086	0x1283      	BCF        STATUS, 5
0x0087	0x1303      	BCF        STATUS, 6
0x0088	0x01DC      	CLRF       WordToStr_len_L0
L_WordToStr6:
0x0089	0x3005      	MOVLW      5
0x008A	0x025C      	SUBWF      WordToStr_len_L0, 0
0x008B	0x1803      	BTFSC      STATUS, 0
0x008C	0x2894      	GOTO       L_WordToStr7
;__Lib_Conversions.c,90 :: 		
0x008D	0x085C      	MOVF       WordToStr_len_L0, 0
0x008E	0x075B      	ADDWF      FARG_WordToStr_output, 0
0x008F	0x0084      	MOVWF      FSR
0x0090	0x3020      	MOVLW      32
0x0091	0x0080      	MOVWF      INDF
;__Lib_Conversions.c,89 :: 		
0x0092	0x0ADC      	INCF       WordToStr_len_L0, 1
;__Lib_Conversions.c,90 :: 		
0x0093	0x2889      	GOTO       L_WordToStr6
L_WordToStr7:
;__Lib_Conversions.c,91 :: 		
0x0094	0x085C      	MOVF       WordToStr_len_L0, 0
0x0095	0x075B      	ADDWF      FARG_WordToStr_output, 0
0x0096	0x0084      	MOVWF      FSR
0x0097	0x0180      	CLRF       INDF
0x0098	0x03DC      	DECF       WordToStr_len_L0, 1
;__Lib_Conversions.c,93 :: 		
L_WordToStr9:
;__Lib_Conversions.c,94 :: 		
0x0099	0x085C      	MOVF       WordToStr_len_L0, 0
0x009A	0x075B      	ADDWF      FARG_WordToStr_output, 0
0x009B	0x00DD      	MOVWF      FLOC__WordToStr
0x009C	0x300A      	MOVLW      10
0x009D	0x00F4      	MOVWF      R4
0x009E	0x01F5      	CLRF       R4+1
0x009F	0x0859      	MOVF       FARG_WordToStr_input, 0
0x00A0	0x00F0      	MOVWF      R0
0x00A1	0x085A      	MOVF       FARG_WordToStr_input+1, 0
0x00A2	0x00F1      	MOVWF      R0+1
0x00A3	0x205A      	CALL       _Div_16x16_U
0x00A4	0x0878      	MOVF       R8, 0
0x00A5	0x00F0      	MOVWF      R0
0x00A6	0x0879      	MOVF       R8+1, 0
0x00A7	0x00F1      	MOVWF      R0+1
0x00A8	0x3030      	MOVLW      48
0x00A9	0x07F0      	ADDWF      R0, 1
0x00AA	0x085D      	MOVF       FLOC__WordToStr, 0
0x00AB	0x0084      	MOVWF      FSR
0x00AC	0x0870      	MOVF       R0, 0
0x00AD	0x0080      	MOVWF      INDF
;__Lib_Conversions.c,95 :: 		
0x00AE	0x300A      	MOVLW      10
0x00AF	0x00F4      	MOVWF      R4
0x00B0	0x01F5      	CLRF       R4+1
0x00B1	0x0859      	MOVF       FARG_WordToStr_input, 0
0x00B2	0x00F0      	MOVWF      R0
0x00B3	0x085A      	MOVF       FARG_WordToStr_input+1, 0
0x00B4	0x00F1      	MOVWF      R0+1
0x00B5	0x205A      	CALL       _Div_16x16_U
0x00B6	0x0870      	MOVF       R0, 0
0x00B7	0x00D9      	MOVWF      FARG_WordToStr_input
0x00B8	0x0871      	MOVF       R0+1, 0
0x00B9	0x00DA      	MOVWF      FARG_WordToStr_input+1
;__Lib_Conversions.c,96 :: 		
0x00BA	0x3000      	MOVLW      0
0x00BB	0x0671      	XORWF      R0+1, 0
0x00BC	0x1D03      	BTFSS      STATUS, 2
0x00BD	0x28C0      	GOTO       L__WordToStr109
0x00BE	0x3000      	MOVLW      0
0x00BF	0x0670      	XORWF      R0, 0
L__WordToStr109:
0x00C0	0x1D03      	BTFSS      STATUS, 2
0x00C1	0x28C3      	GOTO       L_WordToStr11
;__Lib_Conversions.c,97 :: 		
0x00C2	0x28C5      	GOTO       L_WordToStr10
L_WordToStr11:
;__Lib_Conversions.c,98 :: 		
0x00C3	0x03DC      	DECF       WordToStr_len_L0, 1
;__Lib_Conversions.c,99 :: 		
0x00C4	0x2899      	GOTO       L_WordToStr9
L_WordToStr10:
;__Lib_Conversions.c,100 :: 		
L_end_WordToStr:
0x00C5	0x0008      	RETURN
; end of _WordToStr
_Delay_22us:
;__Lib_Delays.c,15 :: 		void Delay_22us() {
;__Lib_Delays.c,16 :: 		Delay_us(22);
0x00C6	0x300E      	MOVLW      14
0x00C7	0x1283      	BCF        STATUS, 5
0x00C8	0x1303      	BCF        STATUS, 6
0x00C9	0x00FD      	MOVWF      R13
L_Delay_22us1:
0x00CA	0x0BFD      	DECFSZ     R13, 1
0x00CB	0x28CA      	GOTO       L_Delay_22us1
0x00CC	0x0000      	NOP
;__Lib_Delays.c,17 :: 		}
L_end_Delay_22us:
0x00CD	0x0008      	RETURN
; end of _Delay_22us
_Lcd_Out:
;__Lib_Lcd.c,184 :: 		
;__Lib_Lcd.c,187 :: 		
0x00CE	0x28E0      	GOTO       L_Lcd_Out11
;__Lib_Lcd.c,188 :: 		
L_Lcd_Out13:
0x00CF	0x3080      	MOVLW      128
0x00D0	0x1283      	BCF        STATUS, 5
0x00D1	0x1303      	BCF        STATUS, 6
0x00D2	0x00D0      	MOVWF      FARG_Lcd_Out_row
0x00D3	0x28F3      	GOTO       L_Lcd_Out12
;__Lib_Lcd.c,189 :: 		
L_Lcd_Out14:
0x00D4	0x30C0      	MOVLW      192
0x00D5	0x00D0      	MOVWF      FARG_Lcd_Out_row
0x00D6	0x28F3      	GOTO       L_Lcd_Out12
;__Lib_Lcd.c,190 :: 		
L_Lcd_Out15:
0x00D7	0x3094      	MOVLW      148
0x00D8	0x00D0      	MOVWF      FARG_Lcd_Out_row
0x00D9	0x28F3      	GOTO       L_Lcd_Out12
;__Lib_Lcd.c,191 :: 		
L_Lcd_Out16:
0x00DA	0x30D4      	MOVLW      212
0x00DB	0x00D0      	MOVWF      FARG_Lcd_Out_row
0x00DC	0x28F3      	GOTO       L_Lcd_Out12
;__Lib_Lcd.c,192 :: 		
L_Lcd_Out17:
0x00DD	0x3080      	MOVLW      128
0x00DE	0x00D0      	MOVWF      FARG_Lcd_Out_row
;__Lib_Lcd.c,193 :: 		
0x00DF	0x28F3      	GOTO       L_Lcd_Out12
L_Lcd_Out11:
0x00E0	0x1283      	BCF        STATUS, 5
0x00E1	0x1303      	BCF        STATUS, 6
0x00E2	0x0850      	MOVF       FARG_Lcd_Out_row, 0
0x00E3	0x3A01      	XORLW      1
0x00E4	0x1903      	BTFSC      STATUS, 2
0x00E5	0x28CF      	GOTO       L_Lcd_Out13
0x00E6	0x0850      	MOVF       FARG_Lcd_Out_row, 0
0x00E7	0x3A02      	XORLW      2
0x00E8	0x1903      	BTFSC      STATUS, 2
0x00E9	0x28D4      	GOTO       L_Lcd_Out14
0x00EA	0x0850      	MOVF       FARG_Lcd_Out_row, 0
0x00EB	0x3A03      	XORLW      3
0x00EC	0x1903      	BTFSC      STATUS, 2
0x00ED	0x28D7      	GOTO       L_Lcd_Out15
0x00EE	0x0850      	MOVF       FARG_Lcd_Out_row, 0
0x00EF	0x3A04      	XORLW      4
0x00F0	0x1903      	BTFSC      STATUS, 2
0x00F1	0x28DA      	GOTO       L_Lcd_Out16
0x00F2	0x28DD      	GOTO       L_Lcd_Out17
L_Lcd_Out12:
;__Lib_Lcd.c,194 :: 		
0x00F3	0x0351      	DECF       FARG_Lcd_Out_column, 0
0x00F4	0x00F0      	MOVWF      R0
0x00F5	0x0850      	MOVF       FARG_Lcd_Out_row, 0
0x00F6	0x07F0      	ADDWF      R0, 1
0x00F7	0x0870      	MOVF       R0, 0
0x00F8	0x00D0      	MOVWF      FARG_Lcd_Out_row
;__Lib_Lcd.c,196 :: 		
0x00F9	0x0870      	MOVF       R0, 0
0x00FA	0x00DE      	MOVWF      FARG_Lcd_Cmd_out_char
0x00FB	0x201A      	CALL       _Lcd_Cmd
;__Lib_Lcd.c,197 :: 		
0x00FC	0x104C      	BCF        __Lib_Lcd_cmd_status, BitPos(__Lib_Lcd_cmd_status+0)
;__Lib_Lcd.c,198 :: 		
0x00FD	0x01D3      	CLRF       Lcd_Out_i_L0
;__Lib_Lcd.c,199 :: 		
L_Lcd_Out18:
0x00FE	0x0853      	MOVF       Lcd_Out_i_L0, 0
0x00FF	0x0752      	ADDWF      FARG_Lcd_Out_text, 0
0x0100	0x0084      	MOVWF      FSR
0x0101	0x0800      	MOVF       INDF, 0
0x0102	0x1903      	BTFSC      STATUS, 2
0x0103	0x290C      	GOTO       L_Lcd_Out19
;__Lib_Lcd.c,200 :: 		
0x0104	0x0853      	MOVF       Lcd_Out_i_L0, 0
0x0105	0x0752      	ADDWF      FARG_Lcd_Out_text, 0
0x0106	0x0084      	MOVWF      FSR
0x0107	0x0800      	MOVF       INDF, 0
0x0108	0x00D9      	MOVWF      FARG_Lcd_Chr_CP_out_char
0x0109	0x2077      	CALL       _Lcd_Chr_CP
0x010A	0x0AD3      	INCF       Lcd_Out_i_L0, 1
0x010B	0x28FE      	GOTO       L_Lcd_Out18
L_Lcd_Out19:
;__Lib_Lcd.c,201 :: 		
0x010C	0x144C      	BSF        __Lib_Lcd_cmd_status, BitPos(__Lib_Lcd_cmd_status+0)
;__Lib_Lcd.c,202 :: 		
L_end_Lcd_Out:
0x010D	0x0008      	RETURN
; end of _Lcd_Out
_IntToStr:
;__Lib_Conversions.c,146 :: 		
;__Lib_Conversions.c,152 :: 		
0x010E	0x1283      	BCF        STATUS, 5
0x010F	0x1303      	BCF        STATUS, 6
0x0110	0x01D5      	CLRF       IntToStr_negative_L0
0x0111	0x01D6      	CLRF       IntToStr_negative_L0+1
;__Lib_Conversions.c,153 :: 		
0x0112	0x0850      	MOVF       FARG_IntToStr_input, 0
0x0113	0x00D7      	MOVWF      IntToStr_inword_L0
0x0114	0x0851      	MOVF       FARG_IntToStr_input+1, 0
0x0115	0x00D8      	MOVWF      IntToStr_inword_L0+1
;__Lib_Conversions.c,154 :: 		
0x0116	0x3080      	MOVLW      128
0x0117	0x0651      	XORWF      FARG_IntToStr_input+1, 0
0x0118	0x00F0      	MOVWF      R0
0x0119	0x3080      	MOVLW      128
0x011A	0x0270      	SUBWF      R0, 0
0x011B	0x1D03      	BTFSS      STATUS, 2
0x011C	0x291F      	GOTO       L__IntToStr115
0x011D	0x3000      	MOVLW      0
0x011E	0x0250      	SUBWF      FARG_IntToStr_input, 0
L__IntToStr115:
0x011F	0x1803      	BTFSC      STATUS, 0
0x0120	0x292D      	GOTO       L_IntToStr23
;__Lib_Conversions.c,155 :: 		
0x0121	0x3001      	MOVLW      1
0x0122	0x00D5      	MOVWF      IntToStr_negative_L0
0x0123	0x3000      	MOVLW      0
0x0124	0x00D6      	MOVWF      IntToStr_negative_L0+1
;__Lib_Conversions.c,156 :: 		
0x0125	0x0850      	MOVF       FARG_IntToStr_input, 0
0x0126	0x3C00      	SUBLW      0
0x0127	0x00D7      	MOVWF      IntToStr_inword_L0
0x0128	0x0851      	MOVF       FARG_IntToStr_input+1, 0
0x0129	0x1C03      	BTFSS      STATUS, 0
0x012A	0x3E01      	ADDLW      1
0x012B	0x01D8      	CLRF       IntToStr_inword_L0+1
0x012C	0x02D8      	SUBWF      IntToStr_inword_L0+1, 1
;__Lib_Conversions.c,157 :: 		
L_IntToStr23:
;__Lib_Conversions.c,158 :: 		
0x012D	0x0857      	MOVF       IntToStr_inword_L0, 0
0x012E	0x00D9      	MOVWF      FARG_WordToStr_input
0x012F	0x0858      	MOVF       IntToStr_inword_L0+1, 0
0x0130	0x00DA      	MOVWF      FARG_WordToStr_input+1
0x0131	0x0852      	MOVF       FARG_IntToStr_output, 0
0x0132	0x00DB      	MOVWF      FARG_WordToStr_output
0x0133	0x2086      	CALL       _WordToStr
;__Lib_Conversions.c,160 :: 		
0x0134	0x3006      	MOVLW      6
0x0135	0x00D3      	MOVWF      IntToStr_i_L0
0x0136	0x3000      	MOVLW      0
0x0137	0x00D4      	MOVWF      IntToStr_i_L0+1
;__Lib_Conversions.c,161 :: 		
L_IntToStr24:
0x0138	0x0854      	MOVF       IntToStr_i_L0+1, 0
0x0139	0x3C00      	SUBLW      0
0x013A	0x1D03      	BTFSS      STATUS, 2
0x013B	0x293E      	GOTO       L__IntToStr116
0x013C	0x0853      	MOVF       IntToStr_i_L0, 0
0x013D	0x3C00      	SUBLW      0
L__IntToStr116:
0x013E	0x1803      	BTFSC      STATUS, 0
0x013F	0x2959      	GOTO       L_IntToStr25
;__Lib_Conversions.c,162 :: 		
0x0140	0x0853      	MOVF       IntToStr_i_L0, 0
0x0141	0x0752      	ADDWF      FARG_IntToStr_output, 0
0x0142	0x00F2      	MOVWF      R2
0x0143	0x3001      	MOVLW      1
0x0144	0x0253      	SUBWF      IntToStr_i_L0, 0
0x0145	0x00F0      	MOVWF      R0
0x0146	0x3000      	MOVLW      0
0x0147	0x1C03      	BTFSS      STATUS, 0
0x0148	0x3E01      	ADDLW      1
0x0149	0x0254      	SUBWF      IntToStr_i_L0+1, 0
0x014A	0x00F1      	MOVWF      R0+1
0x014B	0x0870      	MOVF       R0, 0
0x014C	0x0752      	ADDWF      FARG_IntToStr_output, 0
0x014D	0x0084      	MOVWF      FSR
0x014E	0x0800      	MOVF       INDF, 0
0x014F	0x00F0      	MOVWF      R0
0x0150	0x0872      	MOVF       R2, 0
0x0151	0x0084      	MOVWF      FSR
0x0152	0x0870      	MOVF       R0, 0
0x0153	0x0080      	MOVWF      INDF
;__Lib_Conversions.c,163 :: 		
0x0154	0x3001      	MOVLW      1
0x0155	0x02D3      	SUBWF      IntToStr_i_L0, 1
0x0156	0x1C03      	BTFSS      STATUS, 0
0x0157	0x03D4      	DECF       IntToStr_i_L0+1, 1
;__Lib_Conversions.c,164 :: 		
0x0158	0x2938      	GOTO       L_IntToStr24
L_IntToStr25:
;__Lib_Conversions.c,165 :: 		
0x0159	0x0852      	MOVF       FARG_IntToStr_output, 0
0x015A	0x0084      	MOVWF      FSR
0x015B	0x3020      	MOVLW      32
0x015C	0x0080      	MOVWF      INDF
;__Lib_Conversions.c,166 :: 		
0x015D	0x0855      	MOVF       IntToStr_negative_L0, 0
0x015E	0x0456      	IORWF      IntToStr_negative_L0+1, 0
0x015F	0x1903      	BTFSC      STATUS, 2
0x0160	0x2977      	GOTO       L_IntToStr26
;__Lib_Conversions.c,167 :: 		
0x0161	0x01D3      	CLRF       IntToStr_i_L0
0x0162	0x01D4      	CLRF       IntToStr_i_L0+1
;__Lib_Conversions.c,168 :: 		
L_IntToStr27:
0x0163	0x0853      	MOVF       IntToStr_i_L0, 0
0x0164	0x0752      	ADDWF      FARG_IntToStr_output, 0
0x0165	0x0084      	MOVWF      FSR
0x0166	0x0800      	MOVF       INDF, 0
0x0167	0x3A20      	XORLW      32
0x0168	0x1D03      	BTFSS      STATUS, 2
0x0169	0x296E      	GOTO       L_IntToStr28
0x016A	0x0AD3      	INCF       IntToStr_i_L0, 1
0x016B	0x1903      	BTFSC      STATUS, 2
0x016C	0x0AD4      	INCF       IntToStr_i_L0+1, 1
0x016D	0x2963      	GOTO       L_IntToStr27
L_IntToStr28:
;__Lib_Conversions.c,169 :: 		
0x016E	0x3001      	MOVLW      1
0x016F	0x02D3      	SUBWF      IntToStr_i_L0, 1
0x0170	0x1C03      	BTFSS      STATUS, 0
0x0171	0x03D4      	DECF       IntToStr_i_L0+1, 1
;__Lib_Conversions.c,170 :: 		
0x0172	0x0853      	MOVF       IntToStr_i_L0, 0
0x0173	0x0752      	ADDWF      FARG_IntToStr_output, 0
0x0174	0x0084      	MOVWF      FSR
0x0175	0x302D      	MOVLW      45
0x0176	0x0080      	MOVWF      INDF
L_IntToStr26:
;__Lib_Conversions.c,171 :: 		
L_end_IntToStr:
0x0177	0x0008      	RETURN
; end of _IntToStr
_ADC_Read:
;__Lib_ADC_A_C.c,45 :: 		
;__Lib_ADC_A_C.c,47 :: 		
0x0178	0x1283      	BCF        STATUS, 5
0x0179	0x1303      	BCF        STATUS, 6
0x017A	0x019F      	CLRF       ADCON0
;__Lib_ADC_A_C.c,48 :: 		
0x017B	0x30C0      	MOVLW      192
0x017C	0x049F      	IORWF      ADCON0, 1
;__Lib_ADC_A_C.c,49 :: 		
0x017D	0x1683      	BSF        STATUS, 5
0x017E	0x171F      	BSF        ADCON1, 6
;__Lib_ADC_A_C.c,50 :: 		
0x017F	0x179F      	BSF        ADCON1, 7
;__Lib_ADC_A_C.c,51 :: 		
0x0180	0x1283      	BCF        STATUS, 5
0x0181	0x0850      	MOVF       FARG_ADC_Read_channel, 0
0x0182	0x00F0      	MOVWF      R0
0x0183	0x0DF0      	RLF        R0, 1
0x0184	0x1070      	BCF        R0, 0
0x0185	0x0DF0      	RLF        R0, 1
0x0186	0x1070      	BCF        R0, 0
0x0187	0x0DF0      	RLF        R0, 1
0x0188	0x1070      	BCF        R0, 0
0x0189	0x0870      	MOVF       R0, 0
0x018A	0x049F      	IORWF      ADCON0, 1
;__Lib_ADC_A_C.c,54 :: 		
0x018B	0x141F      	BSF        ADCON0, 0
;__Lib_ADC_A_C.c,57 :: 		
0x018C	0x20C6      	CALL       _Delay_22us
;__Lib_ADC_A_C.c,60 :: 		
0x018D	0x151F      	BSF        ADCON0, 2
;__Lib_ADC_A_C.c,63 :: 		
L_ADC_Read2:
0x018E	0x1D1F      	BTFSS      ADCON0, 2
0x018F	0x2992      	GOTO       L_ADC_Read3
;__Lib_ADC_A_C.c,64 :: 		
0x0190	0x0000      	NOP
0x0191	0x298E      	GOTO       L_ADC_Read2
L_ADC_Read3:
;__Lib_ADC_A_C.c,67 :: 		
0x0192	0x101F      	BCF        ADCON0, 0
;__Lib_ADC_A_C.c,70 :: 		
0x0193	0x081E      	MOVF       ADRESH, 0
0x0194	0x00F1      	MOVWF      R0+1
0x0195	0x01F0      	CLRF       R0
0x0196	0x1683      	BSF        STATUS, 5
0x0197	0x081E      	MOVF       ADRESL, 0
0x0198	0x04F0      	IORWF      R0, 1
0x0199	0x3000      	MOVLW      0
0x019A	0x04F1      	IORWF      R0+1, 1
;__Lib_ADC_A_C.c,71 :: 		
L_end_ADC_Read:
0x019B	0x0008      	RETURN
; end of _ADC_Read
_Lcd_Init:
;__Lib_Lcd.c,84 :: 		
;__Lib_Lcd.c,86 :: 		
0x019C	0x1683      	BSF        STATUS, 5
0x019D	0x1303      	BCF        STATUS, 6
0x019E	0x1286      	BCF        LCD_EN_Direction, BitPos(LCD_EN_Direction+0)
;__Lib_Lcd.c,87 :: 		
0x019F	0x1206      	BCF        LCD_RS_Direction, BitPos(LCD_RS_Direction+0)
;__Lib_Lcd.c,88 :: 		
0x01A0	0x1186      	BCF        LCD_D4_Direction, BitPos(LCD_D4_Direction+0)
;__Lib_Lcd.c,89 :: 		
0x01A1	0x1106      	BCF        LCD_D5_Direction, BitPos(LCD_D5_Direction+0)
;__Lib_Lcd.c,90 :: 		
0x01A2	0x1086      	BCF        LCD_D6_Direction, BitPos(LCD_D6_Direction+0)
;__Lib_Lcd.c,91 :: 		
0x01A3	0x1006      	BCF        LCD_D7_Direction, BitPos(LCD_D7_Direction+0)
;__Lib_Lcd.c,93 :: 		
0x01A4	0x1283      	BCF        STATUS, 5
0x01A5	0x1286      	BCF        LCD_EN, BitPos(LCD_EN+0)
;__Lib_Lcd.c,94 :: 		
0x01A6	0x1206      	BCF        LCD_RS, BitPos(LCD_RS+0)
;__Lib_Lcd.c,95 :: 		
0x01A7	0x1006      	BCF        LCD_D7, BitPos(LCD_D7+0)
;__Lib_Lcd.c,96 :: 		
0x01A8	0x1086      	BCF        LCD_D6, BitPos(LCD_D6+0)
;__Lib_Lcd.c,97 :: 		
0x01A9	0x1106      	BCF        LCD_D5, BitPos(LCD_D5+0)
;__Lib_Lcd.c,98 :: 		
0x01AA	0x1186      	BCF        LCD_D4, BitPos(LCD_D4+0)
;__Lib_Lcd.c,100 :: 		
0x01AB	0x200A      	CALL       _Delay_5500us
;__Lib_Lcd.c,101 :: 		
0x01AC	0x200A      	CALL       _Delay_5500us
;__Lib_Lcd.c,102 :: 		
0x01AD	0x200A      	CALL       _Delay_5500us
;__Lib_Lcd.c,105 :: 		
0x01AE	0x1506      	BSF        LCD_D5, BitPos(LCD_D5+0)
;__Lib_Lcd.c,106 :: 		
0x01AF	0x1586      	BSF        LCD_D4, BitPos(LCD_D4+0)
;__Lib_Lcd.c,107 :: 		
0x01B0	0x1686      	BSF        LCD_EN, BitPos(LCD_EN+0)
;__Lib_Lcd.c,108 :: 		
0x01B1	0x2017      	CALL       _Delay_1us
;__Lib_Lcd.c,109 :: 		
0x01B2	0x1286      	BCF        LCD_EN, BitPos(LCD_EN+0)
;__Lib_Lcd.c,110 :: 		
0x01B3	0x200A      	CALL       _Delay_5500us
;__Lib_Lcd.c,112 :: 		
0x01B4	0x1686      	BSF        LCD_EN, BitPos(LCD_EN+0)
;__Lib_Lcd.c,113 :: 		
0x01B5	0x2017      	CALL       _Delay_1us
;__Lib_Lcd.c,114 :: 		
0x01B6	0x1286      	BCF        LCD_EN, BitPos(LCD_EN+0)
;__Lib_Lcd.c,115 :: 		
0x01B7	0x200A      	CALL       _Delay_5500us
;__Lib_Lcd.c,117 :: 		
0x01B8	0x1686      	BSF        LCD_EN, BitPos(LCD_EN+0)
;__Lib_Lcd.c,118 :: 		
0x01B9	0x2017      	CALL       _Delay_1us
;__Lib_Lcd.c,119 :: 		
0x01BA	0x1286      	BCF        LCD_EN, BitPos(LCD_EN+0)
;__Lib_Lcd.c,120 :: 		
0x01BB	0x200A      	CALL       _Delay_5500us
;__Lib_Lcd.c,123 :: 		
0x01BC	0x1186      	BCF        LCD_D4, BitPos(LCD_D4+0)
;__Lib_Lcd.c,124 :: 		
0x01BD	0x1686      	BSF        LCD_EN, BitPos(LCD_EN+0)
;__Lib_Lcd.c,125 :: 		
0x01BE	0x2017      	CALL       _Delay_1us
;__Lib_Lcd.c,126 :: 		
0x01BF	0x1286      	BCF        LCD_EN, BitPos(LCD_EN+0)
;__Lib_Lcd.c,127 :: 		
0x01C0	0x200A      	CALL       _Delay_5500us
;__Lib_Lcd.c,130 :: 		
0x01C1	0x1686      	BSF        LCD_EN, BitPos(LCD_EN+0)
;__Lib_Lcd.c,131 :: 		
0x01C2	0x2017      	CALL       _Delay_1us
;__Lib_Lcd.c,132 :: 		
0x01C3	0x1286      	BCF        LCD_EN, BitPos(LCD_EN+0)
;__Lib_Lcd.c,134 :: 		
0x01C4	0x1106      	BCF        LCD_D5, BitPos(LCD_D5+0)
;__Lib_Lcd.c,135 :: 		
0x01C5	0x1406      	BSF        LCD_D7, BitPos(LCD_D7+0)
;__Lib_Lcd.c,136 :: 		
0x01C6	0x1686      	BSF        LCD_EN, BitPos(LCD_EN+0)
;__Lib_Lcd.c,137 :: 		
0x01C7	0x2017      	CALL       _Delay_1us
;__Lib_Lcd.c,138 :: 		
0x01C8	0x1286      	BCF        LCD_EN, BitPos(LCD_EN+0)
;__Lib_Lcd.c,139 :: 		
0x01C9	0x200A      	CALL       _Delay_5500us
;__Lib_Lcd.c,142 :: 		
0x01CA	0x1006      	BCF        LCD_D7, BitPos(LCD_D7+0)
;__Lib_Lcd.c,143 :: 		
0x01CB	0x1586      	BSF        LCD_D4, BitPos(LCD_D4+0)
;__Lib_Lcd.c,144 :: 		
0x01CC	0x1686      	BSF        LCD_EN, BitPos(LCD_EN+0)
;__Lib_Lcd.c,145 :: 		
0x01CD	0x2017      	CALL       _Delay_1us
;__Lib_Lcd.c,146 :: 		
0x01CE	0x1286      	BCF        LCD_EN, BitPos(LCD_EN+0)
;__Lib_Lcd.c,148 :: 		
0x01CF	0x1186      	BCF        LCD_D4, BitPos(LCD_D4+0)
;__Lib_Lcd.c,149 :: 		
0x01D0	0x1686      	BSF        LCD_EN, BitPos(LCD_EN+0)
;__Lib_Lcd.c,150 :: 		
0x01D1	0x2017      	CALL       _Delay_1us
;__Lib_Lcd.c,151 :: 		
0x01D2	0x1286      	BCF        LCD_EN, BitPos(LCD_EN+0)
;__Lib_Lcd.c,152 :: 		
0x01D3	0x200A      	CALL       _Delay_5500us
;__Lib_Lcd.c,155 :: 		
0x01D4	0x1686      	BSF        LCD_EN, BitPos(LCD_EN+0)
;__Lib_Lcd.c,156 :: 		
0x01D5	0x2017      	CALL       _Delay_1us
;__Lib_Lcd.c,157 :: 		
0x01D6	0x1286      	BCF        LCD_EN, BitPos(LCD_EN+0)
;__Lib_Lcd.c,159 :: 		
0x01D7	0x1586      	BSF        LCD_D4, BitPos(LCD_D4+0)
;__Lib_Lcd.c,160 :: 		
0x01D8	0x1686      	BSF        LCD_EN, BitPos(LCD_EN+0)
;__Lib_Lcd.c,161 :: 		
0x01D9	0x2017      	CALL       _Delay_1us
;__Lib_Lcd.c,162 :: 		
0x01DA	0x1286      	BCF        LCD_EN, BitPos(LCD_EN+0)
;__Lib_Lcd.c,163 :: 		
0x01DB	0x200A      	CALL       _Delay_5500us
;__Lib_Lcd.c,166 :: 		
0x01DC	0x1186      	BCF        LCD_D4, BitPos(LCD_D4+0)
;__Lib_Lcd.c,167 :: 		
0x01DD	0x1686      	BSF        LCD_EN, BitPos(LCD_EN+0)
;__Lib_Lcd.c,168 :: 		
0x01DE	0x2017      	CALL       _Delay_1us
;__Lib_Lcd.c,169 :: 		
0x01DF	0x1286      	BCF        LCD_EN, BitPos(LCD_EN+0)
;__Lib_Lcd.c,171 :: 		
0x01E0	0x1406      	BSF        LCD_D7, BitPos(LCD_D7+0)
;__Lib_Lcd.c,172 :: 		
0x01E1	0x1486      	BSF        LCD_D6, BitPos(LCD_D6+0)
;__Lib_Lcd.c,173 :: 		
0x01E2	0x1506      	BSF        LCD_D5, BitPos(LCD_D5+0)
;__Lib_Lcd.c,174 :: 		
0x01E3	0x1586      	BSF        LCD_D4, BitPos(LCD_D4+0)
;__Lib_Lcd.c,175 :: 		
0x01E4	0x1686      	BSF        LCD_EN, BitPos(LCD_EN+0)
;__Lib_Lcd.c,176 :: 		
0x01E5	0x2017      	CALL       _Delay_1us
;__Lib_Lcd.c,177 :: 		
0x01E6	0x1286      	BCF        LCD_EN, BitPos(LCD_EN+0)
;__Lib_Lcd.c,179 :: 		
0x01E7	0x200A      	CALL       _Delay_5500us
;__Lib_Lcd.c,181 :: 		
0x01E8	0x144C      	BSF        __Lib_Lcd_cmd_status, BitPos(__Lib_Lcd_cmd_status+0)
;__Lib_Lcd.c,182 :: 		
L_end_Lcd_Init:
0x01E9	0x0008      	RETURN
; end of _Lcd_Init
___CC2DW:
;__Lib_System.c,134 :: 		
;__Lib_System.c,137 :: 		
_CC2D_Loop1:
;__Lib_System.c,139 :: 		
0x01EA	0x207F      	CALL       _____DoICP
0x01EB	0x118A      	BCF        PCLATH, 3
0x01EC	0x120A      	BCF        PCLATH, 4
;__Lib_System.c,141 :: 		
0x01ED	0x0080      	MOVWF      INDF
;__Lib_System.c,142 :: 		
0x01EE	0x0A84      	INCF       FSR, 1
;__Lib_System.c,143 :: 		
0x01EF	0x0ACA      	INCF       ___DoICPAddr, 1
;__Lib_System.c,145 :: 		
0x01F0	0x1903      	BTFSC      STATUS, 2
;__Lib_System.c,146 :: 		
0x01F1	0x0ACB      	INCF       ___DoICPAddr+1, 1
;__Lib_System.c,147 :: 		
0x01F2	0x03F0      	DECF       R0, 1
;__Lib_System.c,149 :: 		
0x01F3	0x1D03      	BTFSS      STATUS, 2
;__Lib_System.c,150 :: 		
0x01F4	0x29EA      	GOTO       _CC2D_Loop1
;__Lib_System.c,152 :: 		
L_end___CC2DW:
0x01F5	0x0008      	RETURN
; end of ___CC2DW
_ADC_Init:
;__Lib_ADC_A_C.c,9 :: 		
;__Lib_ADC_A_C.c,10 :: 		
0x01F6	0x30FF      	MOVLW      _ADC_Get_Sample
0x01F7	0x1283      	BCF        STATUS, 5
0x01F8	0x1303      	BCF        STATUS, 6
0x01F9	0x00CD      	MOVWF      _ADC_Get_Sample_Ptr
0x01FA	0x30FF      	MOVLW      hi_addr(_ADC_Get_Sample)
0x01FB	0x00CE      	MOVWF      _ADC_Get_Sample_Ptr+1
0x01FC	0x30FF      	MOVLW      FARG_ADC_Get_Sample_channel
0x01FD	0x00CF      	MOVWF      _ADC_Get_Sample_Ptr+2
0x01FE	0x30FF      	MOVLW      hi_addr(FARG_ADC_Get_Sample_channel)
;__Lib_ADC_A_C.c,12 :: 		
0x01FF	0x019F      	CLRF       ADCON0
;__Lib_ADC_A_C.c,13 :: 		
0x0200	0x30C0      	MOVLW      192
0x0201	0x049F      	IORWF      ADCON0, 1
;__Lib_ADC_A_C.c,14 :: 		
0x0202	0x1683      	BSF        STATUS, 5
0x0203	0x171F      	BSF        ADCON1, 6
;__Lib_ADC_A_C.c,15 :: 		
0x0204	0x179F      	BSF        ADCON1, 7
;__Lib_ADC_A_C.c,18 :: 		
0x0205	0x1283      	BCF        STATUS, 5
0x0206	0x141F      	BSF        ADCON0, 0
;__Lib_ADC_A_C.c,19 :: 		
L_end_ADC_Init:
0x0207	0x0008      	RETURN
; end of _ADC_Init
_main:
0x0208	0x1283      	BCF        STATUS, 5
0x0209	0x1303      	BCF        STATUS, 6
0x020A	0x01A0      	CLRF       _count
0x020B	0x01A1      	CLRF       33
0x020C	0x3031      	MOVLW      49
0x020D	0x00A2      	MOVWF      ?lstr1_counter
0x020E	0x01A3      	CLRF       35
0x020F	0x3036      	MOVLW      54
0x0210	0x00A4      	MOVWF      ?lstr6_counter
0x0211	0x01A5      	CLRF       37
0x0212	0x3035      	MOVLW      53
0x0213	0x00A6      	MOVWF      ?lstr5_counter
0x0214	0x01A7      	CLRF       39
0x0215	0x3037      	MOVLW      55
0x0216	0x00A8      	MOVWF      ?lstr7_counter
0x0217	0x01A9      	CLRF       41
0x0218	0x3033      	MOVLW      51
0x0219	0x00AA      	MOVWF      ?lstr3_counter
0x021A	0x01AB      	CLRF       43
0x021B	0x3032      	MOVLW      50
0x021C	0x00AC      	MOVWF      ?lstr2_counter
0x021D	0x01AD      	CLRF       45
0x021E	0x3034      	MOVLW      52
0x021F	0x00AE      	MOVWF      ?lstr4_counter
0x0220	0x01AF      	CLRF       47
;counter.c,19 :: 		void main() {
;counter.c,20 :: 		Lcd_Init();
0x0221	0x219C      	CALL       _Lcd_Init
;counter.c,21 :: 		Lcd_Cmd(_LCD_CLEAR);               // Clear display
0x0222	0x3001      	MOVLW      1
0x0223	0x00DE      	MOVWF      FARG_Lcd_Cmd_out_char
0x0224	0x201A      	CALL       _Lcd_Cmd
;counter.c,22 :: 		Lcd_Cmd(_LCD_CURSOR_OFF);
0x0225	0x300C      	MOVLW      12
0x0226	0x00DE      	MOVWF      FARG_Lcd_Cmd_out_char
0x0227	0x201A      	CALL       _Lcd_Cmd
;counter.c,23 :: 		while(1){
L_main0:
;counter.c,24 :: 		ref = 500;
0x0228	0x30F4      	MOVLW      244
0x0229	0x00B2      	MOVWF      _ref
0x022A	0x3001      	MOVLW      1
0x022B	0x00B3      	MOVWF      _ref+1
;counter.c,25 :: 		ADC_Init();
0x022C	0x21F6      	CALL       _ADC_Init
;counter.c,26 :: 		afirst = ADC_Read(0);
0x022D	0x01D0      	CLRF       FARG_ADC_Read_channel
0x022E	0x2178      	CALL       _ADC_Read
0x022F	0x0870      	MOVF       R0, 0
0x0230	0x1283      	BCF        STATUS, 5
0x0231	0x00B0      	MOVWF      _afirst
0x0232	0x0871      	MOVF       R0+1, 0
0x0233	0x00B1      	MOVWF      _afirst+1
;counter.c,27 :: 		asecond = ADC_Read(1);
0x0234	0x3001      	MOVLW      1
0x0235	0x00D0      	MOVWF      FARG_ADC_Read_channel
0x0236	0x2178      	CALL       _ADC_Read
0x0237	0x0870      	MOVF       R0, 0
0x0238	0x1283      	BCF        STATUS, 5
0x0239	0x00B4      	MOVWF      _asecond
0x023A	0x0871      	MOVF       R0+1, 0
0x023B	0x00B5      	MOVWF      _asecond+1
;counter.c,29 :: 		if(afirst<ref && asecond<ref){
0x023C	0x3080      	MOVLW      128
0x023D	0x0631      	XORWF      _afirst+1, 0
0x023E	0x00F0      	MOVWF      R0
0x023F	0x3080      	MOVLW      128
0x0240	0x0633      	XORWF      _ref+1, 0
0x0241	0x0270      	SUBWF      R0, 0
0x0242	0x1D03      	BTFSS      STATUS, 2
0x0243	0x2A46      	GOTO       L__main28
0x0244	0x0832      	MOVF       _ref, 0
0x0245	0x0230      	SUBWF      _afirst, 0
L__main28:
0x0246	0x1803      	BTFSC      STATUS, 0
0x0247	0x2A69      	GOTO       L_main4
0x0248	0x3080      	MOVLW      128
0x0249	0x0635      	XORWF      _asecond+1, 0
0x024A	0x00F0      	MOVWF      R0
0x024B	0x3080      	MOVLW      128
0x024C	0x0633      	XORWF      _ref+1, 0
0x024D	0x0270      	SUBWF      R0, 0
0x024E	0x1D03      	BTFSS      STATUS, 2
0x024F	0x2A52      	GOTO       L__main29
0x0250	0x0832      	MOVF       _ref, 0
0x0251	0x0234      	SUBWF      _asecond, 0
L__main29:
0x0252	0x1803      	BTFSC      STATUS, 0
0x0253	0x2A69      	GOTO       L_main4
L__main26:
;counter.c,30 :: 		count=count;
;counter.c,31 :: 		IntToStr(count,x);
0x0254	0x0820      	MOVF       _count, 0
0x0255	0x00D0      	MOVWF      FARG_IntToStr_input
0x0256	0x0821      	MOVF       _count+1, 0
0x0257	0x00D1      	MOVWF      FARG_IntToStr_input+1
0x0258	0x3036      	MOVLW      _x
0x0259	0x00D2      	MOVWF      FARG_IntToStr_output
0x025A	0x210E      	CALL       _IntToStr
;counter.c,32 :: 		Lcd_Out(2,2,x);
0x025B	0x3002      	MOVLW      2
0x025C	0x00D0      	MOVWF      FARG_Lcd_Out_row
0x025D	0x3002      	MOVLW      2
0x025E	0x00D1      	MOVWF      FARG_Lcd_Out_column
0x025F	0x3036      	MOVLW      _x
0x0260	0x00D2      	MOVWF      FARG_Lcd_Out_text
0x0261	0x20CE      	CALL       _Lcd_Out
;counter.c,33 :: 		Lcd_Out(1,2,"1");
0x0262	0x3001      	MOVLW      1
0x0263	0x00D0      	MOVWF      FARG_Lcd_Out_row
0x0264	0x3002      	MOVLW      2
0x0265	0x00D1      	MOVWF      FARG_Lcd_Out_column
0x0266	0x3022      	MOVLW      ?lstr1_counter
0x0267	0x00D2      	MOVWF      FARG_Lcd_Out_text
0x0268	0x20CE      	CALL       _Lcd_Out
;counter.c,34 :: 		}
L_main4:
;counter.c,35 :: 		if(afirst>ref && asecond<ref){
0x0269	0x3080      	MOVLW      128
0x026A	0x0633      	XORWF      _ref+1, 0
0x026B	0x00F0      	MOVWF      R0
0x026C	0x3080      	MOVLW      128
0x026D	0x0631      	XORWF      _afirst+1, 0
0x026E	0x0270      	SUBWF      R0, 0
0x026F	0x1D03      	BTFSS      STATUS, 2
0x0270	0x2A73      	GOTO       L__main30
0x0271	0x0830      	MOVF       _afirst, 0
0x0272	0x0232      	SUBWF      _ref, 0
L__main30:
0x0273	0x1803      	BTFSC      STATUS, 0
0x0274	0x2AF2      	GOTO       L_main7
0x0275	0x3080      	MOVLW      128
0x0276	0x0635      	XORWF      _asecond+1, 0
0x0277	0x00F0      	MOVWF      R0
0x0278	0x3080      	MOVLW      128
0x0279	0x0633      	XORWF      _ref+1, 0
0x027A	0x0270      	SUBWF      R0, 0
0x027B	0x1D03      	BTFSS      STATUS, 2
0x027C	0x2A7F      	GOTO       L__main31
0x027D	0x0832      	MOVF       _ref, 0
0x027E	0x0234      	SUBWF      _asecond, 0
L__main31:
0x027F	0x1803      	BTFSC      STATUS, 0
0x0280	0x2AF2      	GOTO       L_main7
L__main25:
;counter.c,36 :: 		while(afirst>ref){
L_main8:
0x0281	0x3080      	MOVLW      128
0x0282	0x0633      	XORWF      _ref+1, 0
0x0283	0x00F0      	MOVWF      R0
0x0284	0x3080      	MOVLW      128
0x0285	0x0631      	XORWF      _afirst+1, 0
0x0286	0x0270      	SUBWF      R0, 0
0x0287	0x1D03      	BTFSS      STATUS, 2
0x0288	0x2A8B      	GOTO       L__main32
0x0289	0x0830      	MOVF       _afirst, 0
0x028A	0x0232      	SUBWF      _ref, 0
L__main32:
0x028B	0x1803      	BTFSC      STATUS, 0
0x028C	0x2A9C      	GOTO       L_main9
;counter.c,37 :: 		afirst=ADC_Read(0);
0x028D	0x01D0      	CLRF       FARG_ADC_Read_channel
0x028E	0x2178      	CALL       _ADC_Read
0x028F	0x0870      	MOVF       R0, 0
0x0290	0x1283      	BCF        STATUS, 5
0x0291	0x00B0      	MOVWF      _afirst
0x0292	0x0871      	MOVF       R0+1, 0
0x0293	0x00B1      	MOVWF      _afirst+1
;counter.c,38 :: 		Lcd_Out(1,2,"2");
0x0294	0x3001      	MOVLW      1
0x0295	0x00D0      	MOVWF      FARG_Lcd_Out_row
0x0296	0x3002      	MOVLW      2
0x0297	0x00D1      	MOVWF      FARG_Lcd_Out_column
0x0298	0x302C      	MOVLW      ?lstr2_counter
0x0299	0x00D2      	MOVWF      FARG_Lcd_Out_text
0x029A	0x20CE      	CALL       _Lcd_Out
;counter.c,39 :: 		}
0x029B	0x2A81      	GOTO       L_main8
L_main9:
;counter.c,40 :: 		while(asecond<ref){
L_main10:
0x029C	0x3080      	MOVLW      128
0x029D	0x0635      	XORWF      _asecond+1, 0
0x029E	0x00F0      	MOVWF      R0
0x029F	0x3080      	MOVLW      128
0x02A0	0x0633      	XORWF      _ref+1, 0
0x02A1	0x0270      	SUBWF      R0, 0
0x02A2	0x1D03      	BTFSS      STATUS, 2
0x02A3	0x2AA6      	GOTO       L__main33
0x02A4	0x0832      	MOVF       _ref, 0
0x02A5	0x0234      	SUBWF      _asecond, 0
L__main33:
0x02A6	0x1803      	BTFSC      STATUS, 0
0x02A7	0x2AB8      	GOTO       L_main11
;counter.c,41 :: 		asecond=ADC_Read(1);
0x02A8	0x3001      	MOVLW      1
0x02A9	0x00D0      	MOVWF      FARG_ADC_Read_channel
0x02AA	0x2178      	CALL       _ADC_Read
0x02AB	0x0870      	MOVF       R0, 0
0x02AC	0x1283      	BCF        STATUS, 5
0x02AD	0x00B4      	MOVWF      _asecond
0x02AE	0x0871      	MOVF       R0+1, 0
0x02AF	0x00B5      	MOVWF      _asecond+1
;counter.c,42 :: 		Lcd_Out(1,2,"3");
0x02B0	0x3001      	MOVLW      1
0x02B1	0x00D0      	MOVWF      FARG_Lcd_Out_row
0x02B2	0x3002      	MOVLW      2
0x02B3	0x00D1      	MOVWF      FARG_Lcd_Out_column
0x02B4	0x302A      	MOVLW      ?lstr3_counter
0x02B5	0x00D2      	MOVWF      FARG_Lcd_Out_text
0x02B6	0x20CE      	CALL       _Lcd_Out
;counter.c,43 :: 		}
0x02B7	0x2A9C      	GOTO       L_main10
L_main11:
;counter.c,44 :: 		while(asecond>ref){
L_main12:
0x02B8	0x3080      	MOVLW      128
0x02B9	0x0633      	XORWF      _ref+1, 0
0x02BA	0x00F0      	MOVWF      R0
0x02BB	0x3080      	MOVLW      128
0x02BC	0x0635      	XORWF      _asecond+1, 0
0x02BD	0x0270      	SUBWF      R0, 0
0x02BE	0x1D03      	BTFSS      STATUS, 2
0x02BF	0x2AC2      	GOTO       L__main34
0x02C0	0x0834      	MOVF       _asecond, 0
0x02C1	0x0232      	SUBWF      _ref, 0
L__main34:
0x02C2	0x1803      	BTFSC      STATUS, 0
0x02C3	0x2AD4      	GOTO       L_main13
;counter.c,45 :: 		asecond=ADC_Read(1);
0x02C4	0x3001      	MOVLW      1
0x02C5	0x00D0      	MOVWF      FARG_ADC_Read_channel
0x02C6	0x2178      	CALL       _ADC_Read
0x02C7	0x0870      	MOVF       R0, 0
0x02C8	0x1283      	BCF        STATUS, 5
0x02C9	0x00B4      	MOVWF      _asecond
0x02CA	0x0871      	MOVF       R0+1, 0
0x02CB	0x00B5      	MOVWF      _asecond+1
;counter.c,46 :: 		Lcd_Out(1,2,"4");
0x02CC	0x3001      	MOVLW      1
0x02CD	0x00D0      	MOVWF      FARG_Lcd_Out_row
0x02CE	0x3002      	MOVLW      2
0x02CF	0x00D1      	MOVWF      FARG_Lcd_Out_column
0x02D0	0x302E      	MOVLW      ?lstr4_counter
0x02D1	0x00D2      	MOVWF      FARG_Lcd_Out_text
0x02D2	0x20CE      	CALL       _Lcd_Out
;counter.c,47 :: 		}
0x02D3	0x2AB8      	GOTO       L_main12
L_main13:
;counter.c,48 :: 		count=count+1;
0x02D4	0x0AA0      	INCF       _count, 1
0x02D5	0x1903      	BTFSC      STATUS, 2
0x02D6	0x0AA1      	INCF       _count+1, 1
;counter.c,49 :: 		IntToStr(count,x);
0x02D7	0x0820      	MOVF       _count, 0
0x02D8	0x00D0      	MOVWF      FARG_IntToStr_input
0x02D9	0x0821      	MOVF       _count+1, 0
0x02DA	0x00D1      	MOVWF      FARG_IntToStr_input+1
0x02DB	0x3036      	MOVLW      _x
0x02DC	0x00D2      	MOVWF      FARG_IntToStr_output
0x02DD	0x210E      	CALL       _IntToStr
;counter.c,50 :: 		Lcd_Out(2,2,x);
0x02DE	0x3002      	MOVLW      2
0x02DF	0x00D0      	MOVWF      FARG_Lcd_Out_row
0x02E0	0x3002      	MOVLW      2
0x02E1	0x00D1      	MOVWF      FARG_Lcd_Out_column
0x02E2	0x3036      	MOVLW      _x
0x02E3	0x00D2      	MOVWF      FARG_Lcd_Out_text
0x02E4	0x20CE      	CALL       _Lcd_Out
;counter.c,51 :: 		delay_ms(100);
0x02E5	0x3002      	MOVLW      2
0x02E6	0x00FB      	MOVWF      R11
0x02E7	0x3004      	MOVLW      4
0x02E8	0x00FC      	MOVWF      R12
0x02E9	0x30BA      	MOVLW      186
0x02EA	0x00FD      	MOVWF      R13
L_main14:
0x02EB	0x0BFD      	DECFSZ     R13, 1
0x02EC	0x2AEB      	GOTO       L_main14
0x02ED	0x0BFC      	DECFSZ     R12, 1
0x02EE	0x2AEB      	GOTO       L_main14
0x02EF	0x0BFB      	DECFSZ     R11, 1
0x02F0	0x2AEB      	GOTO       L_main14
0x02F1	0x0000      	NOP
;counter.c,52 :: 		}
L_main7:
;counter.c,55 :: 		if(afirst<ref && asecond>ref){
0x02F2	0x3080      	MOVLW      128
0x02F3	0x0631      	XORWF      _afirst+1, 0
0x02F4	0x00F0      	MOVWF      R0
0x02F5	0x3080      	MOVLW      128
0x02F6	0x0633      	XORWF      _ref+1, 0
0x02F7	0x0270      	SUBWF      R0, 0
0x02F8	0x1D03      	BTFSS      STATUS, 2
0x02F9	0x2AFC      	GOTO       L__main35
0x02FA	0x0832      	MOVF       _ref, 0
0x02FB	0x0230      	SUBWF      _afirst, 0
L__main35:
0x02FC	0x1803      	BTFSC      STATUS, 0
0x02FD	0x2B6E      	GOTO       L_main17
0x02FE	0x3080      	MOVLW      128
0x02FF	0x0633      	XORWF      _ref+1, 0
0x0300	0x00F0      	MOVWF      R0
0x0301	0x3080      	MOVLW      128
0x0302	0x0635      	XORWF      _asecond+1, 0
0x0303	0x0270      	SUBWF      R0, 0
0x0304	0x1D03      	BTFSS      STATUS, 2
0x0305	0x2B08      	GOTO       L__main36
0x0306	0x0834      	MOVF       _asecond, 0
0x0307	0x0232      	SUBWF      _ref, 0
L__main36:
0x0308	0x1803      	BTFSC      STATUS, 0
0x0309	0x2B6E      	GOTO       L_main17
L__main24:
;counter.c,56 :: 		while(asecond>ref){
L_main18:
0x030A	0x3080      	MOVLW      128
0x030B	0x0633      	XORWF      _ref+1, 0
0x030C	0x00F0      	MOVWF      R0
0x030D	0x3080      	MOVLW      128
0x030E	0x0635      	XORWF      _asecond+1, 0
0x030F	0x0270      	SUBWF      R0, 0
0x0310	0x1D03      	BTFSS      STATUS, 2
0x0311	0x2B14      	GOTO       L__main37
0x0312	0x0834      	MOVF       _asecond, 0
0x0313	0x0232      	SUBWF      _ref, 0
L__main37:
0x0314	0x1803      	BTFSC      STATUS, 0
0x0315	0x2B26      	GOTO       L_main19
;counter.c,57 :: 		asecond=ADC_Read(1);
0x0316	0x3001      	MOVLW      1
0x0317	0x00D0      	MOVWF      FARG_ADC_Read_channel
0x0318	0x2178      	CALL       _ADC_Read
0x0319	0x0870      	MOVF       R0, 0
0x031A	0x1283      	BCF        STATUS, 5
0x031B	0x00B4      	MOVWF      _asecond
0x031C	0x0871      	MOVF       R0+1, 0
0x031D	0x00B5      	MOVWF      _asecond+1
;counter.c,58 :: 		Lcd_Out(1,2,"5");
0x031E	0x3001      	MOVLW      1
0x031F	0x00D0      	MOVWF      FARG_Lcd_Out_row
0x0320	0x3002      	MOVLW      2
0x0321	0x00D1      	MOVWF      FARG_Lcd_Out_column
0x0322	0x3026      	MOVLW      ?lstr5_counter
0x0323	0x00D2      	MOVWF      FARG_Lcd_Out_text
0x0324	0x20CE      	CALL       _Lcd_Out
;counter.c,59 :: 		}
0x0325	0x2B0A      	GOTO       L_main18
L_main19:
;counter.c,60 :: 		while(afirst<ref){
L_main20:
0x0326	0x3080      	MOVLW      128
0x0327	0x0631      	XORWF      _afirst+1, 0
0x0328	0x00F0      	MOVWF      R0
0x0329	0x3080      	MOVLW      128
0x032A	0x0633      	XORWF      _ref+1, 0
0x032B	0x0270      	SUBWF      R0, 0
0x032C	0x1D03      	BTFSS      STATUS, 2
0x032D	0x2B30      	GOTO       L__main38
0x032E	0x0832      	MOVF       _ref, 0
0x032F	0x0230      	SUBWF      _afirst, 0
L__main38:
0x0330	0x1803      	BTFSC      STATUS, 0
0x0331	0x2B41      	GOTO       L_main21
;counter.c,61 :: 		afirst=ADC_Read(0);
0x0332	0x01D0      	CLRF       FARG_ADC_Read_channel
0x0333	0x2178      	CALL       _ADC_Read
0x0334	0x0870      	MOVF       R0, 0
0x0335	0x1283      	BCF        STATUS, 5
0x0336	0x00B0      	MOVWF      _afirst
0x0337	0x0871      	MOVF       R0+1, 0
0x0338	0x00B1      	MOVWF      _afirst+1
;counter.c,62 :: 		Lcd_Out(1,2,"6");
0x0339	0x3001      	MOVLW      1
0x033A	0x00D0      	MOVWF      FARG_Lcd_Out_row
0x033B	0x3002      	MOVLW      2
0x033C	0x00D1      	MOVWF      FARG_Lcd_Out_column
0x033D	0x3024      	MOVLW      ?lstr6_counter
0x033E	0x00D2      	MOVWF      FARG_Lcd_Out_text
0x033F	0x20CE      	CALL       _Lcd_Out
;counter.c,63 :: 		}
0x0340	0x2B26      	GOTO       L_main20
L_main21:
;counter.c,64 :: 		while(afirst>ref){
L_main22:
0x0341	0x3080      	MOVLW      128
0x0342	0x0633      	XORWF      _ref+1, 0
0x0343	0x00F0      	MOVWF      R0
0x0344	0x3080      	MOVLW      128
0x0345	0x0631      	XORWF      _afirst+1, 0
0x0346	0x0270      	SUBWF      R0, 0
0x0347	0x1D03      	BTFSS      STATUS, 2
0x0348	0x2B4B      	GOTO       L__main39
0x0349	0x0830      	MOVF       _afirst, 0
0x034A	0x0232      	SUBWF      _ref, 0
L__main39:
0x034B	0x1803      	BTFSC      STATUS, 0
0x034C	0x2B5C      	GOTO       L_main23
;counter.c,65 :: 		afirst=ADC_Read(0);
0x034D	0x01D0      	CLRF       FARG_ADC_Read_channel
0x034E	0x2178      	CALL       _ADC_Read
0x034F	0x0870      	MOVF       R0, 0
0x0350	0x1283      	BCF        STATUS, 5
0x0351	0x00B0      	MOVWF      _afirst
0x0352	0x0871      	MOVF       R0+1, 0
0x0353	0x00B1      	MOVWF      _afirst+1
;counter.c,66 :: 		Lcd_Out(1,2,"7");
0x0354	0x3001      	MOVLW      1
0x0355	0x00D0      	MOVWF      FARG_Lcd_Out_row
0x0356	0x3002      	MOVLW      2
0x0357	0x00D1      	MOVWF      FARG_Lcd_Out_column
0x0358	0x3028      	MOVLW      ?lstr7_counter
0x0359	0x00D2      	MOVWF      FARG_Lcd_Out_text
0x035A	0x20CE      	CALL       _Lcd_Out
;counter.c,67 :: 		}
0x035B	0x2B41      	GOTO       L_main22
L_main23:
;counter.c,68 :: 		count=count-1;
0x035C	0x3001      	MOVLW      1
0x035D	0x02A0      	SUBWF      _count, 1
0x035E	0x1C03      	BTFSS      STATUS, 0
0x035F	0x03A1      	DECF       _count+1, 1
;counter.c,69 :: 		IntToStr(count,x);
0x0360	0x0820      	MOVF       _count, 0
0x0361	0x00D0      	MOVWF      FARG_IntToStr_input
0x0362	0x0821      	MOVF       _count+1, 0
0x0363	0x00D1      	MOVWF      FARG_IntToStr_input+1
0x0364	0x3036      	MOVLW      _x
0x0365	0x00D2      	MOVWF      FARG_IntToStr_output
0x0366	0x210E      	CALL       _IntToStr
;counter.c,70 :: 		Lcd_Out(2,2,x);
0x0367	0x3002      	MOVLW      2
0x0368	0x00D0      	MOVWF      FARG_Lcd_Out_row
0x0369	0x3002      	MOVLW      2
0x036A	0x00D1      	MOVWF      FARG_Lcd_Out_column
0x036B	0x3036      	MOVLW      _x
0x036C	0x00D2      	MOVWF      FARG_Lcd_Out_text
0x036D	0x20CE      	CALL       _Lcd_Out
;counter.c,74 :: 		}
L_main17:
;counter.c,78 :: 		}
0x036E	0x2A28      	GOTO       L_main0
;counter.c,79 :: 		}
L_end_main:
0x036F	0x2B6F      	GOTO       $+0
; end of _main
Symbol List:
//** Routines locations **
//ADDRESS    SIZE    PROCEDURE
//----------------------------------------------
0x0003       [7]    _Delay_50us
0x000A      [13]    _Delay_5500us
0x0017       [3]    _Delay_1us
0x001A      [64]    _Lcd_Cmd
0x005A      [29]    _Div_16x16_U
0x0077       [8]    _Lcd_Chr_CP
0x007F       [7]    _____DoICP
0x0086      [64]    _WordToStr
0x00C6       [8]    _Delay_22us
0x00CE      [64]    _Lcd_Out
0x010E     [106]    _IntToStr
0x0178      [36]    _ADC_Read
0x019C      [78]    _Lcd_Init
0x01EA      [12]    ___CC2DW
0x01F6      [18]    _ADC_Init
0x0208     [360]    _main
//** Variables locations ** 
//ADDRESS    SIZE    VARIABLE
//----------------------------------------------
0x0000       [1]    INDF
0x0002       [1]    PCL
0x0003       [1]    STATUS
0x0004       [1]    FSR
0x0006       [0]    LCD_D4
0x0006       [0]    RB4_bit
0x0006       [0]    LCD_D5
0x0006       [0]    RB0_bit
0x0006       [0]    RB3_bit
0x0006       [0]    RB2_bit
0x0006       [0]    RB1_bit
0x0006       [0]    RB5_bit
0x0006       [0]    LCD_D7
0x0006       [0]    LCD_EN
0x0006       [0]    LCD_RS
0x0006       [0]    LCD_D6
0x000A       [1]    PCLATH
0x001E       [1]    ADRESH
0x001F       [1]    ADCON0
0x0020       [2]    _count
0x0022       [2]    ?lstr1_counter
0x0024       [2]    ?lstr6_counter
0x0026       [2]    ?lstr5_counter
0x0028       [2]    ?lstr7_counter
0x002A       [2]    ?lstr3_counter
0x002C       [2]    ?lstr2_counter
0x002E       [2]    ?lstr4_counter
0x0030       [2]    _afirst
0x0032       [2]    _ref
0x0034       [2]    _asecond
0x0036      [20]    _x
0x004A       [2]    ___DoICPAddr
0x004C       [0]    __Lib_Lcd_cmd_status
0x004D       [3]    _ADC_Get_Sample_Ptr
0x0050       [1]    FARG_Lcd_Out_row
0x0050       [2]    FARG_IntToStr_input
0x0050       [1]    FARG_ADC_Read_channel
0x0051       [1]    FARG_Lcd_Out_column
0x0052       [1]    FARG_Lcd_Out_text
0x0052       [1]    FARG_IntToStr_output
0x0053       [1]    Lcd_Out_i_L0
0x0053       [2]    IntToStr_i_L0
0x0055       [2]    IntToStr_negative_L0
0x0057       [2]    IntToStr_inword_L0
0x0059       [2]    FARG_WordToStr_input
0x0059       [1]    FARG_Lcd_Chr_CP_out_char
0x005B       [1]    FARG_WordToStr_output
0x005C       [1]    WordToStr_len_L0
0x005D       [1]    FLOC__WordToStr
0x005E       [1]    FARG_Lcd_Cmd_out_char
0x0070       [1]    R0
0x0071       [1]    R1
0x0072       [1]    R2
0x0073       [1]    R3
0x0074       [1]    R4
0x0075       [1]    R5
0x0076       [1]    R6
0x0077       [1]    R7
0x0078       [1]    R8
0x0079       [1]    R9
0x007A       [1]    R10
0x007B       [1]    R11
0x007C       [1]    R12
0x007D       [1]    R13
0x007E       [1]    R14
0x007F       [1]    R15
0x0086       [0]    TRISB4_bit
0x0086       [0]    LCD_D5_Direction
0x0086       [0]    LCD_D4_Direction
0x0086       [0]    TRISB1_bit
0x0086       [0]    TRISB0_bit
0x0086       [0]    TRISB3_bit
0x0086       [0]    TRISB2_bit
0x0086       [0]    LCD_RS_Direction
0x0086       [0]    LCD_EN_Direction
0x0086       [0]    TRISB5_bit
0x0086       [0]    LCD_D6_Direction
0x0086       [0]    LCD_D7_Direction
0x009E       [1]    ADRESL
0x009F       [1]    ADCON1
//** Label List: ** 
//----------------------------------------------
  L_main0
  L_main1
  L_main2
  L_main3
  L_main4
  L_main5
  L_main6
  L_main7
  L_main8
  L_main9
  L_main10
  L_main11
  L_main12
  L_main13
  L_main14
  L_main15
  L_main16
  L_main17
  L_main18
  L_main19
  L_main20
  L_main21
  L_main22
  L_main23
  L__main24
  L__main25
  L__main26
  L_end_main
  _main
  L__main28
  L__main29
  L__main30
  L__main31
  L__main32
  L__main33
  L__main34
  L__main35
  L__main36
  L__main37
  L__main38
  L__main39
  L_ADC_Get_Sample0
  L_ADC_Get_Sample1
  L_ADC_Read2
  L_ADC_Read3
  L_end_ADC_Init
  _ADC_Init
  L_end_ADC_Get_Sample
  _ADC_Get_Sample
  L_end_ADC_Read
  _ADC_Read
  L_ByteToStr0
  L_ByteToStr1
  L_ByteToStr2
  L_ByteToStr3
  L_ByteToStr4
  L_ByteToStr5
  L_WordToStr6
  L_WordToStr7
  L_WordToStr8
  L_WordToStr9
  L_WordToStr10
  L_WordToStr11
  L_WordToStrWithZeros12
  L_WordToStrWithZeros13
  L_WordToStrWithZeros14
  L_WordToStrWithZeros15
  L_WordToStrWithZeros16
  L_ShortToStr17
  L_ShortToStr18
  L_ShortToStr19
  L_ShortToStr20
  L_ShortToStr21
  L_ShortToStr22
  L_IntToStr23
  L_IntToStr24
  L_IntToStr25
  L_IntToStr26
  L_IntToStr27
  L_IntToStr28
  L_IntToStrWithZeros29
  L_IntToStrWithZeros30
  L_IntToStrWithZeros31
  L_IntToStrWithZeros32
  L_IntToStrWithZeros33
  L_IntToStrWithZeros34
  L_IntToStrWithZeros35
  L_IntToStrWithZeros36
  L_IntToStrWithZeros37
  L_LongWordToStr38
  L_LongWordToStr39
  L_LongWordToStr40
  L_LongWordToStr41
  L_LongWordToStr42
  L_LongWordToStr43
  L_LongWordToStrWithZeros44
  L_LongWordToStrWithZeros45
  L_LongWordToStrWithZeros46
  L_LongWordToStrWithZeros47
  L_LongWordToStrWithZeros48
  L_LongToStr49
  L_LongToStr50
  L_LongToStr51
  L_LongToStr52
  L_LongToStr53
  L_LongToStr54
  L_LongIntToStrWithZeros55
  L_LongIntToStrWithZeros56
  L_LongIntToStrWithZeros57
  L_LongIntToStrWithZeros58
  L_LongIntToStrWithZeros59
  L_LongIntToStrWithZeros60
  L_LongIntToStrWithZeros61
  L_LongIntToStrWithZeros62
  L_LongIntToStrWithZeros63
  L_Dec2Bcd64
  L_Dec2Bcd65
  L_Rtrim66
  L_Rtrim67
  L_Rtrim68
  L_Rtrim69
  L_Ltrim70
  L_Ltrim71
  L_Ltrim72
  L_Ltrim73
  L_Ltrim74
  L_Ltrim75
  L_FloatToStr76
  L_FloatToStr77
  L_FloatToStr78
  L_FloatToStr79
  L_FloatToStr80
  L_FloatToStr81
  L_FloatToStr82
  L_FloatToStr83
  L_FloatToStr84
  L_FloatToStr85
  L_FloatToStr86
  L_FloatToStr87
  L_FloatToStr88
  L_FloatToStr89
  L_FloatToStr90
  L_FloatToStr91
  L_FloatToStr92
  L_FloatToStr93
  L_FloatToStr94
  L_FloatToStr95
  L_FloatToStr96
  L_FloatToStr97
  L__Rtrim98
  L__Ltrim99
  L__FloatToStr100
  L_end_ByteToHex
  _ByteToHex
  L_end_ShortToHex
  _ShortToHex
  L_end_WordToHex
  _WordToHex
  L_end_IntToHex
  _IntToHex
  L_end_LongWordToHex
  _LongWordToHex
  L_end_LongIntToHex
  _LongIntToHex
  L_end_ByteToStr
  _ByteToStr
  L_end_WordToStr
  _WordToStr
  L__WordToStr109
  L_end_WordToStrWithZeros
  _WordToStrWithZeros
  L__WordToStrWithZeros111
  L_end_ShortToStr
  _ShortToStr
  L__ShortToStr113
  L_end_IntToStr
  _IntToStr
  L__IntToStr115
  L__IntToStr116
  L_end_IntToStrWithZeros
  _IntToStrWithZeros
  L__IntToStrWithZeros118
  L__IntToStrWithZeros119
  L__IntToStrWithZeros120
  L_end_LongWordToStr
  _LongWordToStr
  L__LongWordToStr122
  L__LongWordToStr123
  L_end_LongWordToStrWithZeros
  _LongWordToStrWithZeros
  L__LongWordToStrWithZeros125
  L_end_LongToStr
  _LongToStr
  L__LongToStr127
  L__LongToStr128
  L_end_LongIntToStrWithZeros
  _LongIntToStrWithZeros
  L__LongIntToStrWithZeros130
  L__LongIntToStrWithZeros131
  L__LongIntToStrWithZeros132
  L_end_Dec2Bcd
  _Dec2Bcd
  L_end_Bcd2Dec
  _Bcd2Dec
  L_end_Bcd2Dec16
  _Bcd2Dec16
  L__Bcd2Dec16136
  L__Bcd2Dec16137
  L_end_Dec2Bcd16
  _Dec2Bcd16
  L__Dec2Bcd16139
  L__Dec2Bcd16140
  L_end_Rtrim
  _Rtrim
  L_end_Ltrim
  _Ltrim
  L_end_FloatToStr
  _FloatToStr
  L__FloatToStr144
  L__FloatToStr145
  L__FloatToStr146
  L__FloatToStr147
  L__FloatToStr148
  L_Delay_10us0
  L_Delay_22us1
  L_Delay_50us2
  L_Delay_80us3
  L_Delay_500us4
  L_Delay_5500us5
  L_Delay_1ms6
  L_Delay_5ms7
  L_Delay_8ms8
  L_Delay_10ms9
  L_Delay_100ms10
  L_Delay_1sec11
  L_boot16_Delay_5ms12
  L_Delay_Cyc13
  L_Delay_Cyc14
  L_VDelay_ms15
  L_VDelay_ms16
  L_VDelay_ms17
  L_VDelay_Advanced_ms18
  L_VDelay_Advanced_ms19
  L_VDelay_Advanced_ms20
  L_end_Get_Fosc_kHz
  _Get_Fosc_kHz
  L_end_Delay_1us
  _Delay_1us
  L_end_Delay_10us
  _Delay_10us
  L_end_Delay_22us
  _Delay_22us
  L_end_Delay_50us
  _Delay_50us
  L_end_Delay_80us
  _Delay_80us
  L_end_Delay_500us
  _Delay_500us
  L_end_Delay_5500us
  _Delay_5500us
  L_end_Delay_1ms
  _Delay_1ms
  L_end_Delay_5ms
  _Delay_5ms
  L_end_Delay_8ms
  _Delay_8ms
  L_end_Delay_10ms
  _Delay_10ms
  L_end_Delay_100ms
  _Delay_100ms
  L_end_Delay_1sec
  _Delay_1sec
  L_end_boot16_Delay_5ms
  _boot16_Delay_5ms
  L_end_Delay_Cyc
  _Delay_Cyc
  L_end_VDelay_ms
  _VDelay_ms
  L__VDelay_ms38
  L__VDelay_ms39
  L__VDelay_ms40
  L_end_VDelay_Advanced_ms
  _VDelay_Advanced_ms
  L__VDelay_Advanced_ms42
  L__VDelay_Advanced_ms43
  L__VDelay_Advanced_ms44
  L_Lcd_Cmd0
  L_Lcd_Cmd1
  L_Lcd_Out_CP2
  L_Lcd_Out_CP3
  L_Lcd_Chr4
  L_Lcd_Chr5
  L_Lcd_Chr6
  L_Lcd_Chr7
  L_Lcd_Chr8
  L_Lcd_Chr9
  L_Lcd_Chr10
  L_Lcd_Out11
  L_Lcd_Out12
  L_Lcd_Out13
  L_Lcd_Out14
  L_Lcd_Out15
  L_Lcd_Out16
  L_Lcd_Out17
  L_Lcd_Out18
  L_Lcd_Out19
  L_end_Lcd_Cmd
  _Lcd_Cmd
  L__Lcd_Cmd21
  L__Lcd_Cmd22
  L__Lcd_Cmd23
  L__Lcd_Cmd24
  L__Lcd_Cmd25
  L__Lcd_Cmd26
  L__Lcd_Cmd27
  L__Lcd_Cmd28
  L__Lcd_Cmd29
  L__Lcd_Cmd30
  L__Lcd_Cmd31
  L__Lcd_Cmd32
  L__Lcd_Cmd33
  L__Lcd_Cmd34
  L__Lcd_Cmd35
  L__Lcd_Cmd36
  L__Lcd_Cmd37
  L__Lcd_Cmd38
  L__Lcd_Cmd39
  L__Lcd_Cmd40
  L_end_Lcd_Chr_CP
  _Lcd_Chr_CP
  L_end_Lcd_Out_CP
  _Lcd_Out_CP
  L_end_Lcd_Chr
  _Lcd_Chr
  L_end_Lcd_Init
  _Lcd_Init
  L_end_Lcd_Out
  _Lcd_Out
  L_Div_16x16_S0
  L_Div_16x16_S1
  LOOPS3232A
  SADD22LA
  SOK22LA
  SADD22L8
  SOK22L8
  LOOPS3232B
  SADD22LB
  SOK22LB
  SADD22L16
  SOK22L16
  LOOPS3232C
  SADD22LC
  SOK22LC
  SADD22L24
  SOK22L24
  LOOPS3232D
  SADD22LD
  SOK22LD
  SOK22L
  L_Div_32x32_S6
  L_Div_32x32_S7
  L_Div_32x32_S8
  L_Div_32x32_S9
  FXD3232S
  END_ALL
  CA3232S
  C3232SX
  C3232SX1
  C3232S
  C3232S2
  C3232SX4
  C3232SOK
  C3232SX3
  C3232SX2
  avoid_comfrem
  LOOPU3232A
  UADD22LA
  UOK22LA
  UADD22L8
  UOK22L8
  LOOPU3232B
  UADD22LB
  UOK22LB
  UADD22L16
  UOK22L16
  LOOPU3232C
  UADD22LC
  UOK22LC
  UADD22L24
  UOK22L24
  LOOPU3232D
  UADD22LD
  UOK22LD
  UOK22L
  _NEXT
  _EXIT2
  _LOOP
  _EXIT1
  _IF_FIRST
  _IF_SECOND
  _INVERCE_FIRST
  _MULT
  _INBERSE_SECOND
  _EXIT
  L_end_Mul_8x8_U
  _Mul_8x8_U
  L_end_Mul_16x16_U
  _Mul_16x16_U
  L_end_Div_8x8_U
  _Div_8x8_U
  L_end_Div_16x16_U
  _Div_16x16_U
  L_end_Mul_8x8_S
  _Mul_8x8_S
  L_end_Mul_16x16_S
  _Mul_16x16_S
  L_end_Div_16x16_S_L
  _Div_16x16_S_L
  L_end_Div_16x16_S
  _Div_16x16_S
  L_end_Div_8x8_S
  _Div_8x8_S
  L_end_SDIV3232L
  _SDIV3232L
  L_end_COMFREM
  _COMFREM
  L_end_Div_32x32_S
  _Div_32x32_S
  L_end_Div_32x32_U
  _Div_32x32_U
  L_end_Mul_32x32_U
  _Mul_32x32_U
  L_end_Mul_32x32_S
  _Mul_32x32_S
  L_loopCA2AWs
  L_CA2AWend
  _CCA2AW_Loop1
  L_loopCS2Ss
  L_CS2Send
  _CCS2S_Loop1
  L_CCS2Send
  L_loopFZinSWs
  L_FZinSend
  _CC2D_Loop1
  L_end_____DoICP
  _____DoICP
  L_end_____DoIFC
  _____DoIFC
  L_end___CA2AW
  ___CA2AW
  L_end___CCA2AW
  ___CCA2AW
  L_end___CS2S
  ___CS2S
  L_end___CCS2S
  ___CCS2S
  L_end___FZinS
  ___FZinS
  L_end___CC2DW
  ___CC2DW
  L_end_Swap
  _Swap
